10-Nov-2018 14:00:08.540 INFO [main] org.apache.catalina.startup.VersionLoggerListener.log Server version:        Apache Tomcat/9.0.11
10-Nov-2018 14:00:08.552 INFO [main] org.apache.catalina.startup.VersionLoggerListener.log Server built:          Aug 11 2018 19:47:23 UTC
10-Nov-2018 14:00:08.553 INFO [main] org.apache.catalina.startup.VersionLoggerListener.log Server number:         9.0.11.0
10-Nov-2018 14:00:08.554 INFO [main] org.apache.catalina.startup.VersionLoggerListener.log OS Name:               Windows 10
10-Nov-2018 14:00:08.554 INFO [main] org.apache.catalina.startup.VersionLoggerListener.log OS Version:            10.0
10-Nov-2018 14:00:08.555 INFO [main] org.apache.catalina.startup.VersionLoggerListener.log Architecture:          amd64
10-Nov-2018 14:00:08.555 INFO [main] org.apache.catalina.startup.VersionLoggerListener.log Java Home:             C:\Program Files\Java\jdk1.8.0_161\jre
10-Nov-2018 14:00:08.555 INFO [main] org.apache.catalina.startup.VersionLoggerListener.log JVM Version:           1.8.0_161-b12
10-Nov-2018 14:00:08.555 INFO [main] org.apache.catalina.startup.VersionLoggerListener.log JVM Vendor:            Oracle Corporation
10-Nov-2018 14:00:08.555 INFO [main] org.apache.catalina.startup.VersionLoggerListener.log CATALINA_BASE:         F:\apache-tomcat-9.0.11
10-Nov-2018 14:00:08.562 INFO [main] org.apache.catalina.startup.VersionLoggerListener.log CATALINA_HOME:         F:\apache-tomcat-9.0.11
10-Nov-2018 14:00:08.563 INFO [main] org.apache.catalina.startup.VersionLoggerListener.log Command line argument: -Djava.util.logging.config.file=F:\apache-tomcat-9.0.11\conf\logging.properties
10-Nov-2018 14:00:08.564 INFO [main] org.apache.catalina.startup.VersionLoggerListener.log Command line argument: -Djava.util.logging.manager=org.apache.juli.ClassLoaderLogManager
10-Nov-2018 14:00:08.564 INFO [main] org.apache.catalina.startup.VersionLoggerListener.log Command line argument: -Dhttp.nonProxyHosts=localhost|127.0.0.1|DESKTOP-4RNQ7FA
10-Nov-2018 14:00:08.564 INFO [main] org.apache.catalina.startup.VersionLoggerListener.log Command line argument: -Djdk.tls.ephemeralDHKeySize=2048
10-Nov-2018 14:00:08.565 INFO [main] org.apache.catalina.startup.VersionLoggerListener.log Command line argument: -Djava.protocol.handler.pkgs=org.apache.catalina.webresources
10-Nov-2018 14:00:08.566 INFO [main] org.apache.catalina.startup.VersionLoggerListener.log Command line argument: -agentlib:jdwp=transport=dt_shmem,address=tomcat_shared_memory_id,server=y,suspend=n
10-Nov-2018 14:00:08.566 INFO [main] org.apache.catalina.startup.VersionLoggerListener.log Command line argument: -Dignore.endorsed.dirs=
10-Nov-2018 14:00:08.566 INFO [main] org.apache.catalina.startup.VersionLoggerListener.log Command line argument: -Dcatalina.base=F:\apache-tomcat-9.0.11
10-Nov-2018 14:00:08.567 INFO [main] org.apache.catalina.startup.VersionLoggerListener.log Command line argument: -Dcatalina.home=F:\apache-tomcat-9.0.11
10-Nov-2018 14:00:08.567 INFO [main] org.apache.catalina.startup.VersionLoggerListener.log Command line argument: -Djava.io.tmpdir=F:\apache-tomcat-9.0.11\temp
10-Nov-2018 14:00:08.567 INFO [main] org.apache.catalina.core.AprLifecycleListener.lifecycleEvent The APR based Apache Tomcat Native library which allows optimal performance in production environments was not found on the java.library.path: [C:\Program Files\Java\jdk1.8.0_161\bin;C:\Windows\Sun\Java\bin;C:\Windows\system32;C:\Windows;C:\Program Files\Java\jdk1.8.0_161\bin;C:\ProgramData\Oracle\Java\javapath;C:\Windows\system32;C:\Windows;C:\Windows\System32\Wbem;C:\Windows\System32\WindowsPowerShell\v1.0\;C:\Windows\System32\OpenSSH\;C:\Program Files\Microsoft SQL Server\Client SDK\ODBC\130\Tools\Binn\;C:\Program Files (x86)\Microsoft SQL Server\140\Tools\Binn\;C:\Program Files\Microsoft SQL Server\140\Tools\Binn\;C:\Program Files\Microsoft SQL Server\140\DTS\Binn\;C:\Program Files (x86)\Microsoft SQL Server\Client SDK\ODBC\130\Tools\Binn\;C:\Program Files (x86)\Microsoft SQL Server\140\DTS\Binn\;C:\Program Files (x86)\Microsoft SQL Server\140\Tools\Binn\ManagementStudio\;C:\TDM-GCC-64\bin;C:\Program Files\CMake\bin;C:\Windows\system32\config\systemprofile\.dnx\bin;C:\Program Files\Microsoft DNX\Dnvm\;C:\Program Files (x86)\Windows Kits\8.1\Windows Performance Toolkit\;C:\Program Files\Microsoft SQL Server\120\Tools\Binn\;C:\Users\Thuy Tran\AppData\Local\Microsoft\WindowsApps;;.]
10-Nov-2018 14:00:09.867 INFO [main] org.apache.coyote.AbstractProtocol.init Initializing ProtocolHandler ["http-nio-8080"]
10-Nov-2018 14:00:11.567 INFO [main] org.apache.tomcat.util.net.NioSelectorPool.getSharedSelector Using a shared selector for servlet write/read
10-Nov-2018 14:00:11.647 INFO [main] org.apache.coyote.AbstractProtocol.init Initializing ProtocolHandler ["ajp-nio-8009"]
10-Nov-2018 14:00:11.654 INFO [main] org.apache.tomcat.util.net.NioSelectorPool.getSharedSelector Using a shared selector for servlet write/read
10-Nov-2018 14:00:11.656 INFO [main] org.apache.catalina.startup.Catalina.load Initialization processed in 4633 ms
10-Nov-2018 14:00:11.837 INFO [main] org.apache.catalina.core.StandardService.startInternal Starting service [Catalina]
10-Nov-2018 14:00:11.838 INFO [main] org.apache.catalina.core.StandardEngine.startInternal Starting Servlet Engine: Apache Tomcat/9.0.11
10-Nov-2018 14:00:11.914 INFO [main] org.apache.catalina.startup.HostConfig.deployDescriptor Deploying deployment descriptor [F:\apache-tomcat-9.0.11\conf\Catalina\localhost\demo1.xml]
10-Nov-2018 14:00:12.222 WARNING [main] org.apache.catalina.startup.HostConfig.deployDescriptor The path attribute with value [/demo1] in deployment descriptor [F:\apache-tomcat-9.0.11\conf\Catalina\localhost\demo1.xml] has been ignored
10-Nov-2018 14:00:24.985 INFO [main] org.apache.jasper.servlet.TldScanner.scanJars At least one JAR was scanned for TLDs yet contained no TLDs. Enable debug logging for this logger for a complete list of JARs that were scanned but no TLDs were found in them. Skipping unneeded JARs during scanning can improve startup time and JSP compilation time.
10-Nov-2018 14:00:25.571 INFO [main] org.springframework.web.context.ContextLoader.initWebApplicationContext Root WebApplicationContext: initialization started
10-Nov-2018 14:00:26.317 INFO [main] org.springframework.context.support.AbstractApplicationContext.prepareRefresh Refreshing Root WebApplicationContext: startup date [Sat Nov 10 14:00:26 ICT 2018]; root of context hierarchy
10-Nov-2018 14:00:26.813 INFO [main] org.springframework.beans.factory.xml.XmlBeanDefinitionReader.loadBeanDefinitions Loading XML bean definitions from ServletContext resource [/WEB-INF/applicationContext.xml]
10-Nov-2018 14:00:28.037 INFO [main] org.springframework.web.context.ContextLoader.initWebApplicationContext Root WebApplicationContext: initialization completed in 2465 ms
10-Nov-2018 14:00:28.213 INFO [main] org.springframework.web.servlet.FrameworkServlet.initServletBean FrameworkServlet 'dispatcher': initialization started
10-Nov-2018 14:00:28.234 INFO [main] org.springframework.context.support.AbstractApplicationContext.prepareRefresh Refreshing WebApplicationContext for namespace 'dispatcher-servlet': startup date [Sat Nov 10 14:00:28 ICT 2018]; parent: Root WebApplicationContext
10-Nov-2018 14:00:28.246 INFO [main] org.springframework.beans.factory.xml.XmlBeanDefinitionReader.loadBeanDefinitions Loading XML bean definitions from ServletContext resource [/WEB-INF/dispatcher-servlet.xml]
10-Nov-2018 14:00:28.945 INFO [main] org.springframework.web.servlet.handler.AbstractUrlHandlerMapping.registerHandler Mapped URL path [/index.htm] onto handler 'indexController'
10-Nov-2018 14:00:29.224 INFO [main] org.springframework.web.servlet.FrameworkServlet.initServletBean FrameworkServlet 'dispatcher': initialization completed in 1010 ms
10-Nov-2018 14:00:29.297 INFO [main] org.apache.catalina.startup.HostConfig.deployDescriptor Deployment of deployment descriptor [F:\apache-tomcat-9.0.11\conf\Catalina\localhost\demo1.xml] has finished in [17,381] ms
10-Nov-2018 14:00:29.297 INFO [main] org.apache.catalina.startup.HostConfig.deployDescriptor Deploying deployment descriptor [F:\apache-tomcat-9.0.11\conf\Catalina\localhost\test.xml]
10-Nov-2018 14:00:29.313 WARNING [main] org.apache.catalina.startup.HostConfig.deployDescriptor The path attribute with value [/test] in deployment descriptor [F:\apache-tomcat-9.0.11\conf\Catalina\localhost\test.xml] has been ignored
10-Nov-2018 14:00:29.529 INFO [main] org.apache.catalina.startup.HostConfig.deployDescriptor Deployment of deployment descriptor [F:\apache-tomcat-9.0.11\conf\Catalina\localhost\test.xml] has finished in [232] ms
10-Nov-2018 14:00:29.530 INFO [main] org.apache.catalina.startup.HostConfig.deployDescriptor Deploying deployment descriptor [F:\apache-tomcat-9.0.11\conf\Catalina\localhost\WebApplication1.xml]
10-Nov-2018 14:00:29.539 WARNING [main] org.apache.catalina.startup.HostConfig.deployDescriptor The path attribute with value [/WebApplication1] in deployment descriptor [F:\apache-tomcat-9.0.11\conf\Catalina\localhost\WebApplication1.xml] has been ignored
10-Nov-2018 14:00:36.937 INFO [main] org.apache.jasper.servlet.TldScanner.scanJars At least one JAR was scanned for TLDs yet contained no TLDs. Enable debug logging for this logger for a complete list of JARs that were scanned but no TLDs were found in them. Skipping unneeded JARs during scanning can improve startup time and JSP compilation time.
10-Nov-2018 14:00:37.118 INFO [main] org.springframework.web.context.ContextLoader.initWebApplicationContext Root WebApplicationContext: initialization started
10-Nov-2018 14:00:37.661 INFO [main] org.springframework.context.support.AbstractApplicationContext.prepareRefresh Refreshing Root WebApplicationContext: startup date [Sat Nov 10 14:00:37 ICT 2018]; root of context hierarchy
10-Nov-2018 14:00:38.065 INFO [main] org.springframework.beans.factory.xml.XmlBeanDefinitionReader.loadBeanDefinitions Loading XML bean definitions from ServletContext resource [/WEB-INF/applicationContext.xml]
10-Nov-2018 14:00:38.455 INFO [main] org.springframework.web.context.ContextLoader.initWebApplicationContext Root WebApplicationContext: initialization completed in 1336 ms
10-Nov-2018 14:00:38.563 INFO [main] org.springframework.web.servlet.FrameworkServlet.initServletBean FrameworkServlet 'dispatcher': initialization started
10-Nov-2018 14:00:38.579 INFO [main] org.springframework.context.support.AbstractApplicationContext.prepareRefresh Refreshing WebApplicationContext for namespace 'dispatcher-servlet': startup date [Sat Nov 10 14:00:38 ICT 2018]; parent: Root WebApplicationContext
10-Nov-2018 14:00:38.584 INFO [main] org.springframework.beans.factory.xml.XmlBeanDefinitionReader.loadBeanDefinitions Loading XML bean definitions from ServletContext resource [/WEB-INF/dispatcher-servlet.xml]
10-Nov-2018 14:00:39.200 INFO [main] org.springframework.web.servlet.handler.AbstractUrlHandlerMapping.registerHandler Mapped URL path [/index.htm] onto handler 'indexController'
10-Nov-2018 14:00:39.464 INFO [main] org.springframework.web.servlet.FrameworkServlet.initServletBean FrameworkServlet 'dispatcher': initialization completed in 899 ms
10-Nov-2018 14:00:39.470 INFO [main] org.apache.catalina.startup.HostConfig.deployDescriptor Deployment of deployment descriptor [F:\apache-tomcat-9.0.11\conf\Catalina\localhost\WebApplication1.xml] has finished in [9,939] ms
10-Nov-2018 14:00:39.475 INFO [main] org.apache.catalina.startup.HostConfig.deployDirectory Deploying web application directory [F:\apache-tomcat-9.0.11\webapps\docs]
10-Nov-2018 14:00:39.595 INFO [main] org.apache.catalina.startup.HostConfig.deployDirectory Deployment of web application directory [F:\apache-tomcat-9.0.11\webapps\docs] has finished in [119] ms
10-Nov-2018 14:00:39.595 INFO [main] org.apache.catalina.startup.HostConfig.deployDirectory Deploying web application directory [F:\apache-tomcat-9.0.11\webapps\examples]
10-Nov-2018 14:00:43.262 INFO [main] org.apache.catalina.startup.HostConfig.deployDirectory Deployment of web application directory [F:\apache-tomcat-9.0.11\webapps\examples] has finished in [3,666] ms
10-Nov-2018 14:00:43.266 INFO [main] org.apache.catalina.startup.HostConfig.deployDirectory Deploying web application directory [F:\apache-tomcat-9.0.11\webapps\host-manager]
10-Nov-2018 14:00:43.488 INFO [main] org.apache.catalina.startup.HostConfig.deployDirectory Deployment of web application directory [F:\apache-tomcat-9.0.11\webapps\host-manager] has finished in [224] ms
10-Nov-2018 14:00:43.488 INFO [main] org.apache.catalina.startup.HostConfig.deployDirectory Deploying web application directory [F:\apache-tomcat-9.0.11\webapps\manager]
10-Nov-2018 14:00:43.622 INFO [main] org.apache.catalina.startup.HostConfig.deployDirectory Deployment of web application directory [F:\apache-tomcat-9.0.11\webapps\manager] has finished in [134] ms
10-Nov-2018 14:00:43.624 INFO [main] org.apache.catalina.startup.HostConfig.deployDirectory Deploying web application directory [F:\apache-tomcat-9.0.11\webapps\ROOT]
10-Nov-2018 14:00:43.751 INFO [main] org.apache.catalina.startup.HostConfig.deployDirectory Deployment of web application directory [F:\apache-tomcat-9.0.11\webapps\ROOT] has finished in [126] ms
10-Nov-2018 14:00:43.761 INFO [main] org.apache.coyote.AbstractProtocol.start Starting ProtocolHandler ["http-nio-8080"]
10-Nov-2018 14:00:43.803 INFO [main] org.apache.coyote.AbstractProtocol.start Starting ProtocolHandler ["ajp-nio-8009"]
10-Nov-2018 14:00:43.809 INFO [main] org.apache.catalina.startup.Catalina.start Server startup in 32152 ms
10-Nov-2018 16:17:03.868 INFO [main] org.apache.catalina.core.StandardServer.await A valid shutdown command was received via the shutdown port. Stopping the Server instance.
10-Nov-2018 16:17:04.122 INFO [main] org.apache.coyote.AbstractProtocol.pause Pausing ProtocolHandler ["http-nio-8080"]
10-Nov-2018 16:17:05.199 INFO [main] org.apache.coyote.AbstractProtocol.pause Pausing ProtocolHandler ["ajp-nio-8009"]
10-Nov-2018 16:17:05.869 INFO [main] org.apache.catalina.core.StandardService.stopInternal Stopping service [Catalina]
10-Nov-2018 16:17:07.475 INFO [main] org.springframework.context.support.AbstractApplicationContext.doClose Closing WebApplicationContext for namespace 'dispatcher-servlet': startup date [Sat Nov 10 14:00:28 ICT 2018]; parent: Root WebApplicationContext
10-Nov-2018 16:17:07.591 INFO [main] org.springframework.context.support.AbstractApplicationContext.doClose Closing Root WebApplicationContext: startup date [Sat Nov 10 14:00:26 ICT 2018]; root of context hierarchy
10-Nov-2018 16:17:12.547 INFO [main] org.springframework.context.support.AbstractApplicationContext.doClose Closing WebApplicationContext for namespace 'dispatcher-servlet': startup date [Sat Nov 10 14:00:38 ICT 2018]; parent: Root WebApplicationContext
10-Nov-2018 16:17:12.683 INFO [main] org.springframework.context.support.AbstractApplicationContext.doClose Closing Root WebApplicationContext: startup date [Sat Nov 10 14:00:37 ICT 2018]; root of context hierarchy
10-Nov-2018 16:17:14.174 INFO [main] org.apache.coyote.AbstractProtocol.stop Stopping ProtocolHandler ["http-nio-8080"]
10-Nov-2018 16:17:14.209 INFO [main] org.apache.coyote.AbstractProtocol.stop Stopping ProtocolHandler ["ajp-nio-8009"]
10-Nov-2018 16:17:14.269 INFO [main] org.apache.coyote.AbstractProtocol.destroy Destroying ProtocolHandler ["http-nio-8080"]
10-Nov-2018 16:17:14.305 INFO [main] org.apache.coyote.AbstractProtocol.destroy Destroying ProtocolHandler ["ajp-nio-8009"]
