17-Sep-2018 11:10:11.972 INFO [main] org.apache.catalina.startup.VersionLoggerListener.log Server version:        Apache Tomcat/9.0.11
17-Sep-2018 11:10:11.993 INFO [main] org.apache.catalina.startup.VersionLoggerListener.log Server built:          Aug 11 2018 19:47:23 UTC
17-Sep-2018 11:10:11.994 INFO [main] org.apache.catalina.startup.VersionLoggerListener.log Server number:         9.0.11.0
17-Sep-2018 11:10:11.995 INFO [main] org.apache.catalina.startup.VersionLoggerListener.log OS Name:               Windows 10
17-Sep-2018 11:10:11.995 INFO [main] org.apache.catalina.startup.VersionLoggerListener.log OS Version:            10.0
17-Sep-2018 11:10:11.995 INFO [main] org.apache.catalina.startup.VersionLoggerListener.log Architecture:          amd64
17-Sep-2018 11:10:11.995 INFO [main] org.apache.catalina.startup.VersionLoggerListener.log Java Home:             C:\Program Files\Java\jdk1.8.0_161\jre
17-Sep-2018 11:10:11.995 INFO [main] org.apache.catalina.startup.VersionLoggerListener.log JVM Version:           1.8.0_161-b12
17-Sep-2018 11:10:11.998 INFO [main] org.apache.catalina.startup.VersionLoggerListener.log JVM Vendor:            Oracle Corporation
17-Sep-2018 11:10:11.999 INFO [main] org.apache.catalina.startup.VersionLoggerListener.log CATALINA_BASE:         F:\apache-tomcat-9.0.11
17-Sep-2018 11:10:11.999 INFO [main] org.apache.catalina.startup.VersionLoggerListener.log CATALINA_HOME:         F:\apache-tomcat-9.0.11
17-Sep-2018 11:10:11.999 INFO [main] org.apache.catalina.startup.VersionLoggerListener.log Command line argument: -Djava.util.logging.config.file=F:\apache-tomcat-9.0.11\conf\logging.properties
17-Sep-2018 11:10:11.999 INFO [main] org.apache.catalina.startup.VersionLoggerListener.log Command line argument: -Djava.util.logging.manager=org.apache.juli.ClassLoaderLogManager
17-Sep-2018 11:10:11.999 INFO [main] org.apache.catalina.startup.VersionLoggerListener.log Command line argument: -Dhttp.nonProxyHosts=localhost|127.0.0.1|AMDIN
17-Sep-2018 11:10:12.000 INFO [main] org.apache.catalina.startup.VersionLoggerListener.log Command line argument: -Djdk.tls.ephemeralDHKeySize=2048
17-Sep-2018 11:10:12.000 INFO [main] org.apache.catalina.startup.VersionLoggerListener.log Command line argument: -Djava.protocol.handler.pkgs=org.apache.catalina.webresources
17-Sep-2018 11:10:12.000 INFO [main] org.apache.catalina.startup.VersionLoggerListener.log Command line argument: -Dignore.endorsed.dirs=
17-Sep-2018 11:10:12.000 INFO [main] org.apache.catalina.startup.VersionLoggerListener.log Command line argument: -Dcatalina.base=F:\apache-tomcat-9.0.11
17-Sep-2018 11:10:12.001 INFO [main] org.apache.catalina.startup.VersionLoggerListener.log Command line argument: -Dcatalina.home=F:\apache-tomcat-9.0.11
17-Sep-2018 11:10:12.001 INFO [main] org.apache.catalina.startup.VersionLoggerListener.log Command line argument: -Djava.io.tmpdir=F:\apache-tomcat-9.0.11\temp
17-Sep-2018 11:10:12.001 INFO [main] org.apache.catalina.core.AprLifecycleListener.lifecycleEvent The APR based Apache Tomcat Native library which allows optimal performance in production environments was not found on the java.library.path: [C:\Program Files\Java\jdk1.8.0_161\bin;C:\WINDOWS\Sun\Java\bin;C:\WINDOWS\system32;C:\WINDOWS;C:\ProgramData\Oracle\Java\javapath;C:\WINDOWS\system32;C:\WINDOWS;C:\WINDOWS\System32\Wbem;C:\WINDOWS\System32\WindowsPowerShell\v1.0\;C:\Program Files (x86)\QuickTime\QTSystem\;C:\Program Files\Microsoft SQL Server\Client SDK\ODBC\130\Tools\Binn\;C:\Program Files (x86)\Microsoft SQL Server\140\Tools\Binn\;C:\Program Files\Microsoft SQL Server\140\Tools\Binn\;C:\Program Files\Microsoft SQL Server\140\DTS\Binn\;C:\Program Files (x86)\Microsoft SQL Server\Client SDK\ODBC\130\Tools\Binn\;C:\Program Files (x86)\Microsoft SQL Server\140\DTS\Binn\;C:\Program Files (x86)\Microsoft SQL Server\140\Tools\Binn\ManagementStudio\;C:\WINDOWS\System32\OpenSSH\;C:\WINDOWS\system32\config\systemprofile\.dnx\bin;C:\Program Files\Microsoft DNX\Dnvm\;C:\Program Files\Microsoft SQL Server\130\Tools\Binn\;C:\Program Files (x86)\Windows Kits\8.1\Windows Performance Toolkit\;C:\Program Files\Java\jdk1.8.0_131\bin;%USERPROFILE%\AppData\Local\Microsoft\WindowsApps;;.]
17-Sep-2018 11:10:13.394 INFO [main] org.apache.coyote.AbstractProtocol.init Initializing ProtocolHandler ["http-nio-8080"]
17-Sep-2018 11:10:13.962 INFO [main] org.apache.tomcat.util.net.NioSelectorPool.getSharedSelector Using a shared selector for servlet write/read
17-Sep-2018 11:10:14.063 INFO [main] org.apache.coyote.AbstractProtocol.init Initializing ProtocolHandler ["ajp-nio-8009"]
17-Sep-2018 11:10:14.067 INFO [main] org.apache.tomcat.util.net.NioSelectorPool.getSharedSelector Using a shared selector for servlet write/read
17-Sep-2018 11:10:14.067 INFO [main] org.apache.catalina.startup.Catalina.load Initialization processed in 4915 ms
17-Sep-2018 11:10:14.381 INFO [main] org.apache.catalina.core.StandardService.startInternal Starting service [Catalina]
17-Sep-2018 11:10:14.381 INFO [main] org.apache.catalina.core.StandardEngine.startInternal Starting Servlet Engine: Apache Tomcat/9.0.11
17-Sep-2018 11:10:14.457 INFO [main] org.apache.catalina.startup.HostConfig.deployDescriptor Deploying deployment descriptor [F:\apache-tomcat-9.0.11\conf\Catalina\localhost\WebApplication1.xml]
17-Sep-2018 11:10:14.613 WARNING [main] org.apache.catalina.startup.HostConfig.deployDescriptor The path attribute with value [/WebApplication1] in deployment descriptor [F:\apache-tomcat-9.0.11\conf\Catalina\localhost\WebApplication1.xml] has been ignored
17-Sep-2018 11:10:26.716 INFO [main] org.apache.jasper.servlet.TldScanner.scanJars At least one JAR was scanned for TLDs yet contained no TLDs. Enable debug logging for this logger for a complete list of JARs that were scanned but no TLDs were found in them. Skipping unneeded JARs during scanning can improve startup time and JSP compilation time.
17-Sep-2018 11:10:27.202 INFO [main] org.springframework.web.context.ContextLoader.initWebApplicationContext Root WebApplicationContext: initialization started
17-Sep-2018 11:10:27.641 INFO [main] org.springframework.context.support.AbstractApplicationContext.prepareRefresh Refreshing Root WebApplicationContext: startup date [Mon Sep 17 11:10:27 ICT 2018]; root of context hierarchy
17-Sep-2018 11:10:27.891 INFO [main] org.springframework.beans.factory.xml.XmlBeanDefinitionReader.loadBeanDefinitions Loading XML bean definitions from ServletContext resource [/WEB-INF/applicationContext.xml]
17-Sep-2018 11:10:28.621 INFO [main] org.springframework.web.context.ContextLoader.initWebApplicationContext Root WebApplicationContext: initialization completed in 1418 ms
17-Sep-2018 11:10:28.923 INFO [main] org.springframework.web.servlet.FrameworkServlet.initServletBean FrameworkServlet 'dispatcher': initialization started
17-Sep-2018 11:10:28.933 INFO [main] org.springframework.context.support.AbstractApplicationContext.prepareRefresh Refreshing WebApplicationContext for namespace 'dispatcher-servlet': startup date [Mon Sep 17 11:10:28 ICT 2018]; parent: Root WebApplicationContext
17-Sep-2018 11:10:28.936 INFO [main] org.springframework.beans.factory.xml.XmlBeanDefinitionReader.loadBeanDefinitions Loading XML bean definitions from ServletContext resource [/WEB-INF/dispatcher-servlet.xml]
17-Sep-2018 11:10:29.478 INFO [main] org.springframework.web.servlet.handler.AbstractUrlHandlerMapping.registerHandler Mapped URL path [/index.htm] onto handler 'indexController'
17-Sep-2018 11:10:29.652 INFO [main] org.springframework.web.servlet.FrameworkServlet.initServletBean FrameworkServlet 'dispatcher': initialization completed in 729 ms
17-Sep-2018 11:10:29.700 INFO [main] org.apache.catalina.startup.HostConfig.deployDescriptor Deployment of deployment descriptor [F:\apache-tomcat-9.0.11\conf\Catalina\localhost\WebApplication1.xml] has finished in [15,243] ms
17-Sep-2018 11:10:29.701 INFO [main] org.apache.catalina.startup.HostConfig.deployDirectory Deploying web application directory [F:\apache-tomcat-9.0.11\webapps\docs]
17-Sep-2018 11:10:29.829 INFO [main] org.apache.catalina.startup.HostConfig.deployDirectory Deployment of web application directory [F:\apache-tomcat-9.0.11\webapps\docs] has finished in [128] ms
17-Sep-2018 11:10:29.842 INFO [main] org.apache.catalina.startup.HostConfig.deployDirectory Deploying web application directory [F:\apache-tomcat-9.0.11\webapps\examples]
17-Sep-2018 11:10:34.811 INFO [main] org.apache.catalina.startup.HostConfig.deployDirectory Deployment of web application directory [F:\apache-tomcat-9.0.11\webapps\examples] has finished in [4,969] ms
17-Sep-2018 11:10:34.925 INFO [main] org.apache.catalina.startup.HostConfig.deployDirectory Deploying web application directory [F:\apache-tomcat-9.0.11\webapps\host-manager]
17-Sep-2018 11:10:35.194 INFO [main] org.apache.catalina.startup.HostConfig.deployDirectory Deployment of web application directory [F:\apache-tomcat-9.0.11\webapps\host-manager] has finished in [268] ms
17-Sep-2018 11:10:35.195 INFO [main] org.apache.catalina.startup.HostConfig.deployDirectory Deploying web application directory [F:\apache-tomcat-9.0.11\webapps\manager]
17-Sep-2018 11:10:35.470 INFO [main] org.apache.catalina.startup.HostConfig.deployDirectory Deployment of web application directory [F:\apache-tomcat-9.0.11\webapps\manager] has finished in [274] ms
17-Sep-2018 11:10:35.475 INFO [main] org.apache.catalina.startup.HostConfig.deployDirectory Deploying web application directory [F:\apache-tomcat-9.0.11\webapps\ROOT]
17-Sep-2018 11:10:35.608 INFO [main] org.apache.catalina.startup.HostConfig.deployDirectory Deployment of web application directory [F:\apache-tomcat-9.0.11\webapps\ROOT] has finished in [133] ms
17-Sep-2018 11:10:35.613 INFO [main] org.apache.coyote.AbstractProtocol.start Starting ProtocolHandler ["http-nio-8080"]
17-Sep-2018 11:10:35.690 INFO [main] org.apache.coyote.AbstractProtocol.start Starting ProtocolHandler ["ajp-nio-8009"]
17-Sep-2018 11:10:35.696 INFO [main] org.apache.catalina.startup.Catalina.start Server startup in 21629 ms
17-Sep-2018 11:10:47.787 INFO [http-nio-8080-exec-1] org.apache.catalina.core.StandardContext.reload Reloading Context with name [/WebApplication1] has started
17-Sep-2018 11:10:47.795 INFO [http-nio-8080-exec-1] org.springframework.context.support.AbstractApplicationContext.doClose Closing WebApplicationContext for namespace 'dispatcher-servlet': startup date [Mon Sep 17 11:10:28 ICT 2018]; parent: Root WebApplicationContext
17-Sep-2018 11:10:47.851 INFO [http-nio-8080-exec-1] org.springframework.context.support.AbstractApplicationContext.doClose Closing Root WebApplicationContext: startup date [Mon Sep 17 11:10:27 ICT 2018]; root of context hierarchy
17-Sep-2018 11:10:49.710 INFO [http-nio-8080-exec-1] org.apache.jasper.servlet.TldScanner.scanJars At least one JAR was scanned for TLDs yet contained no TLDs. Enable debug logging for this logger for a complete list of JARs that were scanned but no TLDs were found in them. Skipping unneeded JARs during scanning can improve startup time and JSP compilation time.
17-Sep-2018 11:10:49.842 INFO [http-nio-8080-exec-1] org.springframework.web.context.ContextLoader.initWebApplicationContext Root WebApplicationContext: initialization started
17-Sep-2018 11:10:50.104 INFO [http-nio-8080-exec-1] org.springframework.context.support.AbstractApplicationContext.prepareRefresh Refreshing Root WebApplicationContext: startup date [Mon Sep 17 11:10:50 ICT 2018]; root of context hierarchy
17-Sep-2018 11:10:50.293 INFO [http-nio-8080-exec-1] org.springframework.beans.factory.xml.XmlBeanDefinitionReader.loadBeanDefinitions Loading XML bean definitions from ServletContext resource [/WEB-INF/applicationContext.xml]
17-Sep-2018 11:10:50.611 INFO [http-nio-8080-exec-1] org.springframework.web.context.ContextLoader.initWebApplicationContext Root WebApplicationContext: initialization completed in 769 ms
17-Sep-2018 11:10:50.692 INFO [http-nio-8080-exec-1] org.springframework.web.servlet.FrameworkServlet.initServletBean FrameworkServlet 'dispatcher': initialization started
17-Sep-2018 11:10:50.713 INFO [http-nio-8080-exec-1] org.springframework.context.support.AbstractApplicationContext.prepareRefresh Refreshing WebApplicationContext for namespace 'dispatcher-servlet': startup date [Mon Sep 17 11:10:50 ICT 2018]; parent: Root WebApplicationContext
17-Sep-2018 11:10:50.719 INFO [http-nio-8080-exec-1] org.springframework.beans.factory.xml.XmlBeanDefinitionReader.loadBeanDefinitions Loading XML bean definitions from ServletContext resource [/WEB-INF/dispatcher-servlet.xml]
17-Sep-2018 11:10:50.966 INFO [http-nio-8080-exec-1] org.springframework.web.servlet.handler.AbstractUrlHandlerMapping.registerHandler Mapped URL path [/index.htm] onto handler 'indexController'
17-Sep-2018 11:10:51.060 INFO [http-nio-8080-exec-1] org.springframework.web.servlet.FrameworkServlet.initServletBean FrameworkServlet 'dispatcher': initialization completed in 367 ms
17-Sep-2018 11:10:51.063 INFO [http-nio-8080-exec-1] org.apache.catalina.core.StandardContext.reload Reloading Context with name [/WebApplication1] is completed
17-Sep-2018 11:24:48.272 INFO [http-nio-8080-exec-16] org.apache.catalina.core.StandardContext.reload Reloading Context with name [/WebApplication1] has started
17-Sep-2018 11:24:48.290 INFO [http-nio-8080-exec-16] org.springframework.context.support.AbstractApplicationContext.doClose Closing WebApplicationContext for namespace 'dispatcher-servlet': startup date [Mon Sep 17 11:10:50 ICT 2018]; parent: Root WebApplicationContext
17-Sep-2018 11:24:48.332 INFO [http-nio-8080-exec-16] org.springframework.context.support.AbstractApplicationContext.doClose Closing Root WebApplicationContext: startup date [Mon Sep 17 11:10:50 ICT 2018]; root of context hierarchy
17-Sep-2018 11:24:56.441 INFO [http-nio-8080-exec-16] org.apache.jasper.servlet.TldScanner.scanJars At least one JAR was scanned for TLDs yet contained no TLDs. Enable debug logging for this logger for a complete list of JARs that were scanned but no TLDs were found in them. Skipping unneeded JARs during scanning can improve startup time and JSP compilation time.
17-Sep-2018 11:24:56.533 INFO [http-nio-8080-exec-16] org.springframework.web.context.ContextLoader.initWebApplicationContext Root WebApplicationContext: initialization started
17-Sep-2018 11:24:56.913 INFO [http-nio-8080-exec-16] org.springframework.context.support.AbstractApplicationContext.prepareRefresh Refreshing Root WebApplicationContext: startup date [Mon Sep 17 11:24:56 ICT 2018]; root of context hierarchy
17-Sep-2018 11:24:56.997 INFO [http-nio-8080-exec-16] org.springframework.beans.factory.xml.XmlBeanDefinitionReader.loadBeanDefinitions Loading XML bean definitions from ServletContext resource [/WEB-INF/applicationContext.xml]
17-Sep-2018 11:24:57.170 INFO [http-nio-8080-exec-16] org.springframework.web.context.ContextLoader.initWebApplicationContext Root WebApplicationContext: initialization completed in 637 ms
17-Sep-2018 11:24:57.209 INFO [http-nio-8080-exec-16] org.springframework.web.servlet.FrameworkServlet.initServletBean FrameworkServlet 'dispatcher': initialization started
17-Sep-2018 11:24:57.217 INFO [http-nio-8080-exec-16] org.springframework.context.support.AbstractApplicationContext.prepareRefresh Refreshing WebApplicationContext for namespace 'dispatcher-servlet': startup date [Mon Sep 17 11:24:57 ICT 2018]; parent: Root WebApplicationContext
17-Sep-2018 11:24:57.218 INFO [http-nio-8080-exec-16] org.springframework.beans.factory.xml.XmlBeanDefinitionReader.loadBeanDefinitions Loading XML bean definitions from ServletContext resource [/WEB-INF/dispatcher-servlet.xml]
17-Sep-2018 11:24:57.448 INFO [http-nio-8080-exec-16] org.springframework.web.servlet.handler.AbstractUrlHandlerMapping.registerHandler Mapped URL path [/index.htm] onto handler 'indexController'
17-Sep-2018 11:24:57.540 INFO [http-nio-8080-exec-16] org.springframework.web.servlet.FrameworkServlet.initServletBean FrameworkServlet 'dispatcher': initialization completed in 331 ms
17-Sep-2018 11:24:57.563 INFO [http-nio-8080-exec-16] org.apache.catalina.core.StandardContext.reload Reloading Context with name [/WebApplication1] is completed
17-Sep-2018 11:25:01.740 INFO [http-nio-8080-exec-17] org.apache.catalina.core.StandardContext.reload Reloading Context with name [/WebApplication1] has started
17-Sep-2018 11:25:01.743 INFO [http-nio-8080-exec-17] org.springframework.context.support.AbstractApplicationContext.doClose Closing WebApplicationContext for namespace 'dispatcher-servlet': startup date [Mon Sep 17 11:24:57 ICT 2018]; parent: Root WebApplicationContext
17-Sep-2018 11:25:01.747 INFO [http-nio-8080-exec-17] org.springframework.context.support.AbstractApplicationContext.doClose Closing Root WebApplicationContext: startup date [Mon Sep 17 11:24:56 ICT 2018]; root of context hierarchy
17-Sep-2018 11:25:03.358 INFO [http-nio-8080-exec-17] org.apache.jasper.servlet.TldScanner.scanJars At least one JAR was scanned for TLDs yet contained no TLDs. Enable debug logging for this logger for a complete list of JARs that were scanned but no TLDs were found in them. Skipping unneeded JARs during scanning can improve startup time and JSP compilation time.
17-Sep-2018 11:25:03.457 INFO [http-nio-8080-exec-17] org.springframework.web.context.ContextLoader.initWebApplicationContext Root WebApplicationContext: initialization started
17-Sep-2018 11:25:03.741 INFO [http-nio-8080-exec-17] org.springframework.context.support.AbstractApplicationContext.prepareRefresh Refreshing Root WebApplicationContext: startup date [Mon Sep 17 11:25:03 ICT 2018]; root of context hierarchy
17-Sep-2018 11:25:03.864 INFO [http-nio-8080-exec-17] org.springframework.beans.factory.xml.XmlBeanDefinitionReader.loadBeanDefinitions Loading XML bean definitions from ServletContext resource [/WEB-INF/applicationContext.xml]
17-Sep-2018 11:25:04.089 INFO [http-nio-8080-exec-17] org.springframework.web.context.ContextLoader.initWebApplicationContext Root WebApplicationContext: initialization completed in 631 ms
17-Sep-2018 11:25:04.125 INFO [http-nio-8080-exec-17] org.springframework.web.servlet.FrameworkServlet.initServletBean FrameworkServlet 'dispatcher': initialization started
17-Sep-2018 11:25:04.134 INFO [http-nio-8080-exec-17] org.springframework.context.support.AbstractApplicationContext.prepareRefresh Refreshing WebApplicationContext for namespace 'dispatcher-servlet': startup date [Mon Sep 17 11:25:04 ICT 2018]; parent: Root WebApplicationContext
17-Sep-2018 11:25:04.139 INFO [http-nio-8080-exec-17] org.springframework.beans.factory.xml.XmlBeanDefinitionReader.loadBeanDefinitions Loading XML bean definitions from ServletContext resource [/WEB-INF/dispatcher-servlet.xml]
17-Sep-2018 11:25:04.381 INFO [http-nio-8080-exec-17] org.springframework.web.servlet.handler.AbstractUrlHandlerMapping.registerHandler Mapped URL path [/index.htm] onto handler 'indexController'
17-Sep-2018 11:25:04.555 INFO [http-nio-8080-exec-17] org.springframework.web.servlet.FrameworkServlet.initServletBean FrameworkServlet 'dispatcher': initialization completed in 429 ms
17-Sep-2018 11:25:04.559 INFO [http-nio-8080-exec-17] org.apache.catalina.core.StandardContext.reload Reloading Context with name [/WebApplication1] is completed
17-Sep-2018 11:25:43.048 INFO [http-nio-8080-exec-14] org.apache.catalina.core.StandardContext.reload Reloading Context with name [/WebApplication1] has started
17-Sep-2018 11:25:43.052 INFO [http-nio-8080-exec-14] org.springframework.context.support.AbstractApplicationContext.doClose Closing WebApplicationContext for namespace 'dispatcher-servlet': startup date [Mon Sep 17 11:25:04 ICT 2018]; parent: Root WebApplicationContext
17-Sep-2018 11:25:43.057 INFO [http-nio-8080-exec-14] org.springframework.context.support.AbstractApplicationContext.doClose Closing Root WebApplicationContext: startup date [Mon Sep 17 11:25:03 ICT 2018]; root of context hierarchy
17-Sep-2018 11:25:44.618 INFO [http-nio-8080-exec-14] org.apache.jasper.servlet.TldScanner.scanJars At least one JAR was scanned for TLDs yet contained no TLDs. Enable debug logging for this logger for a complete list of JARs that were scanned but no TLDs were found in them. Skipping unneeded JARs during scanning can improve startup time and JSP compilation time.
17-Sep-2018 11:25:44.667 INFO [http-nio-8080-exec-14] org.springframework.web.context.ContextLoader.initWebApplicationContext Root WebApplicationContext: initialization started
17-Sep-2018 11:25:44.820 INFO [http-nio-8080-exec-14] org.springframework.context.support.AbstractApplicationContext.prepareRefresh Refreshing Root WebApplicationContext: startup date [Mon Sep 17 11:25:44 ICT 2018]; root of context hierarchy
17-Sep-2018 11:25:44.897 INFO [http-nio-8080-exec-14] org.springframework.beans.factory.xml.XmlBeanDefinitionReader.loadBeanDefinitions Loading XML bean definitions from ServletContext resource [/WEB-INF/applicationContext.xml]
17-Sep-2018 11:25:45.004 INFO [http-nio-8080-exec-14] org.springframework.web.context.ContextLoader.initWebApplicationContext Root WebApplicationContext: initialization completed in 337 ms
17-Sep-2018 11:25:45.033 INFO [http-nio-8080-exec-14] org.springframework.web.servlet.FrameworkServlet.initServletBean FrameworkServlet 'dispatcher': initialization started
17-Sep-2018 11:25:45.039 INFO [http-nio-8080-exec-14] org.springframework.context.support.AbstractApplicationContext.prepareRefresh Refreshing WebApplicationContext for namespace 'dispatcher-servlet': startup date [Mon Sep 17 11:25:45 ICT 2018]; parent: Root WebApplicationContext
17-Sep-2018 11:25:45.042 INFO [http-nio-8080-exec-14] org.springframework.beans.factory.xml.XmlBeanDefinitionReader.loadBeanDefinitions Loading XML bean definitions from ServletContext resource [/WEB-INF/dispatcher-servlet.xml]
17-Sep-2018 11:25:45.209 INFO [http-nio-8080-exec-14] org.springframework.web.servlet.handler.AbstractUrlHandlerMapping.registerHandler Mapped URL path [/index.htm] onto handler 'indexController'
17-Sep-2018 11:25:45.310 INFO [http-nio-8080-exec-14] org.springframework.web.servlet.FrameworkServlet.initServletBean FrameworkServlet 'dispatcher': initialization completed in 277 ms
17-Sep-2018 11:25:45.314 INFO [http-nio-8080-exec-14] org.apache.catalina.core.StandardContext.reload Reloading Context with name [/WebApplication1] is completed
17-Sep-2018 11:25:48.215 INFO [http-nio-8080-exec-26] org.apache.catalina.core.StandardContext.reload Reloading Context with name [/WebApplication1] has started
17-Sep-2018 11:25:48.217 INFO [http-nio-8080-exec-26] org.springframework.context.support.AbstractApplicationContext.doClose Closing WebApplicationContext for namespace 'dispatcher-servlet': startup date [Mon Sep 17 11:25:45 ICT 2018]; parent: Root WebApplicationContext
17-Sep-2018 11:25:48.224 INFO [http-nio-8080-exec-26] org.springframework.context.support.AbstractApplicationContext.doClose Closing Root WebApplicationContext: startup date [Mon Sep 17 11:25:44 ICT 2018]; root of context hierarchy
17-Sep-2018 11:25:49.647 INFO [http-nio-8080-exec-26] org.apache.jasper.servlet.TldScanner.scanJars At least one JAR was scanned for TLDs yet contained no TLDs. Enable debug logging for this logger for a complete list of JARs that were scanned but no TLDs were found in them. Skipping unneeded JARs during scanning can improve startup time and JSP compilation time.
17-Sep-2018 11:25:49.696 INFO [http-nio-8080-exec-26] org.springframework.web.context.ContextLoader.initWebApplicationContext Root WebApplicationContext: initialization started
17-Sep-2018 11:25:49.884 INFO [http-nio-8080-exec-26] org.springframework.context.support.AbstractApplicationContext.prepareRefresh Refreshing Root WebApplicationContext: startup date [Mon Sep 17 11:25:49 ICT 2018]; root of context hierarchy
17-Sep-2018 11:25:50.017 INFO [http-nio-8080-exec-26] org.springframework.beans.factory.xml.XmlBeanDefinitionReader.loadBeanDefinitions Loading XML bean definitions from ServletContext resource [/WEB-INF/applicationContext.xml]
17-Sep-2018 11:25:50.132 INFO [http-nio-8080-exec-26] org.springframework.web.context.ContextLoader.initWebApplicationContext Root WebApplicationContext: initialization completed in 436 ms
17-Sep-2018 11:25:50.170 INFO [http-nio-8080-exec-26] org.springframework.web.servlet.FrameworkServlet.initServletBean FrameworkServlet 'dispatcher': initialization started
17-Sep-2018 11:25:50.182 INFO [http-nio-8080-exec-26] org.springframework.context.support.AbstractApplicationContext.prepareRefresh Refreshing WebApplicationContext for namespace 'dispatcher-servlet': startup date [Mon Sep 17 11:25:50 ICT 2018]; parent: Root WebApplicationContext
17-Sep-2018 11:25:50.184 INFO [http-nio-8080-exec-26] org.springframework.beans.factory.xml.XmlBeanDefinitionReader.loadBeanDefinitions Loading XML bean definitions from ServletContext resource [/WEB-INF/dispatcher-servlet.xml]
17-Sep-2018 11:25:50.483 INFO [http-nio-8080-exec-26] org.springframework.web.servlet.handler.AbstractUrlHandlerMapping.registerHandler Mapped URL path [/index.htm] onto handler 'indexController'
17-Sep-2018 11:25:50.767 INFO [http-nio-8080-exec-26] org.springframework.web.servlet.FrameworkServlet.initServletBean FrameworkServlet 'dispatcher': initialization completed in 596 ms
17-Sep-2018 11:25:50.774 INFO [http-nio-8080-exec-26] org.apache.catalina.core.StandardContext.reload Reloading Context with name [/WebApplication1] is completed
17-Sep-2018 11:25:51.914 INFO [http-nio-8080-exec-25] org.apache.catalina.core.StandardContext.reload Reloading Context with name [/WebApplication1] has started
17-Sep-2018 11:25:51.917 INFO [http-nio-8080-exec-25] org.springframework.context.support.AbstractApplicationContext.doClose Closing WebApplicationContext for namespace 'dispatcher-servlet': startup date [Mon Sep 17 11:25:50 ICT 2018]; parent: Root WebApplicationContext
17-Sep-2018 11:25:51.924 INFO [http-nio-8080-exec-25] org.springframework.context.support.AbstractApplicationContext.doClose Closing Root WebApplicationContext: startup date [Mon Sep 17 11:25:49 ICT 2018]; root of context hierarchy
17-Sep-2018 11:25:53.315 INFO [http-nio-8080-exec-25] org.apache.jasper.servlet.TldScanner.scanJars At least one JAR was scanned for TLDs yet contained no TLDs. Enable debug logging for this logger for a complete list of JARs that were scanned but no TLDs were found in them. Skipping unneeded JARs during scanning can improve startup time and JSP compilation time.
17-Sep-2018 11:25:53.353 INFO [http-nio-8080-exec-25] org.springframework.web.context.ContextLoader.initWebApplicationContext Root WebApplicationContext: initialization started
17-Sep-2018 11:25:53.493 INFO [http-nio-8080-exec-25] org.springframework.context.support.AbstractApplicationContext.prepareRefresh Refreshing Root WebApplicationContext: startup date [Mon Sep 17 11:25:53 ICT 2018]; root of context hierarchy
17-Sep-2018 11:25:53.562 INFO [http-nio-8080-exec-25] org.springframework.beans.factory.xml.XmlBeanDefinitionReader.loadBeanDefinitions Loading XML bean definitions from ServletContext resource [/WEB-INF/applicationContext.xml]
17-Sep-2018 11:25:53.647 INFO [http-nio-8080-exec-25] org.springframework.web.context.ContextLoader.initWebApplicationContext Root WebApplicationContext: initialization completed in 294 ms
17-Sep-2018 11:25:53.695 INFO [http-nio-8080-exec-25] org.springframework.web.servlet.FrameworkServlet.initServletBean FrameworkServlet 'dispatcher': initialization started
17-Sep-2018 11:25:53.705 INFO [http-nio-8080-exec-25] org.springframework.context.support.AbstractApplicationContext.prepareRefresh Refreshing WebApplicationContext for namespace 'dispatcher-servlet': startup date [Mon Sep 17 11:25:53 ICT 2018]; parent: Root WebApplicationContext
17-Sep-2018 11:25:53.707 INFO [http-nio-8080-exec-25] org.springframework.beans.factory.xml.XmlBeanDefinitionReader.loadBeanDefinitions Loading XML bean definitions from ServletContext resource [/WEB-INF/dispatcher-servlet.xml]
17-Sep-2018 11:25:53.874 INFO [http-nio-8080-exec-25] org.springframework.web.servlet.handler.AbstractUrlHandlerMapping.registerHandler Mapped URL path [/index.htm] onto handler 'indexController'
17-Sep-2018 11:25:53.960 INFO [http-nio-8080-exec-25] org.springframework.web.servlet.FrameworkServlet.initServletBean FrameworkServlet 'dispatcher': initialization completed in 264 ms
17-Sep-2018 11:25:53.962 INFO [http-nio-8080-exec-25] org.apache.catalina.core.StandardContext.reload Reloading Context with name [/WebApplication1] is completed
17-Sep-2018 11:26:01.147 INFO [http-nio-8080-exec-17] org.apache.catalina.core.StandardContext.reload Reloading Context with name [/WebApplication1] has started
17-Sep-2018 11:26:01.151 INFO [http-nio-8080-exec-17] org.springframework.context.support.AbstractApplicationContext.doClose Closing WebApplicationContext for namespace 'dispatcher-servlet': startup date [Mon Sep 17 11:25:53 ICT 2018]; parent: Root WebApplicationContext
17-Sep-2018 11:26:01.160 INFO [http-nio-8080-exec-17] org.springframework.context.support.AbstractApplicationContext.doClose Closing Root WebApplicationContext: startup date [Mon Sep 17 11:25:53 ICT 2018]; root of context hierarchy
17-Sep-2018 11:26:02.454 INFO [http-nio-8080-exec-17] org.apache.jasper.servlet.TldScanner.scanJars At least one JAR was scanned for TLDs yet contained no TLDs. Enable debug logging for this logger for a complete list of JARs that were scanned but no TLDs were found in them. Skipping unneeded JARs during scanning can improve startup time and JSP compilation time.
17-Sep-2018 11:26:02.493 INFO [http-nio-8080-exec-17] org.springframework.web.context.ContextLoader.initWebApplicationContext Root WebApplicationContext: initialization started
17-Sep-2018 11:26:02.639 INFO [http-nio-8080-exec-17] org.springframework.context.support.AbstractApplicationContext.prepareRefresh Refreshing Root WebApplicationContext: startup date [Mon Sep 17 11:26:02 ICT 2018]; root of context hierarchy
17-Sep-2018 11:26:02.737 INFO [http-nio-8080-exec-17] org.springframework.beans.factory.xml.XmlBeanDefinitionReader.loadBeanDefinitions Loading XML bean definitions from ServletContext resource [/WEB-INF/applicationContext.xml]
17-Sep-2018 11:26:02.843 INFO [http-nio-8080-exec-17] org.springframework.web.context.ContextLoader.initWebApplicationContext Root WebApplicationContext: initialization completed in 350 ms
17-Sep-2018 11:26:02.873 INFO [http-nio-8080-exec-17] org.springframework.web.servlet.FrameworkServlet.initServletBean FrameworkServlet 'dispatcher': initialization started
17-Sep-2018 11:26:02.879 INFO [http-nio-8080-exec-17] org.springframework.context.support.AbstractApplicationContext.prepareRefresh Refreshing WebApplicationContext for namespace 'dispatcher-servlet': startup date [Mon Sep 17 11:26:02 ICT 2018]; parent: Root WebApplicationContext
17-Sep-2018 11:26:02.880 INFO [http-nio-8080-exec-17] org.springframework.beans.factory.xml.XmlBeanDefinitionReader.loadBeanDefinitions Loading XML bean definitions from ServletContext resource [/WEB-INF/dispatcher-servlet.xml]
17-Sep-2018 11:26:03.024 INFO [http-nio-8080-exec-17] org.springframework.web.servlet.handler.AbstractUrlHandlerMapping.registerHandler Mapped URL path [/index.htm] onto handler 'indexController'
17-Sep-2018 11:26:03.097 INFO [http-nio-8080-exec-17] org.springframework.web.servlet.FrameworkServlet.initServletBean FrameworkServlet 'dispatcher': initialization completed in 224 ms
17-Sep-2018 11:26:03.099 INFO [http-nio-8080-exec-17] org.apache.catalina.core.StandardContext.reload Reloading Context with name [/WebApplication1] is completed
17-Sep-2018 11:26:10.749 INFO [http-nio-8080-exec-24] org.apache.catalina.core.StandardContext.reload Reloading Context with name [/WebApplication1] has started
17-Sep-2018 11:26:10.752 INFO [http-nio-8080-exec-24] org.springframework.context.support.AbstractApplicationContext.doClose Closing WebApplicationContext for namespace 'dispatcher-servlet': startup date [Mon Sep 17 11:26:02 ICT 2018]; parent: Root WebApplicationContext
17-Sep-2018 11:26:10.761 INFO [http-nio-8080-exec-24] org.springframework.context.support.AbstractApplicationContext.doClose Closing Root WebApplicationContext: startup date [Mon Sep 17 11:26:02 ICT 2018]; root of context hierarchy
17-Sep-2018 11:26:11.939 INFO [http-nio-8080-exec-24] org.apache.jasper.servlet.TldScanner.scanJars At least one JAR was scanned for TLDs yet contained no TLDs. Enable debug logging for this logger for a complete list of JARs that were scanned but no TLDs were found in them. Skipping unneeded JARs during scanning can improve startup time and JSP compilation time.
17-Sep-2018 11:26:12.001 INFO [http-nio-8080-exec-24] org.springframework.web.context.ContextLoader.initWebApplicationContext Root WebApplicationContext: initialization started
17-Sep-2018 11:26:12.200 INFO [http-nio-8080-exec-24] org.springframework.context.support.AbstractApplicationContext.prepareRefresh Refreshing Root WebApplicationContext: startup date [Mon Sep 17 11:26:12 ICT 2018]; root of context hierarchy
17-Sep-2018 11:26:12.284 INFO [http-nio-8080-exec-24] org.springframework.beans.factory.xml.XmlBeanDefinitionReader.loadBeanDefinitions Loading XML bean definitions from ServletContext resource [/WEB-INF/applicationContext.xml]
17-Sep-2018 11:26:12.399 INFO [http-nio-8080-exec-24] org.springframework.web.context.ContextLoader.initWebApplicationContext Root WebApplicationContext: initialization completed in 397 ms
17-Sep-2018 11:26:12.446 INFO [http-nio-8080-exec-24] org.springframework.web.servlet.FrameworkServlet.initServletBean FrameworkServlet 'dispatcher': initialization started
17-Sep-2018 11:26:12.454 INFO [http-nio-8080-exec-24] org.springframework.context.support.AbstractApplicationContext.prepareRefresh Refreshing WebApplicationContext for namespace 'dispatcher-servlet': startup date [Mon Sep 17 11:26:12 ICT 2018]; parent: Root WebApplicationContext
17-Sep-2018 11:26:12.456 INFO [http-nio-8080-exec-24] org.springframework.beans.factory.xml.XmlBeanDefinitionReader.loadBeanDefinitions Loading XML bean definitions from ServletContext resource [/WEB-INF/dispatcher-servlet.xml]
17-Sep-2018 11:26:12.670 INFO [http-nio-8080-exec-24] org.springframework.web.servlet.handler.AbstractUrlHandlerMapping.registerHandler Mapped URL path [/index.htm] onto handler 'indexController'
17-Sep-2018 11:26:12.773 INFO [http-nio-8080-exec-24] org.springframework.web.servlet.FrameworkServlet.initServletBean FrameworkServlet 'dispatcher': initialization completed in 327 ms
17-Sep-2018 11:26:12.776 INFO [http-nio-8080-exec-24] org.apache.catalina.core.StandardContext.reload Reloading Context with name [/WebApplication1] is completed
17-Sep-2018 11:27:15.130 INFO [http-nio-8080-exec-34] org.apache.catalina.core.StandardContext.reload Reloading Context with name [/WebApplication1] has started
17-Sep-2018 11:27:15.131 INFO [http-nio-8080-exec-34] org.springframework.context.support.AbstractApplicationContext.doClose Closing WebApplicationContext for namespace 'dispatcher-servlet': startup date [Mon Sep 17 11:26:12 ICT 2018]; parent: Root WebApplicationContext
17-Sep-2018 11:27:15.143 INFO [http-nio-8080-exec-34] org.springframework.context.support.AbstractApplicationContext.doClose Closing Root WebApplicationContext: startup date [Mon Sep 17 11:26:12 ICT 2018]; root of context hierarchy
17-Sep-2018 11:27:16.511 INFO [http-nio-8080-exec-34] org.apache.jasper.servlet.TldScanner.scanJars At least one JAR was scanned for TLDs yet contained no TLDs. Enable debug logging for this logger for a complete list of JARs that were scanned but no TLDs were found in them. Skipping unneeded JARs during scanning can improve startup time and JSP compilation time.
17-Sep-2018 11:27:16.555 INFO [http-nio-8080-exec-34] org.springframework.web.context.ContextLoader.initWebApplicationContext Root WebApplicationContext: initialization started
17-Sep-2018 11:27:16.718 INFO [http-nio-8080-exec-34] org.springframework.context.support.AbstractApplicationContext.prepareRefresh Refreshing Root WebApplicationContext: startup date [Mon Sep 17 11:27:16 ICT 2018]; root of context hierarchy
17-Sep-2018 11:27:16.817 INFO [http-nio-8080-exec-34] org.springframework.beans.factory.xml.XmlBeanDefinitionReader.loadBeanDefinitions Loading XML bean definitions from ServletContext resource [/WEB-INF/applicationContext.xml]
17-Sep-2018 11:27:16.899 INFO [http-nio-8080-exec-34] org.springframework.web.context.ContextLoader.initWebApplicationContext Root WebApplicationContext: initialization completed in 344 ms
17-Sep-2018 11:27:16.923 INFO [http-nio-8080-exec-34] org.springframework.web.servlet.FrameworkServlet.initServletBean FrameworkServlet 'dispatcher': initialization started
17-Sep-2018 11:27:16.928 INFO [http-nio-8080-exec-34] org.springframework.context.support.AbstractApplicationContext.prepareRefresh Refreshing WebApplicationContext for namespace 'dispatcher-servlet': startup date [Mon Sep 17 11:27:16 ICT 2018]; parent: Root WebApplicationContext
17-Sep-2018 11:27:16.929 INFO [http-nio-8080-exec-34] org.springframework.beans.factory.xml.XmlBeanDefinitionReader.loadBeanDefinitions Loading XML bean definitions from ServletContext resource [/WEB-INF/dispatcher-servlet.xml]
17-Sep-2018 11:27:17.113 INFO [http-nio-8080-exec-34] org.springframework.web.servlet.handler.AbstractUrlHandlerMapping.registerHandler Mapped URL path [/index.htm] onto handler 'indexController'
17-Sep-2018 11:27:17.207 INFO [http-nio-8080-exec-34] org.springframework.web.servlet.FrameworkServlet.initServletBean FrameworkServlet 'dispatcher': initialization completed in 284 ms
17-Sep-2018 11:27:17.210 INFO [http-nio-8080-exec-34] org.apache.catalina.core.StandardContext.reload Reloading Context with name [/WebApplication1] is completed
17-Sep-2018 11:27:52.749 INFO [http-nio-8080-exec-39] org.apache.catalina.core.StandardContext.reload Reloading Context with name [/WebApplication1] has started
17-Sep-2018 11:27:52.753 INFO [http-nio-8080-exec-39] org.springframework.context.support.AbstractApplicationContext.doClose Closing WebApplicationContext for namespace 'dispatcher-servlet': startup date [Mon Sep 17 11:27:16 ICT 2018]; parent: Root WebApplicationContext
17-Sep-2018 11:27:52.757 INFO [http-nio-8080-exec-39] org.springframework.context.support.AbstractApplicationContext.doClose Closing Root WebApplicationContext: startup date [Mon Sep 17 11:27:16 ICT 2018]; root of context hierarchy
17-Sep-2018 11:27:54.143 INFO [http-nio-8080-exec-39] org.apache.jasper.servlet.TldScanner.scanJars At least one JAR was scanned for TLDs yet contained no TLDs. Enable debug logging for this logger for a complete list of JARs that were scanned but no TLDs were found in them. Skipping unneeded JARs during scanning can improve startup time and JSP compilation time.
17-Sep-2018 11:27:54.195 INFO [http-nio-8080-exec-39] org.springframework.web.context.ContextLoader.initWebApplicationContext Root WebApplicationContext: initialization started
17-Sep-2018 11:27:54.346 INFO [http-nio-8080-exec-39] org.springframework.context.support.AbstractApplicationContext.prepareRefresh Refreshing Root WebApplicationContext: startup date [Mon Sep 17 11:27:54 ICT 2018]; root of context hierarchy
17-Sep-2018 11:27:54.418 INFO [http-nio-8080-exec-39] org.springframework.beans.factory.xml.XmlBeanDefinitionReader.loadBeanDefinitions Loading XML bean definitions from ServletContext resource [/WEB-INF/applicationContext.xml]
17-Sep-2018 11:27:54.520 INFO [http-nio-8080-exec-39] org.springframework.web.context.ContextLoader.initWebApplicationContext Root WebApplicationContext: initialization completed in 325 ms
17-Sep-2018 11:27:54.547 INFO [http-nio-8080-exec-39] org.springframework.web.servlet.FrameworkServlet.initServletBean FrameworkServlet 'dispatcher': initialization started
17-Sep-2018 11:27:54.552 INFO [http-nio-8080-exec-39] org.springframework.context.support.AbstractApplicationContext.prepareRefresh Refreshing WebApplicationContext for namespace 'dispatcher-servlet': startup date [Mon Sep 17 11:27:54 ICT 2018]; parent: Root WebApplicationContext
17-Sep-2018 11:27:54.553 INFO [http-nio-8080-exec-39] org.springframework.beans.factory.xml.XmlBeanDefinitionReader.loadBeanDefinitions Loading XML bean definitions from ServletContext resource [/WEB-INF/dispatcher-servlet.xml]
17-Sep-2018 11:27:54.691 INFO [http-nio-8080-exec-39] org.springframework.web.servlet.handler.AbstractUrlHandlerMapping.registerHandler Mapped URL path [/index.htm] onto handler 'indexController'
17-Sep-2018 11:27:54.805 INFO [http-nio-8080-exec-39] org.springframework.web.servlet.FrameworkServlet.initServletBean FrameworkServlet 'dispatcher': initialization completed in 258 ms
17-Sep-2018 11:27:54.807 INFO [http-nio-8080-exec-39] org.apache.catalina.core.StandardContext.reload Reloading Context with name [/WebApplication1] is completed
17-Sep-2018 11:28:10.296 INFO [http-nio-8080-exec-40] org.apache.catalina.core.StandardContext.reload Reloading Context with name [/WebApplication1] has started
17-Sep-2018 11:28:10.298 INFO [http-nio-8080-exec-40] org.springframework.context.support.AbstractApplicationContext.doClose Closing WebApplicationContext for namespace 'dispatcher-servlet': startup date [Mon Sep 17 11:27:54 ICT 2018]; parent: Root WebApplicationContext
17-Sep-2018 11:28:10.303 INFO [http-nio-8080-exec-40] org.springframework.context.support.AbstractApplicationContext.doClose Closing Root WebApplicationContext: startup date [Mon Sep 17 11:27:54 ICT 2018]; root of context hierarchy
17-Sep-2018 11:28:11.420 INFO [http-nio-8080-exec-40] org.apache.jasper.servlet.TldScanner.scanJars At least one JAR was scanned for TLDs yet contained no TLDs. Enable debug logging for this logger for a complete list of JARs that were scanned but no TLDs were found in them. Skipping unneeded JARs during scanning can improve startup time and JSP compilation time.
17-Sep-2018 11:28:11.465 INFO [http-nio-8080-exec-40] org.springframework.web.context.ContextLoader.initWebApplicationContext Root WebApplicationContext: initialization started
17-Sep-2018 11:28:11.613 INFO [http-nio-8080-exec-40] org.springframework.context.support.AbstractApplicationContext.prepareRefresh Refreshing Root WebApplicationContext: startup date [Mon Sep 17 11:28:11 ICT 2018]; root of context hierarchy
17-Sep-2018 11:28:11.712 INFO [http-nio-8080-exec-40] org.springframework.beans.factory.xml.XmlBeanDefinitionReader.loadBeanDefinitions Loading XML bean definitions from ServletContext resource [/WEB-INF/applicationContext.xml]
17-Sep-2018 11:28:11.802 INFO [http-nio-8080-exec-40] org.springframework.web.context.ContextLoader.initWebApplicationContext Root WebApplicationContext: initialization completed in 337 ms
17-Sep-2018 11:28:11.824 INFO [http-nio-8080-exec-40] org.springframework.web.servlet.FrameworkServlet.initServletBean FrameworkServlet 'dispatcher': initialization started
17-Sep-2018 11:28:11.836 INFO [http-nio-8080-exec-40] org.springframework.context.support.AbstractApplicationContext.prepareRefresh Refreshing WebApplicationContext for namespace 'dispatcher-servlet': startup date [Mon Sep 17 11:28:11 ICT 2018]; parent: Root WebApplicationContext
17-Sep-2018 11:28:11.838 INFO [http-nio-8080-exec-40] org.springframework.beans.factory.xml.XmlBeanDefinitionReader.loadBeanDefinitions Loading XML bean definitions from ServletContext resource [/WEB-INF/dispatcher-servlet.xml]
17-Sep-2018 11:28:12.012 INFO [http-nio-8080-exec-40] org.springframework.web.servlet.handler.AbstractUrlHandlerMapping.registerHandler Mapped URL path [/index.htm] onto handler 'indexController'
17-Sep-2018 11:28:12.146 INFO [http-nio-8080-exec-40] org.springframework.web.servlet.FrameworkServlet.initServletBean FrameworkServlet 'dispatcher': initialization completed in 322 ms
17-Sep-2018 11:28:12.149 INFO [http-nio-8080-exec-40] org.apache.catalina.core.StandardContext.reload Reloading Context with name [/WebApplication1] is completed
17-Sep-2018 11:28:58.984 INFO [http-nio-8080-exec-49] org.apache.catalina.core.StandardContext.reload Reloading Context with name [/WebApplication1] has started
17-Sep-2018 11:28:58.989 INFO [http-nio-8080-exec-49] org.springframework.context.support.AbstractApplicationContext.doClose Closing WebApplicationContext for namespace 'dispatcher-servlet': startup date [Mon Sep 17 11:28:11 ICT 2018]; parent: Root WebApplicationContext
17-Sep-2018 11:28:59.026 INFO [http-nio-8080-exec-49] org.springframework.context.support.AbstractApplicationContext.doClose Closing Root WebApplicationContext: startup date [Mon Sep 17 11:28:11 ICT 2018]; root of context hierarchy
17-Sep-2018 11:29:00.597 INFO [http-nio-8080-exec-49] org.apache.jasper.servlet.TldScanner.scanJars At least one JAR was scanned for TLDs yet contained no TLDs. Enable debug logging for this logger for a complete list of JARs that were scanned but no TLDs were found in them. Skipping unneeded JARs during scanning can improve startup time and JSP compilation time.
17-Sep-2018 11:29:00.650 INFO [http-nio-8080-exec-49] org.springframework.web.context.ContextLoader.initWebApplicationContext Root WebApplicationContext: initialization started
17-Sep-2018 11:29:00.863 INFO [http-nio-8080-exec-49] org.springframework.context.support.AbstractApplicationContext.prepareRefresh Refreshing Root WebApplicationContext: startup date [Mon Sep 17 11:29:00 ICT 2018]; root of context hierarchy
17-Sep-2018 11:29:01.200 INFO [http-nio-8080-exec-49] org.springframework.beans.factory.xml.XmlBeanDefinitionReader.loadBeanDefinitions Loading XML bean definitions from ServletContext resource [/WEB-INF/applicationContext.xml]
17-Sep-2018 11:29:01.281 INFO [http-nio-8080-exec-49] org.springframework.web.context.ContextLoader.initWebApplicationContext Root WebApplicationContext: initialization completed in 631 ms
17-Sep-2018 11:29:01.309 INFO [http-nio-8080-exec-49] org.springframework.web.servlet.FrameworkServlet.initServletBean FrameworkServlet 'dispatcher': initialization started
17-Sep-2018 11:29:01.321 INFO [http-nio-8080-exec-49] org.springframework.context.support.AbstractApplicationContext.prepareRefresh Refreshing WebApplicationContext for namespace 'dispatcher-servlet': startup date [Mon Sep 17 11:29:01 ICT 2018]; parent: Root WebApplicationContext
17-Sep-2018 11:29:01.323 INFO [http-nio-8080-exec-49] org.springframework.beans.factory.xml.XmlBeanDefinitionReader.loadBeanDefinitions Loading XML bean definitions from ServletContext resource [/WEB-INF/dispatcher-servlet.xml]
17-Sep-2018 11:29:01.578 INFO [http-nio-8080-exec-49] org.springframework.web.servlet.handler.AbstractUrlHandlerMapping.registerHandler Mapped URL path [/index.htm] onto handler 'indexController'
17-Sep-2018 11:29:01.661 INFO [http-nio-8080-exec-49] org.springframework.web.servlet.FrameworkServlet.initServletBean FrameworkServlet 'dispatcher': initialization completed in 352 ms
17-Sep-2018 11:29:01.664 INFO [http-nio-8080-exec-49] org.apache.catalina.core.StandardContext.reload Reloading Context with name [/WebApplication1] is completed
17-Sep-2018 11:29:03.394 INFO [http-nio-8080-exec-44] org.apache.catalina.core.StandardContext.reload Reloading Context with name [/WebApplication1] has started
17-Sep-2018 11:29:03.399 INFO [http-nio-8080-exec-44] org.springframework.context.support.AbstractApplicationContext.doClose Closing WebApplicationContext for namespace 'dispatcher-servlet': startup date [Mon Sep 17 11:29:01 ICT 2018]; parent: Root WebApplicationContext
17-Sep-2018 11:29:03.409 INFO [http-nio-8080-exec-44] org.springframework.context.support.AbstractApplicationContext.doClose Closing Root WebApplicationContext: startup date [Mon Sep 17 11:29:00 ICT 2018]; root of context hierarchy
17-Sep-2018 11:29:04.919 INFO [http-nio-8080-exec-44] org.apache.jasper.servlet.TldScanner.scanJars At least one JAR was scanned for TLDs yet contained no TLDs. Enable debug logging for this logger for a complete list of JARs that were scanned but no TLDs were found in them. Skipping unneeded JARs during scanning can improve startup time and JSP compilation time.
17-Sep-2018 11:29:04.979 INFO [http-nio-8080-exec-44] org.springframework.web.context.ContextLoader.initWebApplicationContext Root WebApplicationContext: initialization started
17-Sep-2018 11:29:05.199 INFO [http-nio-8080-exec-44] org.springframework.context.support.AbstractApplicationContext.prepareRefresh Refreshing Root WebApplicationContext: startup date [Mon Sep 17 11:29:05 ICT 2018]; root of context hierarchy
17-Sep-2018 11:29:05.336 INFO [http-nio-8080-exec-44] org.springframework.beans.factory.xml.XmlBeanDefinitionReader.loadBeanDefinitions Loading XML bean definitions from ServletContext resource [/WEB-INF/applicationContext.xml]
17-Sep-2018 11:29:05.445 INFO [http-nio-8080-exec-44] org.springframework.web.context.ContextLoader.initWebApplicationContext Root WebApplicationContext: initialization completed in 466 ms
17-Sep-2018 11:29:05.479 INFO [http-nio-8080-exec-44] org.springframework.web.servlet.FrameworkServlet.initServletBean FrameworkServlet 'dispatcher': initialization started
17-Sep-2018 11:29:05.487 INFO [http-nio-8080-exec-44] org.springframework.context.support.AbstractApplicationContext.prepareRefresh Refreshing WebApplicationContext for namespace 'dispatcher-servlet': startup date [Mon Sep 17 11:29:05 ICT 2018]; parent: Root WebApplicationContext
17-Sep-2018 11:29:05.488 INFO [http-nio-8080-exec-44] org.springframework.beans.factory.xml.XmlBeanDefinitionReader.loadBeanDefinitions Loading XML bean definitions from ServletContext resource [/WEB-INF/dispatcher-servlet.xml]
17-Sep-2018 11:29:05.675 INFO [http-nio-8080-exec-44] org.springframework.web.servlet.handler.AbstractUrlHandlerMapping.registerHandler Mapped URL path [/index.htm] onto handler 'indexController'
17-Sep-2018 11:29:05.762 INFO [http-nio-8080-exec-44] org.springframework.web.servlet.FrameworkServlet.initServletBean FrameworkServlet 'dispatcher': initialization completed in 283 ms
17-Sep-2018 11:29:05.764 INFO [http-nio-8080-exec-44] org.apache.catalina.core.StandardContext.reload Reloading Context with name [/WebApplication1] is completed
17-Sep-2018 11:29:33.382 INFO [http-nio-8080-exec-37] org.apache.catalina.core.StandardContext.reload Reloading Context with name [/WebApplication1] has started
17-Sep-2018 11:29:33.388 INFO [http-nio-8080-exec-37] org.springframework.context.support.AbstractApplicationContext.doClose Closing WebApplicationContext for namespace 'dispatcher-servlet': startup date [Mon Sep 17 11:29:05 ICT 2018]; parent: Root WebApplicationContext
17-Sep-2018 11:29:33.394 INFO [http-nio-8080-exec-37] org.springframework.context.support.AbstractApplicationContext.doClose Closing Root WebApplicationContext: startup date [Mon Sep 17 11:29:05 ICT 2018]; root of context hierarchy
17-Sep-2018 11:29:34.753 INFO [http-nio-8080-exec-37] org.apache.jasper.servlet.TldScanner.scanJars At least one JAR was scanned for TLDs yet contained no TLDs. Enable debug logging for this logger for a complete list of JARs that were scanned but no TLDs were found in them. Skipping unneeded JARs during scanning can improve startup time and JSP compilation time.
17-Sep-2018 11:29:34.804 INFO [http-nio-8080-exec-37] org.springframework.web.context.ContextLoader.initWebApplicationContext Root WebApplicationContext: initialization started
17-Sep-2018 11:29:34.949 INFO [http-nio-8080-exec-37] org.springframework.context.support.AbstractApplicationContext.prepareRefresh Refreshing Root WebApplicationContext: startup date [Mon Sep 17 11:29:34 ICT 2018]; root of context hierarchy
17-Sep-2018 11:29:35.056 INFO [http-nio-8080-exec-37] org.springframework.beans.factory.xml.XmlBeanDefinitionReader.loadBeanDefinitions Loading XML bean definitions from ServletContext resource [/WEB-INF/applicationContext.xml]
17-Sep-2018 11:29:35.141 INFO [http-nio-8080-exec-37] org.springframework.web.context.ContextLoader.initWebApplicationContext Root WebApplicationContext: initialization completed in 337 ms
17-Sep-2018 11:29:35.181 INFO [http-nio-8080-exec-37] org.springframework.web.servlet.FrameworkServlet.initServletBean FrameworkServlet 'dispatcher': initialization started
17-Sep-2018 11:29:35.186 INFO [http-nio-8080-exec-37] org.springframework.context.support.AbstractApplicationContext.prepareRefresh Refreshing WebApplicationContext for namespace 'dispatcher-servlet': startup date [Mon Sep 17 11:29:35 ICT 2018]; parent: Root WebApplicationContext
17-Sep-2018 11:29:35.188 INFO [http-nio-8080-exec-37] org.springframework.beans.factory.xml.XmlBeanDefinitionReader.loadBeanDefinitions Loading XML bean definitions from ServletContext resource [/WEB-INF/dispatcher-servlet.xml]
17-Sep-2018 11:29:35.414 INFO [http-nio-8080-exec-37] org.springframework.web.servlet.handler.AbstractUrlHandlerMapping.registerHandler Mapped URL path [/index.htm] onto handler 'indexController'
17-Sep-2018 11:29:35.537 INFO [http-nio-8080-exec-37] org.springframework.web.servlet.FrameworkServlet.initServletBean FrameworkServlet 'dispatcher': initialization completed in 356 ms
17-Sep-2018 11:29:35.541 INFO [http-nio-8080-exec-37] org.apache.catalina.core.StandardContext.reload Reloading Context with name [/WebApplication1] is completed
17-Sep-2018 11:29:38.437 INFO [http-nio-8080-exec-50] org.apache.catalina.core.StandardContext.reload Reloading Context with name [/WebApplication1] has started
17-Sep-2018 11:29:38.441 INFO [http-nio-8080-exec-50] org.springframework.context.support.AbstractApplicationContext.doClose Closing WebApplicationContext for namespace 'dispatcher-servlet': startup date [Mon Sep 17 11:29:35 ICT 2018]; parent: Root WebApplicationContext
17-Sep-2018 11:29:38.447 INFO [http-nio-8080-exec-50] org.springframework.context.support.AbstractApplicationContext.doClose Closing Root WebApplicationContext: startup date [Mon Sep 17 11:29:34 ICT 2018]; root of context hierarchy
17-Sep-2018 11:29:39.786 INFO [http-nio-8080-exec-50] org.apache.jasper.servlet.TldScanner.scanJars At least one JAR was scanned for TLDs yet contained no TLDs. Enable debug logging for this logger for a complete list of JARs that were scanned but no TLDs were found in them. Skipping unneeded JARs during scanning can improve startup time and JSP compilation time.
17-Sep-2018 11:29:39.825 INFO [http-nio-8080-exec-50] org.springframework.web.context.ContextLoader.initWebApplicationContext Root WebApplicationContext: initialization started
17-Sep-2018 11:29:39.951 INFO [http-nio-8080-exec-50] org.springframework.context.support.AbstractApplicationContext.prepareRefresh Refreshing Root WebApplicationContext: startup date [Mon Sep 17 11:29:39 ICT 2018]; root of context hierarchy
17-Sep-2018 11:29:40.023 INFO [http-nio-8080-exec-50] org.springframework.beans.factory.xml.XmlBeanDefinitionReader.loadBeanDefinitions Loading XML bean definitions from ServletContext resource [/WEB-INF/applicationContext.xml]
17-Sep-2018 11:29:40.102 INFO [http-nio-8080-exec-50] org.springframework.web.context.ContextLoader.initWebApplicationContext Root WebApplicationContext: initialization completed in 277 ms
17-Sep-2018 11:29:40.129 INFO [http-nio-8080-exec-50] org.springframework.web.servlet.FrameworkServlet.initServletBean FrameworkServlet 'dispatcher': initialization started
17-Sep-2018 11:29:40.134 INFO [http-nio-8080-exec-50] org.springframework.context.support.AbstractApplicationContext.prepareRefresh Refreshing WebApplicationContext for namespace 'dispatcher-servlet': startup date [Mon Sep 17 11:29:40 ICT 2018]; parent: Root WebApplicationContext
17-Sep-2018 11:29:40.135 INFO [http-nio-8080-exec-50] org.springframework.beans.factory.xml.XmlBeanDefinitionReader.loadBeanDefinitions Loading XML bean definitions from ServletContext resource [/WEB-INF/dispatcher-servlet.xml]
17-Sep-2018 11:29:40.264 INFO [http-nio-8080-exec-50] org.springframework.web.servlet.handler.AbstractUrlHandlerMapping.registerHandler Mapped URL path [/index.htm] onto handler 'indexController'
17-Sep-2018 11:29:40.339 INFO [http-nio-8080-exec-50] org.springframework.web.servlet.FrameworkServlet.initServletBean FrameworkServlet 'dispatcher': initialization completed in 209 ms
17-Sep-2018 11:29:40.341 INFO [http-nio-8080-exec-50] org.apache.catalina.core.StandardContext.reload Reloading Context with name [/WebApplication1] is completed
17-Sep-2018 11:29:54.517 INFO [http-nio-8080-exec-56] org.apache.catalina.core.StandardContext.reload Reloading Context with name [/WebApplication1] has started
17-Sep-2018 11:29:54.522 INFO [http-nio-8080-exec-56] org.springframework.context.support.AbstractApplicationContext.doClose Closing WebApplicationContext for namespace 'dispatcher-servlet': startup date [Mon Sep 17 11:29:40 ICT 2018]; parent: Root WebApplicationContext
17-Sep-2018 11:29:54.528 INFO [http-nio-8080-exec-56] org.springframework.context.support.AbstractApplicationContext.doClose Closing Root WebApplicationContext: startup date [Mon Sep 17 11:29:39 ICT 2018]; root of context hierarchy
17-Sep-2018 11:29:55.617 INFO [http-nio-8080-exec-56] org.apache.jasper.servlet.TldScanner.scanJars At least one JAR was scanned for TLDs yet contained no TLDs. Enable debug logging for this logger for a complete list of JARs that were scanned but no TLDs were found in them. Skipping unneeded JARs during scanning can improve startup time and JSP compilation time.
17-Sep-2018 11:29:55.664 INFO [http-nio-8080-exec-56] org.springframework.web.context.ContextLoader.initWebApplicationContext Root WebApplicationContext: initialization started
17-Sep-2018 11:29:55.816 INFO [http-nio-8080-exec-56] org.springframework.context.support.AbstractApplicationContext.prepareRefresh Refreshing Root WebApplicationContext: startup date [Mon Sep 17 11:29:55 ICT 2018]; root of context hierarchy
17-Sep-2018 11:29:55.886 INFO [http-nio-8080-exec-56] org.springframework.beans.factory.xml.XmlBeanDefinitionReader.loadBeanDefinitions Loading XML bean definitions from ServletContext resource [/WEB-INF/applicationContext.xml]
17-Sep-2018 11:29:55.954 INFO [http-nio-8080-exec-56] org.springframework.web.context.ContextLoader.initWebApplicationContext Root WebApplicationContext: initialization completed in 288 ms
17-Sep-2018 11:29:55.979 INFO [http-nio-8080-exec-56] org.springframework.web.servlet.FrameworkServlet.initServletBean FrameworkServlet 'dispatcher': initialization started
17-Sep-2018 11:29:55.986 INFO [http-nio-8080-exec-56] org.springframework.context.support.AbstractApplicationContext.prepareRefresh Refreshing WebApplicationContext for namespace 'dispatcher-servlet': startup date [Mon Sep 17 11:29:55 ICT 2018]; parent: Root WebApplicationContext
17-Sep-2018 11:29:55.987 INFO [http-nio-8080-exec-56] org.springframework.beans.factory.xml.XmlBeanDefinitionReader.loadBeanDefinitions Loading XML bean definitions from ServletContext resource [/WEB-INF/dispatcher-servlet.xml]
17-Sep-2018 11:29:56.116 INFO [http-nio-8080-exec-56] org.springframework.web.servlet.handler.AbstractUrlHandlerMapping.registerHandler Mapped URL path [/index.htm] onto handler 'indexController'
17-Sep-2018 11:29:56.190 INFO [http-nio-8080-exec-56] org.springframework.web.servlet.FrameworkServlet.initServletBean FrameworkServlet 'dispatcher': initialization completed in 211 ms
17-Sep-2018 11:29:56.193 INFO [http-nio-8080-exec-56] org.apache.catalina.core.StandardContext.reload Reloading Context with name [/WebApplication1] is completed
17-Sep-2018 11:32:02.748 INFO [http-nio-8080-exec-59] org.apache.catalina.core.StandardContext.reload Reloading Context with name [/WebApplication1] has started
17-Sep-2018 11:32:02.751 INFO [http-nio-8080-exec-59] org.springframework.context.support.AbstractApplicationContext.doClose Closing WebApplicationContext for namespace 'dispatcher-servlet': startup date [Mon Sep 17 11:29:55 ICT 2018]; parent: Root WebApplicationContext
17-Sep-2018 11:32:02.825 INFO [http-nio-8080-exec-59] org.springframework.context.support.AbstractApplicationContext.doClose Closing Root WebApplicationContext: startup date [Mon Sep 17 11:29:55 ICT 2018]; root of context hierarchy
17-Sep-2018 11:32:05.091 INFO [http-nio-8080-exec-59] org.apache.jasper.servlet.TldScanner.scanJars At least one JAR was scanned for TLDs yet contained no TLDs. Enable debug logging for this logger for a complete list of JARs that were scanned but no TLDs were found in them. Skipping unneeded JARs during scanning can improve startup time and JSP compilation time.
17-Sep-2018 11:32:05.139 INFO [http-nio-8080-exec-59] org.springframework.web.context.ContextLoader.initWebApplicationContext Root WebApplicationContext: initialization started
17-Sep-2018 11:32:05.330 INFO [http-nio-8080-exec-59] org.springframework.context.support.AbstractApplicationContext.prepareRefresh Refreshing Root WebApplicationContext: startup date [Mon Sep 17 11:32:05 ICT 2018]; root of context hierarchy
17-Sep-2018 11:32:05.544 INFO [http-nio-8080-exec-59] org.springframework.beans.factory.xml.XmlBeanDefinitionReader.loadBeanDefinitions Loading XML bean definitions from ServletContext resource [/WEB-INF/applicationContext.xml]
17-Sep-2018 11:32:05.633 INFO [http-nio-8080-exec-59] org.springframework.web.context.ContextLoader.initWebApplicationContext Root WebApplicationContext: initialization completed in 493 ms
17-Sep-2018 11:32:05.656 INFO [http-nio-8080-exec-59] org.springframework.web.servlet.FrameworkServlet.initServletBean FrameworkServlet 'dispatcher': initialization started
17-Sep-2018 11:32:05.661 INFO [http-nio-8080-exec-59] org.springframework.context.support.AbstractApplicationContext.prepareRefresh Refreshing WebApplicationContext for namespace 'dispatcher-servlet': startup date [Mon Sep 17 11:32:05 ICT 2018]; parent: Root WebApplicationContext
17-Sep-2018 11:32:05.663 INFO [http-nio-8080-exec-59] org.springframework.beans.factory.xml.XmlBeanDefinitionReader.loadBeanDefinitions Loading XML bean definitions from ServletContext resource [/WEB-INF/dispatcher-servlet.xml]
17-Sep-2018 11:32:05.838 INFO [http-nio-8080-exec-59] org.springframework.web.servlet.handler.AbstractUrlHandlerMapping.registerHandler Mapped URL path [/index.htm] onto handler 'indexController'
17-Sep-2018 11:32:05.957 INFO [http-nio-8080-exec-59] org.springframework.web.servlet.FrameworkServlet.initServletBean FrameworkServlet 'dispatcher': initialization completed in 301 ms
17-Sep-2018 11:32:05.962 INFO [http-nio-8080-exec-59] org.apache.catalina.core.StandardContext.reload Reloading Context with name [/WebApplication1] is completed
17-Sep-2018 11:32:36.164 INFO [http-nio-8080-exec-65] org.apache.catalina.core.StandardContext.reload Reloading Context with name [/WebApplication1] has started
17-Sep-2018 11:32:36.168 INFO [http-nio-8080-exec-65] org.springframework.context.support.AbstractApplicationContext.doClose Closing WebApplicationContext for namespace 'dispatcher-servlet': startup date [Mon Sep 17 11:32:05 ICT 2018]; parent: Root WebApplicationContext
17-Sep-2018 11:32:36.174 INFO [http-nio-8080-exec-65] org.springframework.context.support.AbstractApplicationContext.doClose Closing Root WebApplicationContext: startup date [Mon Sep 17 11:32:05 ICT 2018]; root of context hierarchy
17-Sep-2018 11:32:37.355 INFO [http-nio-8080-exec-65] org.apache.jasper.servlet.TldScanner.scanJars At least one JAR was scanned for TLDs yet contained no TLDs. Enable debug logging for this logger for a complete list of JARs that were scanned but no TLDs were found in them. Skipping unneeded JARs during scanning can improve startup time and JSP compilation time.
17-Sep-2018 11:32:37.452 INFO [http-nio-8080-exec-65] org.springframework.web.context.ContextLoader.initWebApplicationContext Root WebApplicationContext: initialization started
17-Sep-2018 11:32:37.612 INFO [http-nio-8080-exec-65] org.springframework.context.support.AbstractApplicationContext.prepareRefresh Refreshing Root WebApplicationContext: startup date [Mon Sep 17 11:32:37 ICT 2018]; root of context hierarchy
17-Sep-2018 11:32:37.712 INFO [http-nio-8080-exec-65] org.springframework.beans.factory.xml.XmlBeanDefinitionReader.loadBeanDefinitions Loading XML bean definitions from ServletContext resource [/WEB-INF/applicationContext.xml]
17-Sep-2018 11:32:37.838 INFO [http-nio-8080-exec-65] org.springframework.web.context.ContextLoader.initWebApplicationContext Root WebApplicationContext: initialization completed in 386 ms
17-Sep-2018 11:32:37.884 INFO [http-nio-8080-exec-65] org.springframework.web.servlet.FrameworkServlet.initServletBean FrameworkServlet 'dispatcher': initialization started
17-Sep-2018 11:32:37.893 INFO [http-nio-8080-exec-65] org.springframework.context.support.AbstractApplicationContext.prepareRefresh Refreshing WebApplicationContext for namespace 'dispatcher-servlet': startup date [Mon Sep 17 11:32:37 ICT 2018]; parent: Root WebApplicationContext
17-Sep-2018 11:32:37.895 INFO [http-nio-8080-exec-65] org.springframework.beans.factory.xml.XmlBeanDefinitionReader.loadBeanDefinitions Loading XML bean definitions from ServletContext resource [/WEB-INF/dispatcher-servlet.xml]
17-Sep-2018 11:32:38.107 INFO [http-nio-8080-exec-65] org.springframework.web.servlet.handler.AbstractUrlHandlerMapping.registerHandler Mapped URL path [/index.htm] onto handler 'indexController'
17-Sep-2018 11:32:38.208 INFO [http-nio-8080-exec-65] org.springframework.web.servlet.FrameworkServlet.initServletBean FrameworkServlet 'dispatcher': initialization completed in 324 ms
17-Sep-2018 11:32:38.211 INFO [http-nio-8080-exec-65] org.apache.catalina.core.StandardContext.reload Reloading Context with name [/WebApplication1] is completed
17-Sep-2018 11:32:42.545 INFO [http-nio-8080-exec-60] org.apache.catalina.core.StandardContext.reload Reloading Context with name [/WebApplication1] has started
17-Sep-2018 11:32:42.549 INFO [http-nio-8080-exec-60] org.springframework.context.support.AbstractApplicationContext.doClose Closing WebApplicationContext for namespace 'dispatcher-servlet': startup date [Mon Sep 17 11:32:37 ICT 2018]; parent: Root WebApplicationContext
17-Sep-2018 11:32:42.554 INFO [http-nio-8080-exec-60] org.springframework.context.support.AbstractApplicationContext.doClose Closing Root WebApplicationContext: startup date [Mon Sep 17 11:32:37 ICT 2018]; root of context hierarchy
17-Sep-2018 11:32:43.889 INFO [http-nio-8080-exec-60] org.apache.jasper.servlet.TldScanner.scanJars At least one JAR was scanned for TLDs yet contained no TLDs. Enable debug logging for this logger for a complete list of JARs that were scanned but no TLDs were found in them. Skipping unneeded JARs during scanning can improve startup time and JSP compilation time.
17-Sep-2018 11:32:43.943 INFO [http-nio-8080-exec-60] org.springframework.web.context.ContextLoader.initWebApplicationContext Root WebApplicationContext: initialization started
17-Sep-2018 11:32:44.121 INFO [http-nio-8080-exec-60] org.springframework.context.support.AbstractApplicationContext.prepareRefresh Refreshing Root WebApplicationContext: startup date [Mon Sep 17 11:32:44 ICT 2018]; root of context hierarchy
17-Sep-2018 11:32:44.188 INFO [http-nio-8080-exec-60] org.springframework.beans.factory.xml.XmlBeanDefinitionReader.loadBeanDefinitions Loading XML bean definitions from ServletContext resource [/WEB-INF/applicationContext.xml]
17-Sep-2018 11:32:44.266 INFO [http-nio-8080-exec-60] org.springframework.web.context.ContextLoader.initWebApplicationContext Root WebApplicationContext: initialization completed in 323 ms
17-Sep-2018 11:32:44.303 INFO [http-nio-8080-exec-60] org.springframework.web.servlet.FrameworkServlet.initServletBean FrameworkServlet 'dispatcher': initialization started
17-Sep-2018 11:32:44.308 INFO [http-nio-8080-exec-60] org.springframework.context.support.AbstractApplicationContext.prepareRefresh Refreshing WebApplicationContext for namespace 'dispatcher-servlet': startup date [Mon Sep 17 11:32:44 ICT 2018]; parent: Root WebApplicationContext
17-Sep-2018 11:32:44.309 INFO [http-nio-8080-exec-60] org.springframework.beans.factory.xml.XmlBeanDefinitionReader.loadBeanDefinitions Loading XML bean definitions from ServletContext resource [/WEB-INF/dispatcher-servlet.xml]
17-Sep-2018 11:32:44.504 INFO [http-nio-8080-exec-60] org.springframework.web.servlet.handler.AbstractUrlHandlerMapping.registerHandler Mapped URL path [/index.htm] onto handler 'indexController'
17-Sep-2018 11:32:44.577 INFO [http-nio-8080-exec-60] org.springframework.web.servlet.FrameworkServlet.initServletBean FrameworkServlet 'dispatcher': initialization completed in 274 ms
17-Sep-2018 11:32:44.579 INFO [http-nio-8080-exec-60] org.apache.catalina.core.StandardContext.reload Reloading Context with name [/WebApplication1] is completed
17-Sep-2018 11:32:46.445 INFO [http-nio-8080-exec-43] org.apache.catalina.core.StandardContext.reload Reloading Context with name [/WebApplication1] has started
17-Sep-2018 11:32:46.448 INFO [http-nio-8080-exec-43] org.springframework.context.support.AbstractApplicationContext.doClose Closing WebApplicationContext for namespace 'dispatcher-servlet': startup date [Mon Sep 17 11:32:44 ICT 2018]; parent: Root WebApplicationContext
17-Sep-2018 11:32:46.452 INFO [http-nio-8080-exec-43] org.springframework.context.support.AbstractApplicationContext.doClose Closing Root WebApplicationContext: startup date [Mon Sep 17 11:32:44 ICT 2018]; root of context hierarchy
17-Sep-2018 11:32:47.852 INFO [http-nio-8080-exec-43] org.apache.jasper.servlet.TldScanner.scanJars At least one JAR was scanned for TLDs yet contained no TLDs. Enable debug logging for this logger for a complete list of JARs that were scanned but no TLDs were found in them. Skipping unneeded JARs during scanning can improve startup time and JSP compilation time.
17-Sep-2018 11:32:47.907 INFO [http-nio-8080-exec-43] org.springframework.web.context.ContextLoader.initWebApplicationContext Root WebApplicationContext: initialization started
17-Sep-2018 11:32:48.067 INFO [http-nio-8080-exec-43] org.springframework.context.support.AbstractApplicationContext.prepareRefresh Refreshing Root WebApplicationContext: startup date [Mon Sep 17 11:32:48 ICT 2018]; root of context hierarchy
17-Sep-2018 11:32:48.139 INFO [http-nio-8080-exec-43] org.springframework.beans.factory.xml.XmlBeanDefinitionReader.loadBeanDefinitions Loading XML bean definitions from ServletContext resource [/WEB-INF/applicationContext.xml]
17-Sep-2018 11:32:48.215 INFO [http-nio-8080-exec-43] org.springframework.web.context.ContextLoader.initWebApplicationContext Root WebApplicationContext: initialization completed in 308 ms
17-Sep-2018 11:32:48.245 INFO [http-nio-8080-exec-43] org.springframework.web.servlet.FrameworkServlet.initServletBean FrameworkServlet 'dispatcher': initialization started
17-Sep-2018 11:32:48.250 INFO [http-nio-8080-exec-43] org.springframework.context.support.AbstractApplicationContext.prepareRefresh Refreshing WebApplicationContext for namespace 'dispatcher-servlet': startup date [Mon Sep 17 11:32:48 ICT 2018]; parent: Root WebApplicationContext
17-Sep-2018 11:32:48.251 INFO [http-nio-8080-exec-43] org.springframework.beans.factory.xml.XmlBeanDefinitionReader.loadBeanDefinitions Loading XML bean definitions from ServletContext resource [/WEB-INF/dispatcher-servlet.xml]
17-Sep-2018 11:32:48.403 INFO [http-nio-8080-exec-43] org.springframework.web.servlet.handler.AbstractUrlHandlerMapping.registerHandler Mapped URL path [/index.htm] onto handler 'indexController'
17-Sep-2018 11:32:48.488 INFO [http-nio-8080-exec-43] org.springframework.web.servlet.FrameworkServlet.initServletBean FrameworkServlet 'dispatcher': initialization completed in 243 ms
17-Sep-2018 11:32:48.489 INFO [http-nio-8080-exec-43] org.apache.catalina.core.StandardContext.reload Reloading Context with name [/WebApplication1] is completed
17-Sep-2018 11:32:52.549 INFO [http-nio-8080-exec-54] org.apache.catalina.core.StandardContext.reload Reloading Context with name [/WebApplication1] has started
17-Sep-2018 11:32:52.552 INFO [http-nio-8080-exec-54] org.springframework.context.support.AbstractApplicationContext.doClose Closing WebApplicationContext for namespace 'dispatcher-servlet': startup date [Mon Sep 17 11:32:48 ICT 2018]; parent: Root WebApplicationContext
17-Sep-2018 11:32:52.558 INFO [http-nio-8080-exec-54] org.springframework.context.support.AbstractApplicationContext.doClose Closing Root WebApplicationContext: startup date [Mon Sep 17 11:32:48 ICT 2018]; root of context hierarchy
17-Sep-2018 11:32:53.666 INFO [http-nio-8080-exec-54] org.apache.jasper.servlet.TldScanner.scanJars At least one JAR was scanned for TLDs yet contained no TLDs. Enable debug logging for this logger for a complete list of JARs that were scanned but no TLDs were found in them. Skipping unneeded JARs during scanning can improve startup time and JSP compilation time.
17-Sep-2018 11:32:53.725 INFO [http-nio-8080-exec-54] org.springframework.web.context.ContextLoader.initWebApplicationContext Root WebApplicationContext: initialization started
17-Sep-2018 11:32:53.905 INFO [http-nio-8080-exec-54] org.springframework.context.support.AbstractApplicationContext.prepareRefresh Refreshing Root WebApplicationContext: startup date [Mon Sep 17 11:32:53 ICT 2018]; root of context hierarchy
17-Sep-2018 11:32:53.976 INFO [http-nio-8080-exec-54] org.springframework.beans.factory.xml.XmlBeanDefinitionReader.loadBeanDefinitions Loading XML bean definitions from ServletContext resource [/WEB-INF/applicationContext.xml]
17-Sep-2018 11:32:54.061 INFO [http-nio-8080-exec-54] org.springframework.web.context.ContextLoader.initWebApplicationContext Root WebApplicationContext: initialization completed in 336 ms
17-Sep-2018 11:32:54.093 INFO [http-nio-8080-exec-54] org.springframework.web.servlet.FrameworkServlet.initServletBean FrameworkServlet 'dispatcher': initialization started
17-Sep-2018 11:32:54.106 INFO [http-nio-8080-exec-54] org.springframework.context.support.AbstractApplicationContext.prepareRefresh Refreshing WebApplicationContext for namespace 'dispatcher-servlet': startup date [Mon Sep 17 11:32:54 ICT 2018]; parent: Root WebApplicationContext
17-Sep-2018 11:32:54.109 INFO [http-nio-8080-exec-54] org.springframework.beans.factory.xml.XmlBeanDefinitionReader.loadBeanDefinitions Loading XML bean definitions from ServletContext resource [/WEB-INF/dispatcher-servlet.xml]
17-Sep-2018 11:32:54.319 INFO [http-nio-8080-exec-54] org.springframework.web.servlet.handler.AbstractUrlHandlerMapping.registerHandler Mapped URL path [/index.htm] onto handler 'indexController'
17-Sep-2018 11:32:54.409 INFO [http-nio-8080-exec-54] org.springframework.web.servlet.FrameworkServlet.initServletBean FrameworkServlet 'dispatcher': initialization completed in 315 ms
17-Sep-2018 11:32:54.411 INFO [http-nio-8080-exec-54] org.apache.catalina.core.StandardContext.reload Reloading Context with name [/WebApplication1] is completed
17-Sep-2018 11:34:31.961 INFO [http-nio-8080-exec-74] org.apache.catalina.core.StandardContext.reload Reloading Context with name [/WebApplication1] has started
17-Sep-2018 11:34:31.966 INFO [http-nio-8080-exec-74] org.springframework.context.support.AbstractApplicationContext.doClose Closing WebApplicationContext for namespace 'dispatcher-servlet': startup date [Mon Sep 17 11:32:54 ICT 2018]; parent: Root WebApplicationContext
17-Sep-2018 11:34:32.176 INFO [http-nio-8080-exec-74] org.springframework.context.support.AbstractApplicationContext.doClose Closing Root WebApplicationContext: startup date [Mon Sep 17 11:32:53 ICT 2018]; root of context hierarchy
17-Sep-2018 11:34:33.540 INFO [http-nio-8080-exec-74] org.apache.jasper.servlet.TldScanner.scanJars At least one JAR was scanned for TLDs yet contained no TLDs. Enable debug logging for this logger for a complete list of JARs that were scanned but no TLDs were found in them. Skipping unneeded JARs during scanning can improve startup time and JSP compilation time.
17-Sep-2018 11:34:33.583 INFO [http-nio-8080-exec-74] org.springframework.web.context.ContextLoader.initWebApplicationContext Root WebApplicationContext: initialization started
17-Sep-2018 11:34:33.749 INFO [http-nio-8080-exec-74] org.springframework.context.support.AbstractApplicationContext.prepareRefresh Refreshing Root WebApplicationContext: startup date [Mon Sep 17 11:34:33 ICT 2018]; root of context hierarchy
17-Sep-2018 11:34:33.852 INFO [http-nio-8080-exec-74] org.springframework.beans.factory.xml.XmlBeanDefinitionReader.loadBeanDefinitions Loading XML bean definitions from ServletContext resource [/WEB-INF/applicationContext.xml]
17-Sep-2018 11:34:33.949 INFO [http-nio-8080-exec-74] org.springframework.web.context.ContextLoader.initWebApplicationContext Root WebApplicationContext: initialization completed in 366 ms
17-Sep-2018 11:34:33.988 INFO [http-nio-8080-exec-74] org.springframework.web.servlet.FrameworkServlet.initServletBean FrameworkServlet 'dispatcher': initialization started
17-Sep-2018 11:34:33.999 INFO [http-nio-8080-exec-74] org.springframework.context.support.AbstractApplicationContext.prepareRefresh Refreshing WebApplicationContext for namespace 'dispatcher-servlet': startup date [Mon Sep 17 11:34:33 ICT 2018]; parent: Root WebApplicationContext
17-Sep-2018 11:34:34.001 INFO [http-nio-8080-exec-74] org.springframework.beans.factory.xml.XmlBeanDefinitionReader.loadBeanDefinitions Loading XML bean definitions from ServletContext resource [/WEB-INF/dispatcher-servlet.xml]
17-Sep-2018 11:34:34.277 INFO [http-nio-8080-exec-74] org.springframework.web.servlet.handler.AbstractUrlHandlerMapping.registerHandler Mapped URL path [/index.htm] onto handler 'indexController'
17-Sep-2018 11:34:34.442 INFO [http-nio-8080-exec-74] org.springframework.web.servlet.FrameworkServlet.initServletBean FrameworkServlet 'dispatcher': initialization completed in 452 ms
17-Sep-2018 11:34:34.447 INFO [http-nio-8080-exec-74] org.apache.catalina.core.StandardContext.reload Reloading Context with name [/WebApplication1] is completed
17-Sep-2018 11:34:34.496 INFO [http-nio-8080-exec-82] org.apache.catalina.core.StandardContext.reload Reloading Context with name [/WebApplication1] has started
17-Sep-2018 11:34:34.499 INFO [http-nio-8080-exec-82] org.springframework.context.support.AbstractApplicationContext.doClose Closing WebApplicationContext for namespace 'dispatcher-servlet': startup date [Mon Sep 17 11:34:33 ICT 2018]; parent: Root WebApplicationContext
17-Sep-2018 11:34:34.505 INFO [http-nio-8080-exec-82] org.springframework.context.support.AbstractApplicationContext.doClose Closing Root WebApplicationContext: startup date [Mon Sep 17 11:34:33 ICT 2018]; root of context hierarchy
17-Sep-2018 11:34:35.969 INFO [http-nio-8080-exec-82] org.apache.jasper.servlet.TldScanner.scanJars At least one JAR was scanned for TLDs yet contained no TLDs. Enable debug logging for this logger for a complete list of JARs that were scanned but no TLDs were found in them. Skipping unneeded JARs during scanning can improve startup time and JSP compilation time.
17-Sep-2018 11:34:36.022 INFO [http-nio-8080-exec-82] org.springframework.web.context.ContextLoader.initWebApplicationContext Root WebApplicationContext: initialization started
17-Sep-2018 11:34:36.195 INFO [http-nio-8080-exec-82] org.springframework.context.support.AbstractApplicationContext.prepareRefresh Refreshing Root WebApplicationContext: startup date [Mon Sep 17 11:34:36 ICT 2018]; root of context hierarchy
17-Sep-2018 11:34:36.262 INFO [http-nio-8080-exec-82] org.springframework.beans.factory.xml.XmlBeanDefinitionReader.loadBeanDefinitions Loading XML bean definitions from ServletContext resource [/WEB-INF/applicationContext.xml]
17-Sep-2018 11:34:36.331 INFO [http-nio-8080-exec-82] org.springframework.web.context.ContextLoader.initWebApplicationContext Root WebApplicationContext: initialization completed in 308 ms
17-Sep-2018 11:34:36.362 INFO [http-nio-8080-exec-82] org.springframework.web.servlet.FrameworkServlet.initServletBean FrameworkServlet 'dispatcher': initialization started
17-Sep-2018 11:34:36.366 INFO [http-nio-8080-exec-82] org.springframework.context.support.AbstractApplicationContext.prepareRefresh Refreshing WebApplicationContext for namespace 'dispatcher-servlet': startup date [Mon Sep 17 11:34:36 ICT 2018]; parent: Root WebApplicationContext
17-Sep-2018 11:34:36.367 INFO [http-nio-8080-exec-82] org.springframework.beans.factory.xml.XmlBeanDefinitionReader.loadBeanDefinitions Loading XML bean definitions from ServletContext resource [/WEB-INF/dispatcher-servlet.xml]
17-Sep-2018 11:34:36.552 INFO [http-nio-8080-exec-82] org.springframework.web.servlet.handler.AbstractUrlHandlerMapping.registerHandler Mapped URL path [/index.htm] onto handler 'indexController'
17-Sep-2018 11:34:36.643 INFO [http-nio-8080-exec-82] org.springframework.web.servlet.FrameworkServlet.initServletBean FrameworkServlet 'dispatcher': initialization completed in 281 ms
17-Sep-2018 11:34:36.645 INFO [http-nio-8080-exec-82] org.apache.catalina.core.StandardContext.reload Reloading Context with name [/WebApplication1] is completed
17-Sep-2018 11:35:10.357 INFO [http-nio-8080-exec-80] org.apache.catalina.core.StandardContext.reload Reloading Context with name [/WebApplication1] has started
17-Sep-2018 11:35:10.361 INFO [http-nio-8080-exec-80] org.springframework.context.support.AbstractApplicationContext.doClose Closing WebApplicationContext for namespace 'dispatcher-servlet': startup date [Mon Sep 17 11:34:36 ICT 2018]; parent: Root WebApplicationContext
17-Sep-2018 11:35:10.369 INFO [http-nio-8080-exec-80] org.springframework.context.support.AbstractApplicationContext.doClose Closing Root WebApplicationContext: startup date [Mon Sep 17 11:34:36 ICT 2018]; root of context hierarchy
17-Sep-2018 11:35:12.102 INFO [http-nio-8080-exec-80] org.apache.jasper.servlet.TldScanner.scanJars At least one JAR was scanned for TLDs yet contained no TLDs. Enable debug logging for this logger for a complete list of JARs that were scanned but no TLDs were found in them. Skipping unneeded JARs during scanning can improve startup time and JSP compilation time.
17-Sep-2018 11:35:12.148 INFO [http-nio-8080-exec-80] org.springframework.web.context.ContextLoader.initWebApplicationContext Root WebApplicationContext: initialization started
17-Sep-2018 11:35:12.299 INFO [http-nio-8080-exec-80] org.springframework.context.support.AbstractApplicationContext.prepareRefresh Refreshing Root WebApplicationContext: startup date [Mon Sep 17 11:35:12 ICT 2018]; root of context hierarchy
17-Sep-2018 11:35:12.374 INFO [http-nio-8080-exec-80] org.springframework.beans.factory.xml.XmlBeanDefinitionReader.loadBeanDefinitions Loading XML bean definitions from ServletContext resource [/WEB-INF/applicationContext.xml]
17-Sep-2018 11:35:12.463 INFO [http-nio-8080-exec-80] org.springframework.web.context.ContextLoader.initWebApplicationContext Root WebApplicationContext: initialization completed in 315 ms
17-Sep-2018 11:35:12.500 INFO [http-nio-8080-exec-80] org.springframework.web.servlet.FrameworkServlet.initServletBean FrameworkServlet 'dispatcher': initialization started
17-Sep-2018 11:35:12.505 INFO [http-nio-8080-exec-80] org.springframework.context.support.AbstractApplicationContext.prepareRefresh Refreshing WebApplicationContext for namespace 'dispatcher-servlet': startup date [Mon Sep 17 11:35:12 ICT 2018]; parent: Root WebApplicationContext
17-Sep-2018 11:35:12.506 INFO [http-nio-8080-exec-80] org.springframework.beans.factory.xml.XmlBeanDefinitionReader.loadBeanDefinitions Loading XML bean definitions from ServletContext resource [/WEB-INF/dispatcher-servlet.xml]
17-Sep-2018 11:35:12.672 INFO [http-nio-8080-exec-80] org.springframework.web.servlet.handler.AbstractUrlHandlerMapping.registerHandler Mapped URL path [/index.htm] onto handler 'indexController'
17-Sep-2018 11:35:12.751 INFO [http-nio-8080-exec-80] org.springframework.web.servlet.FrameworkServlet.initServletBean FrameworkServlet 'dispatcher': initialization completed in 251 ms
17-Sep-2018 11:35:12.752 INFO [http-nio-8080-exec-80] org.apache.catalina.core.StandardContext.reload Reloading Context with name [/WebApplication1] is completed
17-Sep-2018 11:35:21.653 INFO [http-nio-8080-exec-58] org.apache.catalina.core.StandardContext.reload Reloading Context with name [/WebApplication1] has started
17-Sep-2018 11:35:21.656 INFO [http-nio-8080-exec-58] org.springframework.context.support.AbstractApplicationContext.doClose Closing WebApplicationContext for namespace 'dispatcher-servlet': startup date [Mon Sep 17 11:35:12 ICT 2018]; parent: Root WebApplicationContext
17-Sep-2018 11:35:21.661 INFO [http-nio-8080-exec-58] org.springframework.context.support.AbstractApplicationContext.doClose Closing Root WebApplicationContext: startup date [Mon Sep 17 11:35:12 ICT 2018]; root of context hierarchy
17-Sep-2018 11:35:23.269 INFO [http-nio-8080-exec-58] org.apache.jasper.servlet.TldScanner.scanJars At least one JAR was scanned for TLDs yet contained no TLDs. Enable debug logging for this logger for a complete list of JARs that were scanned but no TLDs were found in them. Skipping unneeded JARs during scanning can improve startup time and JSP compilation time.
17-Sep-2018 11:35:23.311 INFO [http-nio-8080-exec-58] org.springframework.web.context.ContextLoader.initWebApplicationContext Root WebApplicationContext: initialization started
17-Sep-2018 11:35:23.445 INFO [http-nio-8080-exec-58] org.springframework.context.support.AbstractApplicationContext.prepareRefresh Refreshing Root WebApplicationContext: startup date [Mon Sep 17 11:35:23 ICT 2018]; root of context hierarchy
17-Sep-2018 11:35:23.519 INFO [http-nio-8080-exec-58] org.springframework.beans.factory.xml.XmlBeanDefinitionReader.loadBeanDefinitions Loading XML bean definitions from ServletContext resource [/WEB-INF/applicationContext.xml]
17-Sep-2018 11:35:23.639 INFO [http-nio-8080-exec-58] org.springframework.web.context.ContextLoader.initWebApplicationContext Root WebApplicationContext: initialization completed in 328 ms
17-Sep-2018 11:35:23.665 INFO [http-nio-8080-exec-58] org.springframework.web.servlet.FrameworkServlet.initServletBean FrameworkServlet 'dispatcher': initialization started
17-Sep-2018 11:35:23.672 INFO [http-nio-8080-exec-58] org.springframework.context.support.AbstractApplicationContext.prepareRefresh Refreshing WebApplicationContext for namespace 'dispatcher-servlet': startup date [Mon Sep 17 11:35:23 ICT 2018]; parent: Root WebApplicationContext
17-Sep-2018 11:35:23.676 INFO [http-nio-8080-exec-58] org.springframework.beans.factory.xml.XmlBeanDefinitionReader.loadBeanDefinitions Loading XML bean definitions from ServletContext resource [/WEB-INF/dispatcher-servlet.xml]
17-Sep-2018 11:35:23.891 INFO [http-nio-8080-exec-58] org.springframework.web.servlet.handler.AbstractUrlHandlerMapping.registerHandler Mapped URL path [/index.htm] onto handler 'indexController'
17-Sep-2018 11:35:23.960 INFO [http-nio-8080-exec-58] org.springframework.web.servlet.FrameworkServlet.initServletBean FrameworkServlet 'dispatcher': initialization completed in 295 ms
17-Sep-2018 11:35:23.964 INFO [http-nio-8080-exec-58] org.apache.catalina.core.StandardContext.reload Reloading Context with name [/WebApplication1] is completed
17-Sep-2018 11:35:33.706 INFO [http-nio-8080-exec-88] org.apache.catalina.core.StandardContext.reload Reloading Context with name [/WebApplication1] has started
17-Sep-2018 11:35:33.710 INFO [http-nio-8080-exec-88] org.springframework.context.support.AbstractApplicationContext.doClose Closing WebApplicationContext for namespace 'dispatcher-servlet': startup date [Mon Sep 17 11:35:23 ICT 2018]; parent: Root WebApplicationContext
17-Sep-2018 11:35:33.715 INFO [http-nio-8080-exec-88] org.springframework.context.support.AbstractApplicationContext.doClose Closing Root WebApplicationContext: startup date [Mon Sep 17 11:35:23 ICT 2018]; root of context hierarchy
17-Sep-2018 11:35:35.074 INFO [http-nio-8080-exec-88] org.apache.jasper.servlet.TldScanner.scanJars At least one JAR was scanned for TLDs yet contained no TLDs. Enable debug logging for this logger for a complete list of JARs that were scanned but no TLDs were found in them. Skipping unneeded JARs during scanning can improve startup time and JSP compilation time.
17-Sep-2018 11:35:35.114 INFO [http-nio-8080-exec-88] org.springframework.web.context.ContextLoader.initWebApplicationContext Root WebApplicationContext: initialization started
17-Sep-2018 11:35:35.259 INFO [http-nio-8080-exec-88] org.springframework.context.support.AbstractApplicationContext.prepareRefresh Refreshing Root WebApplicationContext: startup date [Mon Sep 17 11:35:35 ICT 2018]; root of context hierarchy
17-Sep-2018 11:35:35.332 INFO [http-nio-8080-exec-88] org.springframework.beans.factory.xml.XmlBeanDefinitionReader.loadBeanDefinitions Loading XML bean definitions from ServletContext resource [/WEB-INF/applicationContext.xml]
17-Sep-2018 11:35:35.399 INFO [http-nio-8080-exec-88] org.springframework.web.context.ContextLoader.initWebApplicationContext Root WebApplicationContext: initialization completed in 285 ms
17-Sep-2018 11:35:35.422 INFO [http-nio-8080-exec-88] org.springframework.web.servlet.FrameworkServlet.initServletBean FrameworkServlet 'dispatcher': initialization started
17-Sep-2018 11:35:35.429 INFO [http-nio-8080-exec-88] org.springframework.context.support.AbstractApplicationContext.prepareRefresh Refreshing WebApplicationContext for namespace 'dispatcher-servlet': startup date [Mon Sep 17 11:35:35 ICT 2018]; parent: Root WebApplicationContext
17-Sep-2018 11:35:35.431 INFO [http-nio-8080-exec-88] org.springframework.beans.factory.xml.XmlBeanDefinitionReader.loadBeanDefinitions Loading XML bean definitions from ServletContext resource [/WEB-INF/dispatcher-servlet.xml]
17-Sep-2018 11:35:35.580 INFO [http-nio-8080-exec-88] org.springframework.web.servlet.handler.AbstractUrlHandlerMapping.registerHandler Mapped URL path [/index.htm] onto handler 'indexController'
17-Sep-2018 11:35:35.722 INFO [http-nio-8080-exec-88] org.springframework.web.servlet.FrameworkServlet.initServletBean FrameworkServlet 'dispatcher': initialization completed in 300 ms
17-Sep-2018 11:35:35.724 INFO [http-nio-8080-exec-88] org.apache.catalina.core.StandardContext.reload Reloading Context with name [/WebApplication1] is completed
17-Sep-2018 11:35:37.931 INFO [http-nio-8080-exec-90] org.apache.catalina.core.StandardContext.reload Reloading Context with name [/WebApplication1] has started
17-Sep-2018 11:35:37.932 INFO [http-nio-8080-exec-90] org.springframework.context.support.AbstractApplicationContext.doClose Closing WebApplicationContext for namespace 'dispatcher-servlet': startup date [Mon Sep 17 11:35:35 ICT 2018]; parent: Root WebApplicationContext
17-Sep-2018 11:35:37.936 INFO [http-nio-8080-exec-90] org.springframework.context.support.AbstractApplicationContext.doClose Closing Root WebApplicationContext: startup date [Mon Sep 17 11:35:35 ICT 2018]; root of context hierarchy
17-Sep-2018 11:35:39.387 INFO [http-nio-8080-exec-90] org.apache.jasper.servlet.TldScanner.scanJars At least one JAR was scanned for TLDs yet contained no TLDs. Enable debug logging for this logger for a complete list of JARs that were scanned but no TLDs were found in them. Skipping unneeded JARs during scanning can improve startup time and JSP compilation time.
17-Sep-2018 11:35:39.429 INFO [http-nio-8080-exec-90] org.springframework.web.context.ContextLoader.initWebApplicationContext Root WebApplicationContext: initialization started
17-Sep-2018 11:35:39.572 INFO [http-nio-8080-exec-90] org.springframework.context.support.AbstractApplicationContext.prepareRefresh Refreshing Root WebApplicationContext: startup date [Mon Sep 17 11:35:39 ICT 2018]; root of context hierarchy
17-Sep-2018 11:35:39.641 INFO [http-nio-8080-exec-90] org.springframework.beans.factory.xml.XmlBeanDefinitionReader.loadBeanDefinitions Loading XML bean definitions from ServletContext resource [/WEB-INF/applicationContext.xml]
17-Sep-2018 11:35:39.731 INFO [http-nio-8080-exec-90] org.springframework.web.context.ContextLoader.initWebApplicationContext Root WebApplicationContext: initialization completed in 302 ms
17-Sep-2018 11:35:39.759 INFO [http-nio-8080-exec-90] org.springframework.web.servlet.FrameworkServlet.initServletBean FrameworkServlet 'dispatcher': initialization started
17-Sep-2018 11:35:39.767 INFO [http-nio-8080-exec-90] org.springframework.context.support.AbstractApplicationContext.prepareRefresh Refreshing WebApplicationContext for namespace 'dispatcher-servlet': startup date [Mon Sep 17 11:35:39 ICT 2018]; parent: Root WebApplicationContext
17-Sep-2018 11:35:39.768 INFO [http-nio-8080-exec-90] org.springframework.beans.factory.xml.XmlBeanDefinitionReader.loadBeanDefinitions Loading XML bean definitions from ServletContext resource [/WEB-INF/dispatcher-servlet.xml]
17-Sep-2018 11:35:39.998 INFO [http-nio-8080-exec-90] org.springframework.web.servlet.handler.AbstractUrlHandlerMapping.registerHandler Mapped URL path [/index.htm] onto handler 'indexController'
17-Sep-2018 11:35:40.102 INFO [http-nio-8080-exec-90] org.springframework.web.servlet.FrameworkServlet.initServletBean FrameworkServlet 'dispatcher': initialization completed in 343 ms
17-Sep-2018 11:35:40.105 INFO [http-nio-8080-exec-90] org.apache.catalina.core.StandardContext.reload Reloading Context with name [/WebApplication1] is completed
17-Sep-2018 11:35:53.642 INFO [http-nio-8080-exec-76] org.apache.catalina.core.StandardContext.reload Reloading Context with name [/WebApplication1] has started
17-Sep-2018 11:35:53.646 INFO [http-nio-8080-exec-76] org.springframework.context.support.AbstractApplicationContext.doClose Closing WebApplicationContext for namespace 'dispatcher-servlet': startup date [Mon Sep 17 11:35:39 ICT 2018]; parent: Root WebApplicationContext
17-Sep-2018 11:35:53.653 INFO [http-nio-8080-exec-76] org.springframework.context.support.AbstractApplicationContext.doClose Closing Root WebApplicationContext: startup date [Mon Sep 17 11:35:39 ICT 2018]; root of context hierarchy
17-Sep-2018 11:35:54.804 INFO [http-nio-8080-exec-76] org.apache.jasper.servlet.TldScanner.scanJars At least one JAR was scanned for TLDs yet contained no TLDs. Enable debug logging for this logger for a complete list of JARs that were scanned but no TLDs were found in them. Skipping unneeded JARs during scanning can improve startup time and JSP compilation time.
17-Sep-2018 11:35:54.844 INFO [http-nio-8080-exec-76] org.springframework.web.context.ContextLoader.initWebApplicationContext Root WebApplicationContext: initialization started
17-Sep-2018 11:35:54.984 INFO [http-nio-8080-exec-76] org.springframework.context.support.AbstractApplicationContext.prepareRefresh Refreshing Root WebApplicationContext: startup date [Mon Sep 17 11:35:54 ICT 2018]; root of context hierarchy
17-Sep-2018 11:35:55.052 INFO [http-nio-8080-exec-76] org.springframework.beans.factory.xml.XmlBeanDefinitionReader.loadBeanDefinitions Loading XML bean definitions from ServletContext resource [/WEB-INF/applicationContext.xml]
17-Sep-2018 11:35:55.122 INFO [http-nio-8080-exec-76] org.springframework.web.context.ContextLoader.initWebApplicationContext Root WebApplicationContext: initialization completed in 278 ms
17-Sep-2018 11:35:55.148 INFO [http-nio-8080-exec-76] org.springframework.web.servlet.FrameworkServlet.initServletBean FrameworkServlet 'dispatcher': initialization started
17-Sep-2018 11:35:55.152 INFO [http-nio-8080-exec-76] org.springframework.context.support.AbstractApplicationContext.prepareRefresh Refreshing WebApplicationContext for namespace 'dispatcher-servlet': startup date [Mon Sep 17 11:35:55 ICT 2018]; parent: Root WebApplicationContext
17-Sep-2018 11:35:55.154 INFO [http-nio-8080-exec-76] org.springframework.beans.factory.xml.XmlBeanDefinitionReader.loadBeanDefinitions Loading XML bean definitions from ServletContext resource [/WEB-INF/dispatcher-servlet.xml]
17-Sep-2018 11:35:55.297 INFO [http-nio-8080-exec-76] org.springframework.web.servlet.handler.AbstractUrlHandlerMapping.registerHandler Mapped URL path [/index.htm] onto handler 'indexController'
17-Sep-2018 11:35:55.377 INFO [http-nio-8080-exec-76] org.springframework.web.servlet.FrameworkServlet.initServletBean FrameworkServlet 'dispatcher': initialization completed in 229 ms
17-Sep-2018 11:35:55.383 INFO [http-nio-8080-exec-76] org.apache.catalina.core.StandardContext.reload Reloading Context with name [/WebApplication1] is completed
17-Sep-2018 11:47:14.934 INFO [main] org.apache.catalina.core.StandardServer.await A valid shutdown command was received via the shutdown port. Stopping the Server instance.
17-Sep-2018 11:47:14.934 INFO [main] org.apache.coyote.AbstractProtocol.pause Pausing ProtocolHandler ["http-nio-8080"]
17-Sep-2018 11:47:15.215 INFO [main] org.apache.coyote.AbstractProtocol.pause Pausing ProtocolHandler ["ajp-nio-8009"]
17-Sep-2018 11:47:15.371 INFO [main] org.apache.catalina.core.StandardService.stopInternal Stopping service [Catalina]
17-Sep-2018 11:47:15.387 INFO [main] org.springframework.context.support.AbstractApplicationContext.doClose Closing WebApplicationContext for namespace 'dispatcher-servlet': startup date [Mon Sep 17 11:35:55 ICT 2018]; parent: Root WebApplicationContext
17-Sep-2018 11:47:15.402 INFO [main] org.springframework.context.support.AbstractApplicationContext.doClose Closing Root WebApplicationContext: startup date [Mon Sep 17 11:35:54 ICT 2018]; root of context hierarchy
17-Sep-2018 11:47:15.512 INFO [main] org.apache.coyote.AbstractProtocol.stop Stopping ProtocolHandler ["http-nio-8080"]
17-Sep-2018 11:47:15.512 INFO [main] org.apache.coyote.AbstractProtocol.stop Stopping ProtocolHandler ["ajp-nio-8009"]
17-Sep-2018 11:47:15.512 INFO [main] org.apache.coyote.AbstractProtocol.destroy Destroying ProtocolHandler ["http-nio-8080"]
17-Sep-2018 11:47:15.512 INFO [main] org.apache.coyote.AbstractProtocol.destroy Destroying ProtocolHandler ["ajp-nio-8009"]
