03-Dec-2018 22:21:12.549 INFO [main] org.apache.catalina.startup.VersionLoggerListener.log Server version:        Apache Tomcat/9.0.11
03-Dec-2018 22:21:12.566 INFO [main] org.apache.catalina.startup.VersionLoggerListener.log Server built:          Aug 11 2018 19:47:23 UTC
03-Dec-2018 22:21:12.566 INFO [main] org.apache.catalina.startup.VersionLoggerListener.log Server number:         9.0.11.0
03-Dec-2018 22:21:12.567 INFO [main] org.apache.catalina.startup.VersionLoggerListener.log OS Name:               Windows 10
03-Dec-2018 22:21:12.567 INFO [main] org.apache.catalina.startup.VersionLoggerListener.log OS Version:            10.0
03-Dec-2018 22:21:12.568 INFO [main] org.apache.catalina.startup.VersionLoggerListener.log Architecture:          amd64
03-Dec-2018 22:21:12.568 INFO [main] org.apache.catalina.startup.VersionLoggerListener.log Java Home:             C:\Program Files\Java\jdk1.8.0_161\jre
03-Dec-2018 22:21:12.569 INFO [main] org.apache.catalina.startup.VersionLoggerListener.log JVM Version:           1.8.0_161-b12
03-Dec-2018 22:21:12.569 INFO [main] org.apache.catalina.startup.VersionLoggerListener.log JVM Vendor:            Oracle Corporation
03-Dec-2018 22:21:12.580 INFO [main] org.apache.catalina.startup.VersionLoggerListener.log CATALINA_BASE:         F:\apache-tomcat-9.0.11
03-Dec-2018 22:21:12.580 INFO [main] org.apache.catalina.startup.VersionLoggerListener.log CATALINA_HOME:         F:\apache-tomcat-9.0.11
03-Dec-2018 22:21:12.581 INFO [main] org.apache.catalina.startup.VersionLoggerListener.log Command line argument: -Djava.util.logging.config.file=F:\apache-tomcat-9.0.11\conf\logging.properties
03-Dec-2018 22:21:12.582 INFO [main] org.apache.catalina.startup.VersionLoggerListener.log Command line argument: -Djava.util.logging.manager=org.apache.juli.ClassLoaderLogManager
03-Dec-2018 22:21:12.582 INFO [main] org.apache.catalina.startup.VersionLoggerListener.log Command line argument: -Dhttp.nonProxyHosts=localhost|127.0.0.1|DESKTOP-4RNQ7FA
03-Dec-2018 22:21:12.582 INFO [main] org.apache.catalina.startup.VersionLoggerListener.log Command line argument: -Djdk.tls.ephemeralDHKeySize=2048
03-Dec-2018 22:21:12.583 INFO [main] org.apache.catalina.startup.VersionLoggerListener.log Command line argument: -Djava.protocol.handler.pkgs=org.apache.catalina.webresources
03-Dec-2018 22:21:12.583 INFO [main] org.apache.catalina.startup.VersionLoggerListener.log Command line argument: -Dignore.endorsed.dirs=
03-Dec-2018 22:21:12.583 INFO [main] org.apache.catalina.startup.VersionLoggerListener.log Command line argument: -Dcatalina.base=F:\apache-tomcat-9.0.11
03-Dec-2018 22:21:12.584 INFO [main] org.apache.catalina.startup.VersionLoggerListener.log Command line argument: -Dcatalina.home=F:\apache-tomcat-9.0.11
03-Dec-2018 22:21:12.584 INFO [main] org.apache.catalina.startup.VersionLoggerListener.log Command line argument: -Djava.io.tmpdir=F:\apache-tomcat-9.0.11\temp
03-Dec-2018 22:21:12.584 INFO [main] org.apache.catalina.core.AprLifecycleListener.lifecycleEvent The APR based Apache Tomcat Native library which allows optimal performance in production environments was not found on the java.library.path: [C:\Program Files\Java\jdk1.8.0_161\bin;C:\Windows\Sun\Java\bin;C:\Windows\system32;C:\Windows;C:\Program Files\Java\jdk1.8.0_161\bin;C:\ProgramData\Oracle\Java\javapath;C:\Windows\system32;C:\Windows;C:\Windows\System32\Wbem;C:\Windows\System32\WindowsPowerShell\v1.0\;C:\Windows\System32\OpenSSH\;C:\Program Files\Microsoft SQL Server\Client SDK\ODBC\130\Tools\Binn\;C:\Program Files (x86)\Microsoft SQL Server\140\Tools\Binn\;C:\Program Files\Microsoft SQL Server\140\Tools\Binn\;C:\Program Files\Microsoft SQL Server\140\DTS\Binn\;C:\Program Files (x86)\Microsoft SQL Server\Client SDK\ODBC\130\Tools\Binn\;C:\Program Files (x86)\Microsoft SQL Server\140\DTS\Binn\;C:\Program Files (x86)\Microsoft SQL Server\140\Tools\Binn\ManagementStudio\;C:\TDM-GCC-64\bin;C:\Program Files\CMake\bin;C:\Windows\system32\config\systemprofile\.dnx\bin;C:\Program Files\Microsoft DNX\Dnvm\;C:\Program Files (x86)\Windows Kits\8.1\Windows Performance Toolkit\;C:\Program Files\Microsoft SQL Server\120\Tools\Binn\;C:\Users\Thuy Tran\AppData\Local\Microsoft\WindowsApps;;.]
03-Dec-2018 22:21:13.918 INFO [main] org.apache.coyote.AbstractProtocol.init Initializing ProtocolHandler ["http-nio-8080"]
03-Dec-2018 22:21:14.896 INFO [main] org.apache.tomcat.util.net.NioSelectorPool.getSharedSelector Using a shared selector for servlet write/read
03-Dec-2018 22:21:14.991 INFO [main] org.apache.coyote.AbstractProtocol.init Initializing ProtocolHandler ["ajp-nio-8009"]
03-Dec-2018 22:21:14.994 INFO [main] org.apache.tomcat.util.net.NioSelectorPool.getSharedSelector Using a shared selector for servlet write/read
03-Dec-2018 22:21:14.995 INFO [main] org.apache.catalina.startup.Catalina.load Initialization processed in 10535 ms
03-Dec-2018 22:21:15.165 INFO [main] org.apache.catalina.core.StandardService.startInternal Starting service [Catalina]
03-Dec-2018 22:21:15.165 INFO [main] org.apache.catalina.core.StandardEngine.startInternal Starting Servlet Engine: Apache Tomcat/9.0.11
03-Dec-2018 22:21:15.193 INFO [main] org.apache.catalina.startup.HostConfig.deployDescriptor Deploying deployment descriptor [F:\apache-tomcat-9.0.11\conf\Catalina\localhost\demo1.xml]
03-Dec-2018 22:21:15.290 WARNING [main] org.apache.catalina.startup.HostConfig.deployDescriptor The path attribute with value [/demo1] in deployment descriptor [F:\apache-tomcat-9.0.11\conf\Catalina\localhost\demo1.xml] has been ignored
03-Dec-2018 22:21:31.845 INFO [main] org.apache.jasper.servlet.TldScanner.scanJars At least one JAR was scanned for TLDs yet contained no TLDs. Enable debug logging for this logger for a complete list of JARs that were scanned but no TLDs were found in them. Skipping unneeded JARs during scanning can improve startup time and JSP compilation time.
03-Dec-2018 22:21:32.798 INFO [main] org.springframework.web.context.ContextLoader.initWebApplicationContext Root WebApplicationContext: initialization started
03-Dec-2018 22:21:33.265 INFO [main] org.springframework.context.support.AbstractApplicationContext.prepareRefresh Refreshing Root WebApplicationContext: startup date [Mon Dec 03 22:21:33 ICT 2018]; root of context hierarchy
03-Dec-2018 22:21:33.565 INFO [main] org.springframework.beans.factory.xml.XmlBeanDefinitionReader.loadBeanDefinitions Loading XML bean definitions from ServletContext resource [/WEB-INF/applicationContext.xml]
03-Dec-2018 22:21:34.247 INFO [main] org.springframework.web.context.ContextLoader.initWebApplicationContext Root WebApplicationContext: initialization completed in 1448 ms
03-Dec-2018 22:21:34.364 INFO [main] org.springframework.web.servlet.FrameworkServlet.initServletBean FrameworkServlet 'dispatcher': initialization started
03-Dec-2018 22:21:34.387 INFO [main] org.springframework.context.support.AbstractApplicationContext.prepareRefresh Refreshing WebApplicationContext for namespace 'dispatcher-servlet': startup date [Mon Dec 03 22:21:34 ICT 2018]; parent: Root WebApplicationContext
03-Dec-2018 22:21:34.402 INFO [main] org.springframework.beans.factory.xml.XmlBeanDefinitionReader.loadBeanDefinitions Loading XML bean definitions from ServletContext resource [/WEB-INF/dispatcher-servlet.xml]
03-Dec-2018 22:21:34.830 INFO [main] org.springframework.web.servlet.handler.AbstractUrlHandlerMapping.registerHandler Mapped URL path [/index.htm] onto handler 'indexController'
03-Dec-2018 22:21:35.064 INFO [main] org.springframework.web.servlet.FrameworkServlet.initServletBean FrameworkServlet 'dispatcher': initialization completed in 700 ms
03-Dec-2018 22:21:35.168 INFO [main] org.apache.catalina.startup.HostConfig.deployDescriptor Deployment of deployment descriptor [F:\apache-tomcat-9.0.11\conf\Catalina\localhost\demo1.xml] has finished in [19,965] ms
03-Dec-2018 22:21:35.168 INFO [main] org.apache.catalina.startup.HostConfig.deployDescriptor Deploying deployment descriptor [F:\apache-tomcat-9.0.11\conf\Catalina\localhost\SHOESWEB.xml]
03-Dec-2018 22:21:35.182 WARNING [main] org.apache.catalina.startup.HostConfig.deployDescriptor The path attribute with value [/SHOESWEB] in deployment descriptor [F:\apache-tomcat-9.0.11\conf\Catalina\localhost\SHOESWEB.xml] has been ignored
03-Dec-2018 22:21:40.179 INFO [main] org.apache.jasper.servlet.TldScanner.scanJars At least one JAR was scanned for TLDs yet contained no TLDs. Enable debug logging for this logger for a complete list of JARs that were scanned but no TLDs were found in them. Skipping unneeded JARs during scanning can improve startup time and JSP compilation time.
03-Dec-2018 22:21:40.186 INFO [main] org.apache.catalina.startup.HostConfig.deployDescriptor Deployment of deployment descriptor [F:\apache-tomcat-9.0.11\conf\Catalina\localhost\SHOESWEB.xml] has finished in [5,017] ms
03-Dec-2018 22:21:40.186 INFO [main] org.apache.catalina.startup.HostConfig.deployDescriptor Deploying deployment descriptor [F:\apache-tomcat-9.0.11\conf\Catalina\localhost\test.xml]
03-Dec-2018 22:21:40.201 WARNING [main] org.apache.catalina.startup.HostConfig.deployDescriptor The path attribute with value [/test] in deployment descriptor [F:\apache-tomcat-9.0.11\conf\Catalina\localhost\test.xml] has been ignored
03-Dec-2018 22:21:40.496 INFO [main] org.apache.catalina.startup.HostConfig.deployDescriptor Deployment of deployment descriptor [F:\apache-tomcat-9.0.11\conf\Catalina\localhost\test.xml] has finished in [309] ms
03-Dec-2018 22:21:40.496 INFO [main] org.apache.catalina.startup.HostConfig.deployDescriptor Deploying deployment descriptor [F:\apache-tomcat-9.0.11\conf\Catalina\localhost\WebApplication1.xml]
03-Dec-2018 22:21:40.588 WARNING [main] org.apache.catalina.startup.HostConfig.deployDescriptor The path attribute with value [/WebApplication1] in deployment descriptor [F:\apache-tomcat-9.0.11\conf\Catalina\localhost\WebApplication1.xml] has been ignored
03-Dec-2018 22:21:44.953 INFO [main] org.apache.jasper.servlet.TldScanner.scanJars At least one JAR was scanned for TLDs yet contained no TLDs. Enable debug logging for this logger for a complete list of JARs that were scanned but no TLDs were found in them. Skipping unneeded JARs during scanning can improve startup time and JSP compilation time.
03-Dec-2018 22:21:45.057 INFO [main] org.springframework.web.context.ContextLoader.initWebApplicationContext Root WebApplicationContext: initialization started
03-Dec-2018 22:21:45.357 INFO [main] org.springframework.context.support.AbstractApplicationContext.prepareRefresh Refreshing Root WebApplicationContext: startup date [Mon Dec 03 22:21:45 ICT 2018]; root of context hierarchy
03-Dec-2018 22:21:45.511 INFO [main] org.springframework.beans.factory.xml.XmlBeanDefinitionReader.loadBeanDefinitions Loading XML bean definitions from ServletContext resource [/WEB-INF/applicationContext.xml]
03-Dec-2018 22:21:45.768 INFO [main] org.springframework.web.context.ContextLoader.initWebApplicationContext Root WebApplicationContext: initialization completed in 709 ms
03-Dec-2018 22:21:45.839 INFO [main] org.springframework.web.servlet.FrameworkServlet.initServletBean FrameworkServlet 'dispatcher': initialization started
03-Dec-2018 22:21:45.857 INFO [main] org.springframework.context.support.AbstractApplicationContext.prepareRefresh Refreshing WebApplicationContext for namespace 'dispatcher-servlet': startup date [Mon Dec 03 22:21:45 ICT 2018]; parent: Root WebApplicationContext
03-Dec-2018 22:21:45.867 INFO [main] org.springframework.beans.factory.xml.XmlBeanDefinitionReader.loadBeanDefinitions Loading XML bean definitions from ServletContext resource [/WEB-INF/dispatcher-servlet.xml]
03-Dec-2018 22:21:46.214 INFO [main] org.springframework.web.servlet.handler.AbstractUrlHandlerMapping.registerHandler Mapped URL path [/index.htm] onto handler 'indexController'
03-Dec-2018 22:21:46.374 INFO [main] org.springframework.web.servlet.FrameworkServlet.initServletBean FrameworkServlet 'dispatcher': initialization completed in 534 ms
03-Dec-2018 22:21:46.379 INFO [main] org.apache.catalina.startup.HostConfig.deployDescriptor Deployment of deployment descriptor [F:\apache-tomcat-9.0.11\conf\Catalina\localhost\WebApplication1.xml] has finished in [5,883] ms
03-Dec-2018 22:21:46.380 INFO [main] org.apache.catalina.startup.HostConfig.deployDirectory Deploying web application directory [F:\apache-tomcat-9.0.11\webapps\docs]
03-Dec-2018 22:21:46.471 INFO [main] org.apache.catalina.startup.HostConfig.deployDirectory Deployment of web application directory [F:\apache-tomcat-9.0.11\webapps\docs] has finished in [91] ms
03-Dec-2018 22:21:46.472 INFO [main] org.apache.catalina.startup.HostConfig.deployDirectory Deploying web application directory [F:\apache-tomcat-9.0.11\webapps\examples]
03-Dec-2018 22:21:48.063 INFO [main] org.apache.catalina.startup.HostConfig.deployDirectory Deployment of web application directory [F:\apache-tomcat-9.0.11\webapps\examples] has finished in [1,591] ms
03-Dec-2018 22:21:48.064 INFO [main] org.apache.catalina.startup.HostConfig.deployDirectory Deploying web application directory [F:\apache-tomcat-9.0.11\webapps\host-manager]
03-Dec-2018 22:21:48.259 INFO [main] org.apache.catalina.startup.HostConfig.deployDirectory Deployment of web application directory [F:\apache-tomcat-9.0.11\webapps\host-manager] has finished in [195] ms
03-Dec-2018 22:21:48.260 INFO [main] org.apache.catalina.startup.HostConfig.deployDirectory Deploying web application directory [F:\apache-tomcat-9.0.11\webapps\manager]
03-Dec-2018 22:21:48.399 INFO [main] org.apache.catalina.startup.HostConfig.deployDirectory Deployment of web application directory [F:\apache-tomcat-9.0.11\webapps\manager] has finished in [140] ms
03-Dec-2018 22:21:48.400 INFO [main] org.apache.catalina.startup.HostConfig.deployDirectory Deploying web application directory [F:\apache-tomcat-9.0.11\webapps\ROOT]
03-Dec-2018 22:21:48.495 INFO [main] org.apache.catalina.startup.HostConfig.deployDirectory Deployment of web application directory [F:\apache-tomcat-9.0.11\webapps\ROOT] has finished in [94] ms
03-Dec-2018 22:21:48.499 INFO [main] org.apache.coyote.AbstractProtocol.start Starting ProtocolHandler ["http-nio-8080"]
03-Dec-2018 22:21:48.516 INFO [main] org.apache.coyote.AbstractProtocol.start Starting ProtocolHandler ["ajp-nio-8009"]
03-Dec-2018 22:21:48.522 INFO [main] org.apache.catalina.startup.Catalina.start Server startup in 33526 ms
03-Dec-2018 22:26:13.982 INFO [http-nio-8080-exec-3] org.apache.catalina.core.StandardContext.reload Reloading Context with name [/SHOESWEB] has started
03-Dec-2018 22:26:16.714 INFO [http-nio-8080-exec-3] org.apache.jasper.servlet.TldScanner.scanJars At least one JAR was scanned for TLDs yet contained no TLDs. Enable debug logging for this logger for a complete list of JARs that were scanned but no TLDs were found in them. Skipping unneeded JARs during scanning can improve startup time and JSP compilation time.
03-Dec-2018 22:26:16.719 INFO [http-nio-8080-exec-3] org.apache.catalina.core.StandardContext.reload Reloading Context with name [/SHOESWEB] is completed
03-Dec-2018 22:26:18.704 INFO [ContainerBackgroundProcessor[StandardEngine[Catalina]]] org.apache.catalina.webresources.Cache.backgroundProcess The background cache eviction process was unable to free [10] percent of the cache for Context [/SHOESWEB] - consider increasing the maximum size of the cache. After eviction approximately [9,507] KB of data remained in the cache.
03-Dec-2018 22:43:24.012 INFO [main] org.apache.catalina.core.StandardServer.await A valid shutdown command was received via the shutdown port. Stopping the Server instance.
03-Dec-2018 22:43:24.017 INFO [main] org.apache.coyote.AbstractProtocol.pause Pausing ProtocolHandler ["http-nio-8080"]
03-Dec-2018 22:43:24.504 INFO [main] org.apache.coyote.AbstractProtocol.pause Pausing ProtocolHandler ["ajp-nio-8009"]
03-Dec-2018 22:43:24.978 INFO [main] org.apache.catalina.core.StandardService.stopInternal Stopping service [Catalina]
03-Dec-2018 22:43:25.876 INFO [main] org.springframework.context.support.AbstractApplicationContext.doClose Closing WebApplicationContext for namespace 'dispatcher-servlet': startup date [Mon Dec 03 22:21:34 ICT 2018]; parent: Root WebApplicationContext
03-Dec-2018 22:43:25.884 INFO [main] org.springframework.context.support.AbstractApplicationContext.doClose Closing Root WebApplicationContext: startup date [Mon Dec 03 22:21:33 ICT 2018]; root of context hierarchy
03-Dec-2018 22:43:29.436 WARNING [main] org.apache.catalina.loader.WebappClassLoaderBase.clearReferencesJdbc The web application [SHOESWEB] registered the JDBC driver [com.microsoft.sqlserver.jdbc.SQLServerDriver] but failed to unregister it when the web application was stopped. To prevent a memory leak, the JDBC Driver has been forcibly unregistered.
03-Dec-2018 22:43:29.443 INFO [main] org.springframework.context.support.AbstractApplicationContext.doClose Closing WebApplicationContext for namespace 'dispatcher-servlet': startup date [Mon Dec 03 22:21:45 ICT 2018]; parent: Root WebApplicationContext
03-Dec-2018 22:43:29.449 INFO [main] org.springframework.context.support.AbstractApplicationContext.doClose Closing Root WebApplicationContext: startup date [Mon Dec 03 22:21:45 ICT 2018]; root of context hierarchy
03-Dec-2018 22:43:30.545 INFO [main] org.apache.coyote.AbstractProtocol.stop Stopping ProtocolHandler ["http-nio-8080"]
03-Dec-2018 22:43:30.547 INFO [main] org.apache.coyote.AbstractProtocol.stop Stopping ProtocolHandler ["ajp-nio-8009"]
03-Dec-2018 22:43:30.551 INFO [main] org.apache.coyote.AbstractProtocol.destroy Destroying ProtocolHandler ["http-nio-8080"]
03-Dec-2018 22:43:30.554 INFO [main] org.apache.coyote.AbstractProtocol.destroy Destroying ProtocolHandler ["ajp-nio-8009"]
03-Dec-2018 22:43:50.884 INFO [main] org.apache.catalina.startup.VersionLoggerListener.log Server version:        Apache Tomcat/9.0.11
03-Dec-2018 22:43:50.913 INFO [main] org.apache.catalina.startup.VersionLoggerListener.log Server built:          Aug 11 2018 19:47:23 UTC
03-Dec-2018 22:43:50.913 INFO [main] org.apache.catalina.startup.VersionLoggerListener.log Server number:         9.0.11.0
03-Dec-2018 22:43:50.913 INFO [main] org.apache.catalina.startup.VersionLoggerListener.log OS Name:               Windows 10
03-Dec-2018 22:43:50.914 INFO [main] org.apache.catalina.startup.VersionLoggerListener.log OS Version:            10.0
03-Dec-2018 22:43:50.914 INFO [main] org.apache.catalina.startup.VersionLoggerListener.log Architecture:          amd64
03-Dec-2018 22:43:50.914 INFO [main] org.apache.catalina.startup.VersionLoggerListener.log Java Home:             C:\Program Files\Java\jdk1.8.0_161\jre
03-Dec-2018 22:43:50.922 INFO [main] org.apache.catalina.startup.VersionLoggerListener.log JVM Version:           1.8.0_161-b12
03-Dec-2018 22:43:50.922 INFO [main] org.apache.catalina.startup.VersionLoggerListener.log JVM Vendor:            Oracle Corporation
03-Dec-2018 22:43:50.923 INFO [main] org.apache.catalina.startup.VersionLoggerListener.log CATALINA_BASE:         F:\apache-tomcat-9.0.11
03-Dec-2018 22:43:50.923 INFO [main] org.apache.catalina.startup.VersionLoggerListener.log CATALINA_HOME:         F:\apache-tomcat-9.0.11
03-Dec-2018 22:43:50.923 INFO [main] org.apache.catalina.startup.VersionLoggerListener.log Command line argument: -Djava.util.logging.config.file=F:\apache-tomcat-9.0.11\conf\logging.properties
03-Dec-2018 22:43:50.923 INFO [main] org.apache.catalina.startup.VersionLoggerListener.log Command line argument: -Djava.util.logging.manager=org.apache.juli.ClassLoaderLogManager
03-Dec-2018 22:43:50.924 INFO [main] org.apache.catalina.startup.VersionLoggerListener.log Command line argument: -Dhttp.nonProxyHosts=localhost|127.0.0.1|DESKTOP-4RNQ7FA
03-Dec-2018 22:43:50.924 INFO [main] org.apache.catalina.startup.VersionLoggerListener.log Command line argument: -Djdk.tls.ephemeralDHKeySize=2048
03-Dec-2018 22:43:50.924 INFO [main] org.apache.catalina.startup.VersionLoggerListener.log Command line argument: -Djava.protocol.handler.pkgs=org.apache.catalina.webresources
03-Dec-2018 22:43:50.925 INFO [main] org.apache.catalina.startup.VersionLoggerListener.log Command line argument: -Dignore.endorsed.dirs=
03-Dec-2018 22:43:50.925 INFO [main] org.apache.catalina.startup.VersionLoggerListener.log Command line argument: -Dcatalina.base=F:\apache-tomcat-9.0.11
03-Dec-2018 22:43:50.925 INFO [main] org.apache.catalina.startup.VersionLoggerListener.log Command line argument: -Dcatalina.home=F:\apache-tomcat-9.0.11
03-Dec-2018 22:43:50.925 INFO [main] org.apache.catalina.startup.VersionLoggerListener.log Command line argument: -Djava.io.tmpdir=F:\apache-tomcat-9.0.11\temp
03-Dec-2018 22:43:50.926 INFO [main] org.apache.catalina.core.AprLifecycleListener.lifecycleEvent The APR based Apache Tomcat Native library which allows optimal performance in production environments was not found on the java.library.path: [C:\Program Files\Java\jdk1.8.0_161\bin;C:\Windows\Sun\Java\bin;C:\Windows\system32;C:\Windows;C:\Program Files\Java\jdk1.8.0_161\bin;C:\ProgramData\Oracle\Java\javapath;C:\Windows\system32;C:\Windows;C:\Windows\System32\Wbem;C:\Windows\System32\WindowsPowerShell\v1.0\;C:\Windows\System32\OpenSSH\;C:\Program Files\Microsoft SQL Server\Client SDK\ODBC\130\Tools\Binn\;C:\Program Files (x86)\Microsoft SQL Server\140\Tools\Binn\;C:\Program Files\Microsoft SQL Server\140\Tools\Binn\;C:\Program Files\Microsoft SQL Server\140\DTS\Binn\;C:\Program Files (x86)\Microsoft SQL Server\Client SDK\ODBC\130\Tools\Binn\;C:\Program Files (x86)\Microsoft SQL Server\140\DTS\Binn\;C:\Program Files (x86)\Microsoft SQL Server\140\Tools\Binn\ManagementStudio\;C:\TDM-GCC-64\bin;C:\Program Files\CMake\bin;C:\Windows\system32\config\systemprofile\.dnx\bin;C:\Program Files\Microsoft DNX\Dnvm\;C:\Program Files (x86)\Windows Kits\8.1\Windows Performance Toolkit\;C:\Program Files\Microsoft SQL Server\120\Tools\Binn\;C:\Users\Thuy Tran\AppData\Local\Microsoft\WindowsApps;;.]
03-Dec-2018 22:43:51.776 INFO [main] org.apache.coyote.AbstractProtocol.init Initializing ProtocolHandler ["http-nio-8080"]
03-Dec-2018 22:43:52.580 INFO [main] org.apache.tomcat.util.net.NioSelectorPool.getSharedSelector Using a shared selector for servlet write/read
03-Dec-2018 22:43:52.640 INFO [main] org.apache.coyote.AbstractProtocol.init Initializing ProtocolHandler ["ajp-nio-8009"]
03-Dec-2018 22:43:52.643 INFO [main] org.apache.tomcat.util.net.NioSelectorPool.getSharedSelector Using a shared selector for servlet write/read
03-Dec-2018 22:43:52.644 INFO [main] org.apache.catalina.startup.Catalina.load Initialization processed in 3775 ms
03-Dec-2018 22:43:52.776 INFO [main] org.apache.catalina.core.StandardService.startInternal Starting service [Catalina]
03-Dec-2018 22:43:52.776 INFO [main] org.apache.catalina.core.StandardEngine.startInternal Starting Servlet Engine: Apache Tomcat/9.0.11
03-Dec-2018 22:43:52.793 INFO [main] org.apache.catalina.startup.HostConfig.deployDescriptor Deploying deployment descriptor [F:\apache-tomcat-9.0.11\conf\Catalina\localhost\demo1.xml]
03-Dec-2018 22:43:52.836 WARNING [main] org.apache.catalina.startup.HostConfig.deployDescriptor The path attribute with value [/demo1] in deployment descriptor [F:\apache-tomcat-9.0.11\conf\Catalina\localhost\demo1.xml] has been ignored
03-Dec-2018 22:44:03.117 INFO [main] org.apache.jasper.servlet.TldScanner.scanJars At least one JAR was scanned for TLDs yet contained no TLDs. Enable debug logging for this logger for a complete list of JARs that were scanned but no TLDs were found in them. Skipping unneeded JARs during scanning can improve startup time and JSP compilation time.
03-Dec-2018 22:44:03.396 INFO [main] org.springframework.web.context.ContextLoader.initWebApplicationContext Root WebApplicationContext: initialization started
03-Dec-2018 22:44:03.849 INFO [main] org.springframework.context.support.AbstractApplicationContext.prepareRefresh Refreshing Root WebApplicationContext: startup date [Mon Dec 03 22:44:03 ICT 2018]; root of context hierarchy
03-Dec-2018 22:44:04.141 INFO [main] org.springframework.beans.factory.xml.XmlBeanDefinitionReader.loadBeanDefinitions Loading XML bean definitions from ServletContext resource [/WEB-INF/applicationContext.xml]
03-Dec-2018 22:44:05.522 INFO [main] org.springframework.web.context.ContextLoader.initWebApplicationContext Root WebApplicationContext: initialization completed in 2125 ms
03-Dec-2018 22:44:05.656 INFO [main] org.springframework.web.servlet.FrameworkServlet.initServletBean FrameworkServlet 'dispatcher': initialization started
03-Dec-2018 22:44:05.725 INFO [main] org.springframework.context.support.AbstractApplicationContext.prepareRefresh Refreshing WebApplicationContext for namespace 'dispatcher-servlet': startup date [Mon Dec 03 22:44:05 ICT 2018]; parent: Root WebApplicationContext
03-Dec-2018 22:44:05.737 INFO [main] org.springframework.beans.factory.xml.XmlBeanDefinitionReader.loadBeanDefinitions Loading XML bean definitions from ServletContext resource [/WEB-INF/dispatcher-servlet.xml]
03-Dec-2018 22:44:06.327 INFO [main] org.springframework.web.servlet.handler.AbstractUrlHandlerMapping.registerHandler Mapped URL path [/index.htm] onto handler 'indexController'
03-Dec-2018 22:44:06.698 INFO [main] org.springframework.web.servlet.FrameworkServlet.initServletBean FrameworkServlet 'dispatcher': initialization completed in 1042 ms
03-Dec-2018 22:44:06.763 INFO [main] org.apache.catalina.startup.HostConfig.deployDescriptor Deployment of deployment descriptor [F:\apache-tomcat-9.0.11\conf\Catalina\localhost\demo1.xml] has finished in [13,959] ms
03-Dec-2018 22:44:06.765 INFO [main] org.apache.catalina.startup.HostConfig.deployDescriptor Deploying deployment descriptor [F:\apache-tomcat-9.0.11\conf\Catalina\localhost\SHOESWEB.xml]
03-Dec-2018 22:44:06.770 WARNING [main] org.apache.catalina.startup.HostConfig.deployDescriptor The path attribute with value [/SHOESWEB] in deployment descriptor [F:\apache-tomcat-9.0.11\conf\Catalina\localhost\SHOESWEB.xml] has been ignored
03-Dec-2018 22:44:14.221 INFO [main] org.apache.jasper.servlet.TldScanner.scanJars At least one JAR was scanned for TLDs yet contained no TLDs. Enable debug logging for this logger for a complete list of JARs that were scanned but no TLDs were found in them. Skipping unneeded JARs during scanning can improve startup time and JSP compilation time.
03-Dec-2018 22:44:14.286 INFO [main] org.apache.catalina.startup.HostConfig.deployDescriptor Deployment of deployment descriptor [F:\apache-tomcat-9.0.11\conf\Catalina\localhost\SHOESWEB.xml] has finished in [7,521] ms
03-Dec-2018 22:44:14.287 INFO [main] org.apache.catalina.startup.HostConfig.deployDescriptor Deploying deployment descriptor [F:\apache-tomcat-9.0.11\conf\Catalina\localhost\test.xml]
03-Dec-2018 22:44:14.293 WARNING [main] org.apache.catalina.startup.HostConfig.deployDescriptor The path attribute with value [/test] in deployment descriptor [F:\apache-tomcat-9.0.11\conf\Catalina\localhost\test.xml] has been ignored
03-Dec-2018 22:44:14.495 INFO [main] org.apache.catalina.startup.HostConfig.deployDescriptor Deployment of deployment descriptor [F:\apache-tomcat-9.0.11\conf\Catalina\localhost\test.xml] has finished in [208] ms
03-Dec-2018 22:44:14.495 INFO [main] org.apache.catalina.startup.HostConfig.deployDescriptor Deploying deployment descriptor [F:\apache-tomcat-9.0.11\conf\Catalina\localhost\WebApplication1.xml]
03-Dec-2018 22:44:14.509 WARNING [main] org.apache.catalina.startup.HostConfig.deployDescriptor The path attribute with value [/WebApplication1] in deployment descriptor [F:\apache-tomcat-9.0.11\conf\Catalina\localhost\WebApplication1.xml] has been ignored
03-Dec-2018 22:44:19.402 INFO [main] org.apache.jasper.servlet.TldScanner.scanJars At least one JAR was scanned for TLDs yet contained no TLDs. Enable debug logging for this logger for a complete list of JARs that were scanned but no TLDs were found in them. Skipping unneeded JARs during scanning can improve startup time and JSP compilation time.
03-Dec-2018 22:44:19.529 INFO [main] org.springframework.web.context.ContextLoader.initWebApplicationContext Root WebApplicationContext: initialization started
03-Dec-2018 22:44:19.896 INFO [main] org.springframework.context.support.AbstractApplicationContext.prepareRefresh Refreshing Root WebApplicationContext: startup date [Mon Dec 03 22:44:19 ICT 2018]; root of context hierarchy
03-Dec-2018 22:44:20.084 INFO [main] org.springframework.beans.factory.xml.XmlBeanDefinitionReader.loadBeanDefinitions Loading XML bean definitions from ServletContext resource [/WEB-INF/applicationContext.xml]
03-Dec-2018 22:44:20.353 INFO [main] org.springframework.web.context.ContextLoader.initWebApplicationContext Root WebApplicationContext: initialization completed in 823 ms
03-Dec-2018 22:44:20.406 INFO [main] org.springframework.web.servlet.FrameworkServlet.initServletBean FrameworkServlet 'dispatcher': initialization started
03-Dec-2018 22:44:20.439 INFO [main] org.springframework.context.support.AbstractApplicationContext.prepareRefresh Refreshing WebApplicationContext for namespace 'dispatcher-servlet': startup date [Mon Dec 03 22:44:20 ICT 2018]; parent: Root WebApplicationContext
03-Dec-2018 22:44:20.445 INFO [main] org.springframework.beans.factory.xml.XmlBeanDefinitionReader.loadBeanDefinitions Loading XML bean definitions from ServletContext resource [/WEB-INF/dispatcher-servlet.xml]
03-Dec-2018 22:44:20.908 INFO [main] org.springframework.web.servlet.handler.AbstractUrlHandlerMapping.registerHandler Mapped URL path [/index.htm] onto handler 'indexController'
03-Dec-2018 22:44:21.100 INFO [main] org.springframework.web.servlet.FrameworkServlet.initServletBean FrameworkServlet 'dispatcher': initialization completed in 692 ms
03-Dec-2018 22:44:21.106 INFO [main] org.apache.catalina.startup.HostConfig.deployDescriptor Deployment of deployment descriptor [F:\apache-tomcat-9.0.11\conf\Catalina\localhost\WebApplication1.xml] has finished in [6,611] ms
03-Dec-2018 22:44:21.110 INFO [main] org.apache.catalina.startup.HostConfig.deployDirectory Deploying web application directory [F:\apache-tomcat-9.0.11\webapps\docs]
03-Dec-2018 22:44:21.220 INFO [main] org.apache.catalina.startup.HostConfig.deployDirectory Deployment of web application directory [F:\apache-tomcat-9.0.11\webapps\docs] has finished in [109] ms
03-Dec-2018 22:44:21.220 INFO [main] org.apache.catalina.startup.HostConfig.deployDirectory Deploying web application directory [F:\apache-tomcat-9.0.11\webapps\examples]
03-Dec-2018 22:44:22.671 INFO [main] org.apache.catalina.startup.HostConfig.deployDirectory Deployment of web application directory [F:\apache-tomcat-9.0.11\webapps\examples] has finished in [1,450] ms
03-Dec-2018 22:44:22.671 INFO [main] org.apache.catalina.startup.HostConfig.deployDirectory Deploying web application directory [F:\apache-tomcat-9.0.11\webapps\host-manager]
03-Dec-2018 22:44:22.800 INFO [main] org.apache.catalina.startup.HostConfig.deployDirectory Deployment of web application directory [F:\apache-tomcat-9.0.11\webapps\host-manager] has finished in [129] ms
03-Dec-2018 22:44:22.801 INFO [main] org.apache.catalina.startup.HostConfig.deployDirectory Deploying web application directory [F:\apache-tomcat-9.0.11\webapps\manager]
03-Dec-2018 22:44:22.938 INFO [main] org.apache.catalina.startup.HostConfig.deployDirectory Deployment of web application directory [F:\apache-tomcat-9.0.11\webapps\manager] has finished in [137] ms
03-Dec-2018 22:44:22.939 INFO [main] org.apache.catalina.startup.HostConfig.deployDirectory Deploying web application directory [F:\apache-tomcat-9.0.11\webapps\ROOT]
03-Dec-2018 22:44:23.030 INFO [main] org.apache.catalina.startup.HostConfig.deployDirectory Deployment of web application directory [F:\apache-tomcat-9.0.11\webapps\ROOT] has finished in [92] ms
03-Dec-2018 22:44:23.036 INFO [main] org.apache.coyote.AbstractProtocol.start Starting ProtocolHandler ["http-nio-8080"]
03-Dec-2018 22:44:23.094 INFO [main] org.apache.coyote.AbstractProtocol.start Starting ProtocolHandler ["ajp-nio-8009"]
03-Dec-2018 22:44:23.101 INFO [main] org.apache.catalina.startup.Catalina.start Server startup in 30455 ms
03-Dec-2018 22:44:28.441 INFO [http-nio-8080-exec-1] org.apache.catalina.core.StandardContext.reload Reloading Context with name [/SHOESWEB] has started
03-Dec-2018 22:44:32.200 INFO [http-nio-8080-exec-1] org.apache.jasper.servlet.TldScanner.scanJars At least one JAR was scanned for TLDs yet contained no TLDs. Enable debug logging for this logger for a complete list of JARs that were scanned but no TLDs were found in them. Skipping unneeded JARs during scanning can improve startup time and JSP compilation time.
03-Dec-2018 22:44:32.209 INFO [http-nio-8080-exec-1] org.apache.catalina.core.StandardContext.reload Reloading Context with name [/SHOESWEB] is completed
03-Dec-2018 22:44:33.051 INFO [ContainerBackgroundProcessor[StandardEngine[Catalina]]] org.apache.catalina.webresources.Cache.backgroundProcess The background cache eviction process was unable to free [10] percent of the cache for Context [/SHOESWEB] - consider increasing the maximum size of the cache. After eviction approximately [9,537] KB of data remained in the cache.
03-Dec-2018 22:47:44.883 INFO [main] org.apache.catalina.core.StandardServer.await A valid shutdown command was received via the shutdown port. Stopping the Server instance.
03-Dec-2018 22:47:44.884 INFO [main] org.apache.coyote.AbstractProtocol.pause Pausing ProtocolHandler ["http-nio-8080"]
03-Dec-2018 22:47:45.402 INFO [main] org.apache.coyote.AbstractProtocol.pause Pausing ProtocolHandler ["ajp-nio-8009"]
03-Dec-2018 22:47:45.968 INFO [main] org.apache.catalina.core.StandardService.stopInternal Stopping service [Catalina]
03-Dec-2018 22:47:46.097 INFO [main] org.springframework.context.support.AbstractApplicationContext.doClose Closing WebApplicationContext for namespace 'dispatcher-servlet': startup date [Mon Dec 03 22:44:05 ICT 2018]; parent: Root WebApplicationContext
03-Dec-2018 22:47:46.099 INFO [main] org.springframework.context.support.AbstractApplicationContext.doClose Closing Root WebApplicationContext: startup date [Mon Dec 03 22:44:03 ICT 2018]; root of context hierarchy
03-Dec-2018 22:47:52.633 WARNING [main] org.apache.catalina.loader.WebappClassLoaderBase.clearReferencesJdbc The web application [SHOESWEB] registered the JDBC driver [com.microsoft.sqlserver.jdbc.SQLServerDriver] but failed to unregister it when the web application was stopped. To prevent a memory leak, the JDBC Driver has been forcibly unregistered.
03-Dec-2018 22:47:52.636 INFO [main] org.springframework.context.support.AbstractApplicationContext.doClose Closing WebApplicationContext for namespace 'dispatcher-servlet': startup date [Mon Dec 03 22:44:20 ICT 2018]; parent: Root WebApplicationContext
03-Dec-2018 22:47:52.637 INFO [main] org.springframework.context.support.AbstractApplicationContext.doClose Closing Root WebApplicationContext: startup date [Mon Dec 03 22:44:19 ICT 2018]; root of context hierarchy
03-Dec-2018 22:47:52.654 INFO [main] org.apache.coyote.AbstractProtocol.stop Stopping ProtocolHandler ["http-nio-8080"]
03-Dec-2018 22:47:52.659 INFO [main] org.apache.coyote.AbstractProtocol.stop Stopping ProtocolHandler ["ajp-nio-8009"]
03-Dec-2018 22:47:52.661 INFO [main] org.apache.coyote.AbstractProtocol.destroy Destroying ProtocolHandler ["http-nio-8080"]
03-Dec-2018 22:47:52.663 INFO [main] org.apache.coyote.AbstractProtocol.destroy Destroying ProtocolHandler ["ajp-nio-8009"]
03-Dec-2018 22:48:07.766 INFO [main] org.apache.catalina.startup.VersionLoggerListener.log Server version:        Apache Tomcat/9.0.11
03-Dec-2018 22:48:07.789 INFO [main] org.apache.catalina.startup.VersionLoggerListener.log Server built:          Aug 11 2018 19:47:23 UTC
03-Dec-2018 22:48:07.790 INFO [main] org.apache.catalina.startup.VersionLoggerListener.log Server number:         9.0.11.0
03-Dec-2018 22:48:07.790 INFO [main] org.apache.catalina.startup.VersionLoggerListener.log OS Name:               Windows 10
03-Dec-2018 22:48:07.790 INFO [main] org.apache.catalina.startup.VersionLoggerListener.log OS Version:            10.0
03-Dec-2018 22:48:07.791 INFO [main] org.apache.catalina.startup.VersionLoggerListener.log Architecture:          amd64
03-Dec-2018 22:48:07.800 INFO [main] org.apache.catalina.startup.VersionLoggerListener.log Java Home:             C:\Program Files\Java\jdk1.8.0_161\jre
03-Dec-2018 22:48:07.800 INFO [main] org.apache.catalina.startup.VersionLoggerListener.log JVM Version:           1.8.0_161-b12
03-Dec-2018 22:48:07.800 INFO [main] org.apache.catalina.startup.VersionLoggerListener.log JVM Vendor:            Oracle Corporation
03-Dec-2018 22:48:07.801 INFO [main] org.apache.catalina.startup.VersionLoggerListener.log CATALINA_BASE:         F:\apache-tomcat-9.0.11
03-Dec-2018 22:48:07.801 INFO [main] org.apache.catalina.startup.VersionLoggerListener.log CATALINA_HOME:         F:\apache-tomcat-9.0.11
03-Dec-2018 22:48:07.801 INFO [main] org.apache.catalina.startup.VersionLoggerListener.log Command line argument: -Djava.util.logging.config.file=F:\apache-tomcat-9.0.11\conf\logging.properties
03-Dec-2018 22:48:07.802 INFO [main] org.apache.catalina.startup.VersionLoggerListener.log Command line argument: -Djava.util.logging.manager=org.apache.juli.ClassLoaderLogManager
03-Dec-2018 22:48:07.802 INFO [main] org.apache.catalina.startup.VersionLoggerListener.log Command line argument: -Dhttp.nonProxyHosts=localhost|127.0.0.1|DESKTOP-4RNQ7FA
03-Dec-2018 22:48:07.802 INFO [main] org.apache.catalina.startup.VersionLoggerListener.log Command line argument: -Djdk.tls.ephemeralDHKeySize=2048
03-Dec-2018 22:48:07.802 INFO [main] org.apache.catalina.startup.VersionLoggerListener.log Command line argument: -Djava.protocol.handler.pkgs=org.apache.catalina.webresources
03-Dec-2018 22:48:07.803 INFO [main] org.apache.catalina.startup.VersionLoggerListener.log Command line argument: -Dignore.endorsed.dirs=
03-Dec-2018 22:48:07.803 INFO [main] org.apache.catalina.startup.VersionLoggerListener.log Command line argument: -Dcatalina.base=F:\apache-tomcat-9.0.11
03-Dec-2018 22:48:07.803 INFO [main] org.apache.catalina.startup.VersionLoggerListener.log Command line argument: -Dcatalina.home=F:\apache-tomcat-9.0.11
03-Dec-2018 22:48:07.803 INFO [main] org.apache.catalina.startup.VersionLoggerListener.log Command line argument: -Djava.io.tmpdir=F:\apache-tomcat-9.0.11\temp
03-Dec-2018 22:48:07.806 INFO [main] org.apache.catalina.core.AprLifecycleListener.lifecycleEvent The APR based Apache Tomcat Native library which allows optimal performance in production environments was not found on the java.library.path: [C:\Program Files\Java\jdk1.8.0_161\bin;C:\Windows\Sun\Java\bin;C:\Windows\system32;C:\Windows;C:\Program Files\Java\jdk1.8.0_161\bin;C:\ProgramData\Oracle\Java\javapath;C:\Windows\system32;C:\Windows;C:\Windows\System32\Wbem;C:\Windows\System32\WindowsPowerShell\v1.0\;C:\Windows\System32\OpenSSH\;C:\Program Files\Microsoft SQL Server\Client SDK\ODBC\130\Tools\Binn\;C:\Program Files (x86)\Microsoft SQL Server\140\Tools\Binn\;C:\Program Files\Microsoft SQL Server\140\Tools\Binn\;C:\Program Files\Microsoft SQL Server\140\DTS\Binn\;C:\Program Files (x86)\Microsoft SQL Server\Client SDK\ODBC\130\Tools\Binn\;C:\Program Files (x86)\Microsoft SQL Server\140\DTS\Binn\;C:\Program Files (x86)\Microsoft SQL Server\140\Tools\Binn\ManagementStudio\;C:\TDM-GCC-64\bin;C:\Program Files\CMake\bin;C:\Windows\system32\config\systemprofile\.dnx\bin;C:\Program Files\Microsoft DNX\Dnvm\;C:\Program Files (x86)\Windows Kits\8.1\Windows Performance Toolkit\;C:\Program Files\Microsoft SQL Server\120\Tools\Binn\;C:\Users\Thuy Tran\AppData\Local\Microsoft\WindowsApps;;.]
03-Dec-2018 22:48:08.777 INFO [main] org.apache.coyote.AbstractProtocol.init Initializing ProtocolHandler ["http-nio-8080"]
03-Dec-2018 22:48:09.836 INFO [main] org.apache.tomcat.util.net.NioSelectorPool.getSharedSelector Using a shared selector for servlet write/read
03-Dec-2018 22:48:09.863 INFO [main] org.apache.coyote.AbstractProtocol.init Initializing ProtocolHandler ["ajp-nio-8009"]
03-Dec-2018 22:48:09.867 INFO [main] org.apache.tomcat.util.net.NioSelectorPool.getSharedSelector Using a shared selector for servlet write/read
03-Dec-2018 22:48:09.868 INFO [main] org.apache.catalina.startup.Catalina.load Initialization processed in 3252 ms
03-Dec-2018 22:48:10.034 INFO [main] org.apache.catalina.core.StandardService.startInternal Starting service [Catalina]
03-Dec-2018 22:48:10.035 INFO [main] org.apache.catalina.core.StandardEngine.startInternal Starting Servlet Engine: Apache Tomcat/9.0.11
03-Dec-2018 22:48:10.058 INFO [main] org.apache.catalina.startup.HostConfig.deployDescriptor Deploying deployment descriptor [F:\apache-tomcat-9.0.11\conf\Catalina\localhost\demo1.xml]
03-Dec-2018 22:48:10.118 WARNING [main] org.apache.catalina.startup.HostConfig.deployDescriptor The path attribute with value [/demo1] in deployment descriptor [F:\apache-tomcat-9.0.11\conf\Catalina\localhost\demo1.xml] has been ignored
03-Dec-2018 22:48:16.546 INFO [main] org.apache.jasper.servlet.TldScanner.scanJars At least one JAR was scanned for TLDs yet contained no TLDs. Enable debug logging for this logger for a complete list of JARs that were scanned but no TLDs were found in them. Skipping unneeded JARs during scanning can improve startup time and JSP compilation time.
03-Dec-2018 22:48:17.005 INFO [main] org.springframework.web.context.ContextLoader.initWebApplicationContext Root WebApplicationContext: initialization started
03-Dec-2018 22:48:17.420 INFO [main] org.springframework.context.support.AbstractApplicationContext.prepareRefresh Refreshing Root WebApplicationContext: startup date [Mon Dec 03 22:48:17 ICT 2018]; root of context hierarchy
03-Dec-2018 22:48:17.791 INFO [main] org.springframework.beans.factory.xml.XmlBeanDefinitionReader.loadBeanDefinitions Loading XML bean definitions from ServletContext resource [/WEB-INF/applicationContext.xml]
03-Dec-2018 22:48:18.606 INFO [main] org.springframework.web.context.ContextLoader.initWebApplicationContext Root WebApplicationContext: initialization completed in 1600 ms
03-Dec-2018 22:48:18.725 INFO [main] org.springframework.web.servlet.FrameworkServlet.initServletBean FrameworkServlet 'dispatcher': initialization started
03-Dec-2018 22:48:18.741 INFO [main] org.springframework.context.support.AbstractApplicationContext.prepareRefresh Refreshing WebApplicationContext for namespace 'dispatcher-servlet': startup date [Mon Dec 03 22:48:18 ICT 2018]; parent: Root WebApplicationContext
03-Dec-2018 22:48:18.744 INFO [main] org.springframework.beans.factory.xml.XmlBeanDefinitionReader.loadBeanDefinitions Loading XML bean definitions from ServletContext resource [/WEB-INF/dispatcher-servlet.xml]
03-Dec-2018 22:48:19.237 INFO [main] org.springframework.web.servlet.handler.AbstractUrlHandlerMapping.registerHandler Mapped URL path [/index.htm] onto handler 'indexController'
03-Dec-2018 22:48:19.605 INFO [main] org.springframework.web.servlet.FrameworkServlet.initServletBean FrameworkServlet 'dispatcher': initialization completed in 879 ms
03-Dec-2018 22:48:19.680 INFO [main] org.apache.catalina.startup.HostConfig.deployDescriptor Deployment of deployment descriptor [F:\apache-tomcat-9.0.11\conf\Catalina\localhost\demo1.xml] has finished in [9,591] ms
03-Dec-2018 22:48:19.681 INFO [main] org.apache.catalina.startup.HostConfig.deployDescriptor Deploying deployment descriptor [F:\apache-tomcat-9.0.11\conf\Catalina\localhost\SHOESWEB.xml]
03-Dec-2018 22:48:19.685 WARNING [main] org.apache.catalina.startup.HostConfig.deployDescriptor The path attribute with value [/SHOESWEB] in deployment descriptor [F:\apache-tomcat-9.0.11\conf\Catalina\localhost\SHOESWEB.xml] has been ignored
03-Dec-2018 22:48:23.596 INFO [main] org.apache.jasper.servlet.TldScanner.scanJars At least one JAR was scanned for TLDs yet contained no TLDs. Enable debug logging for this logger for a complete list of JARs that were scanned but no TLDs were found in them. Skipping unneeded JARs during scanning can improve startup time and JSP compilation time.
03-Dec-2018 22:48:23.625 INFO [main] org.apache.catalina.startup.HostConfig.deployDescriptor Deployment of deployment descriptor [F:\apache-tomcat-9.0.11\conf\Catalina\localhost\SHOESWEB.xml] has finished in [3,945] ms
03-Dec-2018 22:48:23.626 INFO [main] org.apache.catalina.startup.HostConfig.deployDescriptor Deploying deployment descriptor [F:\apache-tomcat-9.0.11\conf\Catalina\localhost\test.xml]
03-Dec-2018 22:48:23.629 WARNING [main] org.apache.catalina.startup.HostConfig.deployDescriptor The path attribute with value [/test] in deployment descriptor [F:\apache-tomcat-9.0.11\conf\Catalina\localhost\test.xml] has been ignored
03-Dec-2018 22:48:23.751 INFO [main] org.apache.catalina.startup.HostConfig.deployDescriptor Deployment of deployment descriptor [F:\apache-tomcat-9.0.11\conf\Catalina\localhost\test.xml] has finished in [126] ms
03-Dec-2018 22:48:23.752 INFO [main] org.apache.catalina.startup.HostConfig.deployDescriptor Deploying deployment descriptor [F:\apache-tomcat-9.0.11\conf\Catalina\localhost\WebApplication1.xml]
03-Dec-2018 22:48:23.767 WARNING [main] org.apache.catalina.startup.HostConfig.deployDescriptor The path attribute with value [/WebApplication1] in deployment descriptor [F:\apache-tomcat-9.0.11\conf\Catalina\localhost\WebApplication1.xml] has been ignored
03-Dec-2018 22:48:26.938 INFO [main] org.apache.jasper.servlet.TldScanner.scanJars At least one JAR was scanned for TLDs yet contained no TLDs. Enable debug logging for this logger for a complete list of JARs that were scanned but no TLDs were found in them. Skipping unneeded JARs during scanning can improve startup time and JSP compilation time.
03-Dec-2018 22:48:27.090 INFO [main] org.springframework.web.context.ContextLoader.initWebApplicationContext Root WebApplicationContext: initialization started
03-Dec-2018 22:48:27.477 INFO [main] org.springframework.context.support.AbstractApplicationContext.prepareRefresh Refreshing Root WebApplicationContext: startup date [Mon Dec 03 22:48:27 ICT 2018]; root of context hierarchy
03-Dec-2018 22:48:27.629 INFO [main] org.springframework.beans.factory.xml.XmlBeanDefinitionReader.loadBeanDefinitions Loading XML bean definitions from ServletContext resource [/WEB-INF/applicationContext.xml]
03-Dec-2018 22:48:27.840 INFO [main] org.springframework.web.context.ContextLoader.initWebApplicationContext Root WebApplicationContext: initialization completed in 749 ms
03-Dec-2018 22:48:27.917 INFO [main] org.springframework.web.servlet.FrameworkServlet.initServletBean FrameworkServlet 'dispatcher': initialization started
03-Dec-2018 22:48:27.933 INFO [main] org.springframework.context.support.AbstractApplicationContext.prepareRefresh Refreshing WebApplicationContext for namespace 'dispatcher-servlet': startup date [Mon Dec 03 22:48:27 ICT 2018]; parent: Root WebApplicationContext
03-Dec-2018 22:48:27.937 INFO [main] org.springframework.beans.factory.xml.XmlBeanDefinitionReader.loadBeanDefinitions Loading XML bean definitions from ServletContext resource [/WEB-INF/dispatcher-servlet.xml]
03-Dec-2018 22:48:28.402 INFO [main] org.springframework.web.servlet.handler.AbstractUrlHandlerMapping.registerHandler Mapped URL path [/index.htm] onto handler 'indexController'
03-Dec-2018 22:48:28.579 INFO [main] org.springframework.web.servlet.FrameworkServlet.initServletBean FrameworkServlet 'dispatcher': initialization completed in 662 ms
03-Dec-2018 22:48:28.584 INFO [main] org.apache.catalina.startup.HostConfig.deployDescriptor Deployment of deployment descriptor [F:\apache-tomcat-9.0.11\conf\Catalina\localhost\WebApplication1.xml] has finished in [4,832] ms
03-Dec-2018 22:48:28.587 INFO [main] org.apache.catalina.startup.HostConfig.deployDirectory Deploying web application directory [F:\apache-tomcat-9.0.11\webapps\docs]
03-Dec-2018 22:48:28.705 INFO [main] org.apache.catalina.startup.HostConfig.deployDirectory Deployment of web application directory [F:\apache-tomcat-9.0.11\webapps\docs] has finished in [118] ms
03-Dec-2018 22:48:28.706 INFO [main] org.apache.catalina.startup.HostConfig.deployDirectory Deploying web application directory [F:\apache-tomcat-9.0.11\webapps\examples]
03-Dec-2018 22:48:29.805 INFO [main] org.apache.catalina.startup.HostConfig.deployDirectory Deployment of web application directory [F:\apache-tomcat-9.0.11\webapps\examples] has finished in [1,100] ms
03-Dec-2018 22:48:29.805 INFO [main] org.apache.catalina.startup.HostConfig.deployDirectory Deploying web application directory [F:\apache-tomcat-9.0.11\webapps\host-manager]
03-Dec-2018 22:48:29.961 INFO [main] org.apache.catalina.startup.HostConfig.deployDirectory Deployment of web application directory [F:\apache-tomcat-9.0.11\webapps\host-manager] has finished in [156] ms
03-Dec-2018 22:48:29.962 INFO [main] org.apache.catalina.startup.HostConfig.deployDirectory Deploying web application directory [F:\apache-tomcat-9.0.11\webapps\manager]
03-Dec-2018 22:48:30.095 INFO [main] org.apache.catalina.startup.HostConfig.deployDirectory Deployment of web application directory [F:\apache-tomcat-9.0.11\webapps\manager] has finished in [133] ms
03-Dec-2018 22:48:30.097 INFO [main] org.apache.catalina.startup.HostConfig.deployDirectory Deploying web application directory [F:\apache-tomcat-9.0.11\webapps\ROOT]
03-Dec-2018 22:48:30.181 INFO [main] org.apache.catalina.startup.HostConfig.deployDirectory Deployment of web application directory [F:\apache-tomcat-9.0.11\webapps\ROOT] has finished in [86] ms
03-Dec-2018 22:48:30.186 INFO [main] org.apache.coyote.AbstractProtocol.start Starting ProtocolHandler ["http-nio-8080"]
03-Dec-2018 22:48:30.214 INFO [main] org.apache.coyote.AbstractProtocol.start Starting ProtocolHandler ["ajp-nio-8009"]
03-Dec-2018 22:48:30.222 INFO [main] org.apache.catalina.startup.Catalina.start Server startup in 20353 ms
03-Dec-2018 22:48:33.835 INFO [http-nio-8080-exec-7] org.apache.catalina.core.StandardContext.reload Reloading Context with name [/SHOESWEB] has started
03-Dec-2018 22:48:35.870 INFO [http-nio-8080-exec-7] org.apache.jasper.servlet.TldScanner.scanJars At least one JAR was scanned for TLDs yet contained no TLDs. Enable debug logging for this logger for a complete list of JARs that were scanned but no TLDs were found in them. Skipping unneeded JARs during scanning can improve startup time and JSP compilation time.
03-Dec-2018 22:48:35.877 INFO [http-nio-8080-exec-7] org.apache.catalina.core.StandardContext.reload Reloading Context with name [/SHOESWEB] is completed
03-Dec-2018 22:51:31.706 SEVERE [http-nio-8080-exec-17] DAO.DanhMucDAO.insertCategory null
 com.microsoft.sqlserver.jdbc.SQLServerException: Arithmetic overflow error converting expression to data type int.
	at com.microsoft.sqlserver.jdbc.SQLServerException.makeFromDatabaseError(SQLServerException.java:259)
	at com.microsoft.sqlserver.jdbc.SQLServerStatement.getNextResult(SQLServerStatement.java:1547)
	at com.microsoft.sqlserver.jdbc.SQLServerPreparedStatement.doExecutePreparedStatement(SQLServerPreparedStatement.java:548)
	at com.microsoft.sqlserver.jdbc.SQLServerPreparedStatement$PrepStmtExecCmd.doExecute(SQLServerPreparedStatement.java:479)
	at com.microsoft.sqlserver.jdbc.TDSCommand.execute(IOBuffer.java:7347)
	at com.microsoft.sqlserver.jdbc.SQLServerConnection.executeCommand(SQLServerConnection.java:2713)
	at com.microsoft.sqlserver.jdbc.SQLServerStatement.executeCommand(SQLServerStatement.java:224)
	at com.microsoft.sqlserver.jdbc.SQLServerStatement.executeStatement(SQLServerStatement.java:204)
	at com.microsoft.sqlserver.jdbc.SQLServerPreparedStatement.executeUpdate(SQLServerPreparedStatement.java:426)
	at DAO.DanhMucDAO.insertCategory(DanhMucDAO.java:54)
	at controller.ManagerCategoryServlet.doPost(ManagerCategoryServlet.java:77)
	at javax.servlet.http.HttpServlet.service(HttpServlet.java:660)
	at javax.servlet.http.HttpServlet.service(HttpServlet.java:741)
	at org.apache.catalina.core.ApplicationFilterChain.internalDoFilter(ApplicationFilterChain.java:231)
	at org.apache.catalina.core.ApplicationFilterChain.doFilter(ApplicationFilterChain.java:166)
	at org.apache.tomcat.websocket.server.WsFilter.doFilter(WsFilter.java:53)
	at org.apache.catalina.core.ApplicationFilterChain.internalDoFilter(ApplicationFilterChain.java:193)
	at org.apache.catalina.core.ApplicationFilterChain.doFilter(ApplicationFilterChain.java:166)
	at org.apache.catalina.core.StandardWrapperValve.invoke(StandardWrapperValve.java:199)
	at org.apache.catalina.core.StandardContextValve.invoke(StandardContextValve.java:96)
	at org.apache.catalina.authenticator.AuthenticatorBase.invoke(AuthenticatorBase.java:490)
	at org.apache.catalina.core.StandardHostValve.invoke(StandardHostValve.java:139)
	at org.apache.catalina.valves.ErrorReportValve.invoke(ErrorReportValve.java:92)
	at org.apache.catalina.valves.AbstractAccessLogValve.invoke(AbstractAccessLogValve.java:668)
	at org.apache.catalina.core.StandardEngineValve.invoke(StandardEngineValve.java:74)
	at org.apache.catalina.connector.CoyoteAdapter.service(CoyoteAdapter.java:343)
	at org.apache.coyote.http11.Http11Processor.service(Http11Processor.java:408)
	at org.apache.coyote.AbstractProcessorLight.process(AbstractProcessorLight.java:66)
	at org.apache.coyote.AbstractProtocol$ConnectionHandler.process(AbstractProtocol.java:770)
	at org.apache.tomcat.util.net.NioEndpoint$SocketProcessor.doRun(NioEndpoint.java:1415)
	at org.apache.tomcat.util.net.SocketProcessorBase.run(SocketProcessorBase.java:49)
	at java.util.concurrent.ThreadPoolExecutor.runWorker(ThreadPoolExecutor.java:1149)
	at java.util.concurrent.ThreadPoolExecutor$Worker.run(ThreadPoolExecutor.java:624)
	at org.apache.tomcat.util.threads.TaskThread$WrappingRunnable.run(TaskThread.java:61)
	at java.lang.Thread.run(Thread.java:748)

03-Dec-2018 23:17:29.588 INFO [main] org.apache.catalina.core.StandardServer.await A valid shutdown command was received via the shutdown port. Stopping the Server instance.
03-Dec-2018 23:17:29.775 INFO [main] org.apache.coyote.AbstractProtocol.pause Pausing ProtocolHandler ["http-nio-8080"]
03-Dec-2018 23:17:30.398 INFO [main] org.apache.coyote.AbstractProtocol.pause Pausing ProtocolHandler ["ajp-nio-8009"]
03-Dec-2018 23:17:30.982 INFO [main] org.apache.catalina.core.StandardService.stopInternal Stopping service [Catalina]
03-Dec-2018 23:17:32.827 INFO [main] org.springframework.context.support.AbstractApplicationContext.doClose Closing WebApplicationContext for namespace 'dispatcher-servlet': startup date [Mon Dec 03 22:48:18 ICT 2018]; parent: Root WebApplicationContext
03-Dec-2018 23:17:32.932 INFO [main] org.springframework.context.support.AbstractApplicationContext.doClose Closing Root WebApplicationContext: startup date [Mon Dec 03 22:48:17 ICT 2018]; root of context hierarchy
03-Dec-2018 23:17:35.013 WARNING [main] org.apache.catalina.loader.WebappClassLoaderBase.clearReferencesJdbc The web application [SHOESWEB] registered the JDBC driver [com.microsoft.sqlserver.jdbc.SQLServerDriver] but failed to unregister it when the web application was stopped. To prevent a memory leak, the JDBC Driver has been forcibly unregistered.
03-Dec-2018 23:17:35.423 INFO [main] org.springframework.context.support.AbstractApplicationContext.doClose Closing WebApplicationContext for namespace 'dispatcher-servlet': startup date [Mon Dec 03 22:48:27 ICT 2018]; parent: Root WebApplicationContext
03-Dec-2018 23:17:35.507 INFO [main] org.springframework.context.support.AbstractApplicationContext.doClose Closing Root WebApplicationContext: startup date [Mon Dec 03 22:48:27 ICT 2018]; root of context hierarchy
03-Dec-2018 23:17:36.557 INFO [main] org.apache.coyote.AbstractProtocol.stop Stopping ProtocolHandler ["http-nio-8080"]
03-Dec-2018 23:17:36.610 INFO [main] org.apache.coyote.AbstractProtocol.stop Stopping ProtocolHandler ["ajp-nio-8009"]
03-Dec-2018 23:17:36.664 INFO [main] org.apache.coyote.AbstractProtocol.destroy Destroying ProtocolHandler ["http-nio-8080"]
03-Dec-2018 23:17:36.667 INFO [main] org.apache.coyote.AbstractProtocol.destroy Destroying ProtocolHandler ["ajp-nio-8009"]
