21-Oct-2018 20:00:46.563 INFO [main] org.apache.catalina.startup.VersionLoggerListener.log Server version:        Apache Tomcat/9.0.11
21-Oct-2018 20:00:46.641 INFO [main] org.apache.catalina.startup.VersionLoggerListener.log Server built:          Aug 11 2018 19:47:23 UTC
21-Oct-2018 20:00:46.644 INFO [main] org.apache.catalina.startup.VersionLoggerListener.log Server number:         9.0.11.0
21-Oct-2018 20:00:46.645 INFO [main] org.apache.catalina.startup.VersionLoggerListener.log OS Name:               Windows 10
21-Oct-2018 20:00:46.646 INFO [main] org.apache.catalina.startup.VersionLoggerListener.log OS Version:            10.0
21-Oct-2018 20:00:46.646 INFO [main] org.apache.catalina.startup.VersionLoggerListener.log Architecture:          amd64
21-Oct-2018 20:00:46.647 INFO [main] org.apache.catalina.startup.VersionLoggerListener.log Java Home:             C:\Program Files\Java\jdk1.8.0_161\jre
21-Oct-2018 20:00:46.648 INFO [main] org.apache.catalina.startup.VersionLoggerListener.log JVM Version:           1.8.0_161-b12
21-Oct-2018 20:00:46.649 INFO [main] org.apache.catalina.startup.VersionLoggerListener.log JVM Vendor:            Oracle Corporation
21-Oct-2018 20:00:46.650 INFO [main] org.apache.catalina.startup.VersionLoggerListener.log CATALINA_BASE:         F:\apache-tomcat-9.0.11
21-Oct-2018 20:00:46.665 INFO [main] org.apache.catalina.startup.VersionLoggerListener.log CATALINA_HOME:         F:\apache-tomcat-9.0.11
21-Oct-2018 20:00:46.666 INFO [main] org.apache.catalina.startup.VersionLoggerListener.log Command line argument: -Djava.util.logging.config.file=F:\apache-tomcat-9.0.11\conf\logging.properties
21-Oct-2018 20:00:46.667 INFO [main] org.apache.catalina.startup.VersionLoggerListener.log Command line argument: -Djava.util.logging.manager=org.apache.juli.ClassLoaderLogManager
21-Oct-2018 20:00:46.668 INFO [main] org.apache.catalina.startup.VersionLoggerListener.log Command line argument: -Djdk.tls.ephemeralDHKeySize=2048
21-Oct-2018 20:00:46.669 INFO [main] org.apache.catalina.startup.VersionLoggerListener.log Command line argument: -Djava.protocol.handler.pkgs=org.apache.catalina.webresources
21-Oct-2018 20:00:46.670 INFO [main] org.apache.catalina.startup.VersionLoggerListener.log Command line argument: -Dignore.endorsed.dirs=
21-Oct-2018 20:00:46.672 INFO [main] org.apache.catalina.startup.VersionLoggerListener.log Command line argument: -Dcatalina.base=F:\apache-tomcat-9.0.11
21-Oct-2018 20:00:46.683 INFO [main] org.apache.catalina.startup.VersionLoggerListener.log Command line argument: -Dcatalina.home=F:\apache-tomcat-9.0.11
21-Oct-2018 20:00:46.685 INFO [main] org.apache.catalina.startup.VersionLoggerListener.log Command line argument: -Djava.io.tmpdir=F:\apache-tomcat-9.0.11\temp
21-Oct-2018 20:00:46.687 INFO [main] org.apache.catalina.core.AprLifecycleListener.lifecycleEvent The APR based Apache Tomcat Native library which allows optimal performance in production environments was not found on the java.library.path: [C:\Program Files\Java\jdk1.8.0_161\bin;C:\Windows\Sun\Java\bin;C:\Windows\system32;C:\Windows;C:\Program Files\Java\jdk1.8.0_161\bin;C:\ProgramData\Oracle\Java\javapath;C:\Windows\system32;C:\Windows;C:\Windows\System32\Wbem;C:\Windows\System32\WindowsPowerShell\v1.0\;C:\Windows\System32\OpenSSH\;C:\Program Files\Microsoft SQL Server\Client SDK\ODBC\130\Tools\Binn\;C:\Program Files (x86)\Microsoft SQL Server\140\Tools\Binn\;C:\Program Files\Microsoft SQL Server\140\Tools\Binn\;C:\Program Files\Microsoft SQL Server\140\DTS\Binn\;C:\Program Files (x86)\Microsoft SQL Server\Client SDK\ODBC\130\Tools\Binn\;C:\Program Files (x86)\Microsoft SQL Server\140\DTS\Binn\;C:\Program Files (x86)\Microsoft SQL Server\140\Tools\Binn\ManagementStudio\;C:\Users\Thuy Tran\AppData\Local\Microsoft\WindowsApps;;.]
21-Oct-2018 20:00:48.411 INFO [main] org.apache.coyote.AbstractProtocol.init Initializing ProtocolHandler ["http-nio-8080"]
21-Oct-2018 20:00:48.526 SEVERE [main] org.apache.catalina.util.LifecycleBase.handleSubClassException Failed to initialize component [Connector[HTTP/1.1-8080]]
 org.apache.catalina.LifecycleException: Protocol handler initialization failed
	at org.apache.catalina.connector.Connector.initInternal(Connector.java:935)
	at org.apache.catalina.util.LifecycleBase.init(LifecycleBase.java:136)
	at org.apache.catalina.core.StandardService.initInternal(StandardService.java:533)
	at org.apache.catalina.util.LifecycleBase.init(LifecycleBase.java:136)
	at org.apache.catalina.core.StandardServer.initInternal(StandardServer.java:852)
	at org.apache.catalina.util.LifecycleBase.init(LifecycleBase.java:136)
	at org.apache.catalina.startup.Catalina.load(Catalina.java:633)
	at org.apache.catalina.startup.Catalina.load(Catalina.java:656)
	at sun.reflect.NativeMethodAccessorImpl.invoke0(Native Method)
	at sun.reflect.NativeMethodAccessorImpl.invoke(NativeMethodAccessorImpl.java:62)
	at sun.reflect.DelegatingMethodAccessorImpl.invoke(DelegatingMethodAccessorImpl.java:43)
	at java.lang.reflect.Method.invoke(Method.java:498)
	at org.apache.catalina.startup.Bootstrap.load(Bootstrap.java:306)
	at org.apache.catalina.startup.Bootstrap.main(Bootstrap.java:491)
Caused by: java.net.BindException: Address already in use: bind
	at sun.nio.ch.Net.bind0(Native Method)
	at sun.nio.ch.Net.bind(Net.java:433)
	at sun.nio.ch.Net.bind(Net.java:425)
	at sun.nio.ch.ServerSocketChannelImpl.bind(ServerSocketChannelImpl.java:223)
	at sun.nio.ch.ServerSocketAdaptor.bind(ServerSocketAdaptor.java:74)
	at org.apache.tomcat.util.net.NioEndpoint.initServerSocket(NioEndpoint.java:236)
	at org.apache.tomcat.util.net.NioEndpoint.bind(NioEndpoint.java:210)
	at org.apache.tomcat.util.net.AbstractEndpoint.init(AbstractEndpoint.java:1044)
	at org.apache.coyote.AbstractProtocol.init(AbstractProtocol.java:540)
	at org.apache.coyote.http11.AbstractHttp11Protocol.init(AbstractHttp11Protocol.java:74)
	at org.apache.catalina.connector.Connector.initInternal(Connector.java:932)
	... 13 more

21-Oct-2018 20:00:48.544 INFO [main] org.apache.coyote.AbstractProtocol.init Initializing ProtocolHandler ["ajp-nio-8009"]
21-Oct-2018 20:00:48.556 SEVERE [main] org.apache.catalina.util.LifecycleBase.handleSubClassException Failed to initialize component [Connector[AJP/1.3-8009]]
 org.apache.catalina.LifecycleException: Protocol handler initialization failed
	at org.apache.catalina.connector.Connector.initInternal(Connector.java:935)
	at org.apache.catalina.util.LifecycleBase.init(LifecycleBase.java:136)
	at org.apache.catalina.core.StandardService.initInternal(StandardService.java:533)
	at org.apache.catalina.util.LifecycleBase.init(LifecycleBase.java:136)
	at org.apache.catalina.core.StandardServer.initInternal(StandardServer.java:852)
	at org.apache.catalina.util.LifecycleBase.init(LifecycleBase.java:136)
	at org.apache.catalina.startup.Catalina.load(Catalina.java:633)
	at org.apache.catalina.startup.Catalina.load(Catalina.java:656)
	at sun.reflect.NativeMethodAccessorImpl.invoke0(Native Method)
	at sun.reflect.NativeMethodAccessorImpl.invoke(NativeMethodAccessorImpl.java:62)
	at sun.reflect.DelegatingMethodAccessorImpl.invoke(DelegatingMethodAccessorImpl.java:43)
	at java.lang.reflect.Method.invoke(Method.java:498)
	at org.apache.catalina.startup.Bootstrap.load(Bootstrap.java:306)
	at org.apache.catalina.startup.Bootstrap.main(Bootstrap.java:491)
Caused by: java.net.BindException: Address already in use: bind
	at sun.nio.ch.Net.bind0(Native Method)
	at sun.nio.ch.Net.bind(Net.java:433)
	at sun.nio.ch.Net.bind(Net.java:425)
	at sun.nio.ch.ServerSocketChannelImpl.bind(ServerSocketChannelImpl.java:223)
	at sun.nio.ch.ServerSocketAdaptor.bind(ServerSocketAdaptor.java:74)
	at org.apache.tomcat.util.net.NioEndpoint.initServerSocket(NioEndpoint.java:236)
	at org.apache.tomcat.util.net.NioEndpoint.bind(NioEndpoint.java:210)
	at org.apache.tomcat.util.net.AbstractEndpoint.init(AbstractEndpoint.java:1044)
	at org.apache.coyote.AbstractProtocol.init(AbstractProtocol.java:540)
	at org.apache.catalina.connector.Connector.initInternal(Connector.java:932)
	... 13 more

21-Oct-2018 20:00:48.562 INFO [main] org.apache.catalina.startup.Catalina.load Initialization processed in 5259 ms
21-Oct-2018 20:00:48.971 INFO [main] org.apache.catalina.core.StandardService.startInternal Starting service [Catalina]
21-Oct-2018 20:00:48.972 INFO [main] org.apache.catalina.core.StandardEngine.startInternal Starting Servlet Engine: Apache Tomcat/9.0.11
21-Oct-2018 20:00:49.045 INFO [main] org.apache.catalina.startup.HostConfig.deployDescriptor Deploying deployment descriptor [F:\apache-tomcat-9.0.11\conf\Catalina\localhost\demo1.xml]
21-Oct-2018 20:00:49.134 WARNING [main] org.apache.catalina.startup.HostConfig.deployDescriptor The path attribute with value [/demo1] in deployment descriptor [F:\apache-tomcat-9.0.11\conf\Catalina\localhost\demo1.xml] has been ignored
21-Oct-2018 20:00:59.669 INFO [main] org.apache.jasper.servlet.TldScanner.scanJars At least one JAR was scanned for TLDs yet contained no TLDs. Enable debug logging for this logger for a complete list of JARs that were scanned but no TLDs were found in them. Skipping unneeded JARs during scanning can improve startup time and JSP compilation time.
21-Oct-2018 20:01:00.044 INFO [main] org.springframework.web.context.ContextLoader.initWebApplicationContext Root WebApplicationContext: initialization started
21-Oct-2018 20:01:00.343 INFO [main] org.springframework.context.support.AbstractApplicationContext.prepareRefresh Refreshing Root WebApplicationContext: startup date [Sun Oct 21 20:01:00 ICT 2018]; root of context hierarchy
21-Oct-2018 20:01:00.535 INFO [main] org.springframework.beans.factory.xml.XmlBeanDefinitionReader.loadBeanDefinitions Loading XML bean definitions from ServletContext resource [/WEB-INF/applicationContext.xml]
21-Oct-2018 20:01:01.272 INFO [main] org.springframework.web.context.ContextLoader.initWebApplicationContext Root WebApplicationContext: initialization completed in 1226 ms
21-Oct-2018 20:01:01.917 WARNING [main] org.apache.catalina.util.SessionIdGeneratorBase.createSecureRandom Creation of SecureRandom instance for session ID generation using [SHA1PRNG] took [640] milliseconds.
21-Oct-2018 20:01:02.020 INFO [main] org.springframework.web.servlet.FrameworkServlet.initServletBean FrameworkServlet 'dispatcher': initialization started
21-Oct-2018 20:01:02.033 INFO [main] org.springframework.context.support.AbstractApplicationContext.prepareRefresh Refreshing WebApplicationContext for namespace 'dispatcher-servlet': startup date [Sun Oct 21 20:01:02 ICT 2018]; parent: Root WebApplicationContext
21-Oct-2018 20:01:02.038 INFO [main] org.springframework.beans.factory.xml.XmlBeanDefinitionReader.loadBeanDefinitions Loading XML bean definitions from ServletContext resource [/WEB-INF/dispatcher-servlet.xml]
21-Oct-2018 20:01:02.416 INFO [main] org.springframework.web.servlet.handler.AbstractUrlHandlerMapping.registerHandler Mapped URL path [/index.htm] onto handler 'indexController'
21-Oct-2018 20:01:04.709 INFO [main] org.springframework.web.servlet.FrameworkServlet.initServletBean FrameworkServlet 'dispatcher': initialization completed in 2688 ms
21-Oct-2018 20:01:05.329 INFO [main] org.apache.catalina.startup.HostConfig.deployDescriptor Deployment of deployment descriptor [F:\apache-tomcat-9.0.11\conf\Catalina\localhost\demo1.xml] has finished in [16,283] ms
21-Oct-2018 20:01:05.331 INFO [main] org.apache.catalina.startup.HostConfig.deployDescriptor Deploying deployment descriptor [F:\apache-tomcat-9.0.11\conf\Catalina\localhost\test.xml]
21-Oct-2018 20:01:05.340 WARNING [main] org.apache.catalina.startup.HostConfig.deployDescriptor The path attribute with value [/test] in deployment descriptor [F:\apache-tomcat-9.0.11\conf\Catalina\localhost\test.xml] has been ignored
21-Oct-2018 20:01:06.091 INFO [main] org.apache.catalina.startup.HostConfig.deployDescriptor Deployment of deployment descriptor [F:\apache-tomcat-9.0.11\conf\Catalina\localhost\test.xml] has finished in [759] ms
21-Oct-2018 20:01:06.091 INFO [main] org.apache.catalina.startup.HostConfig.deployDescriptor Deploying deployment descriptor [F:\apache-tomcat-9.0.11\conf\Catalina\localhost\WebApplication1.xml]
21-Oct-2018 20:01:06.102 WARNING [main] org.apache.catalina.startup.HostConfig.deployDescriptor The path attribute with value [/WebApplication1] in deployment descriptor [F:\apache-tomcat-9.0.11\conf\Catalina\localhost\WebApplication1.xml] has been ignored
21-Oct-2018 20:01:11.236 INFO [main] org.apache.jasper.servlet.TldScanner.scanJars At least one JAR was scanned for TLDs yet contained no TLDs. Enable debug logging for this logger for a complete list of JARs that were scanned but no TLDs were found in them. Skipping unneeded JARs during scanning can improve startup time and JSP compilation time.
21-Oct-2018 20:01:11.404 INFO [main] org.springframework.web.context.ContextLoader.initWebApplicationContext Root WebApplicationContext: initialization started
21-Oct-2018 20:01:11.674 INFO [main] org.springframework.context.support.AbstractApplicationContext.prepareRefresh Refreshing Root WebApplicationContext: startup date [Sun Oct 21 20:01:11 ICT 2018]; root of context hierarchy
21-Oct-2018 20:01:11.787 INFO [main] org.springframework.beans.factory.xml.XmlBeanDefinitionReader.loadBeanDefinitions Loading XML bean definitions from ServletContext resource [/WEB-INF/applicationContext.xml]
21-Oct-2018 20:01:11.959 INFO [main] org.springframework.web.context.ContextLoader.initWebApplicationContext Root WebApplicationContext: initialization completed in 550 ms
21-Oct-2018 20:01:12.006 INFO [main] org.springframework.web.servlet.FrameworkServlet.initServletBean FrameworkServlet 'dispatcher': initialization started
21-Oct-2018 20:01:12.020 INFO [main] org.springframework.context.support.AbstractApplicationContext.prepareRefresh Refreshing WebApplicationContext for namespace 'dispatcher-servlet': startup date [Sun Oct 21 20:01:12 ICT 2018]; parent: Root WebApplicationContext
21-Oct-2018 20:01:12.025 INFO [main] org.springframework.beans.factory.xml.XmlBeanDefinitionReader.loadBeanDefinitions Loading XML bean definitions from ServletContext resource [/WEB-INF/dispatcher-servlet.xml]
21-Oct-2018 20:01:12.296 INFO [main] org.springframework.web.servlet.handler.AbstractUrlHandlerMapping.registerHandler Mapped URL path [/index.htm] onto handler 'indexController'
21-Oct-2018 20:01:12.391 INFO [main] org.springframework.web.servlet.FrameworkServlet.initServletBean FrameworkServlet 'dispatcher': initialization completed in 384 ms
21-Oct-2018 20:01:12.398 INFO [main] org.apache.catalina.startup.HostConfig.deployDescriptor Deployment of deployment descriptor [F:\apache-tomcat-9.0.11\conf\Catalina\localhost\WebApplication1.xml] has finished in [6,307] ms
21-Oct-2018 20:01:12.399 INFO [main] org.apache.catalina.startup.HostConfig.deployDirectory Deploying web application directory [F:\apache-tomcat-9.0.11\webapps\docs]
21-Oct-2018 20:01:12.489 INFO [main] org.apache.catalina.startup.HostConfig.deployDirectory Deployment of web application directory [F:\apache-tomcat-9.0.11\webapps\docs] has finished in [89] ms
21-Oct-2018 20:01:12.489 INFO [main] org.apache.catalina.startup.HostConfig.deployDirectory Deploying web application directory [F:\apache-tomcat-9.0.11\webapps\examples]
21-Oct-2018 20:01:14.499 INFO [main] org.apache.catalina.startup.HostConfig.deployDirectory Deployment of web application directory [F:\apache-tomcat-9.0.11\webapps\examples] has finished in [2,009] ms
21-Oct-2018 20:01:14.500 INFO [main] org.apache.catalina.startup.HostConfig.deployDirectory Deploying web application directory [F:\apache-tomcat-9.0.11\webapps\host-manager]
21-Oct-2018 20:01:14.626 INFO [main] org.apache.catalina.startup.HostConfig.deployDirectory Deployment of web application directory [F:\apache-tomcat-9.0.11\webapps\host-manager] has finished in [126] ms
21-Oct-2018 20:01:14.628 INFO [main] org.apache.catalina.startup.HostConfig.deployDirectory Deploying web application directory [F:\apache-tomcat-9.0.11\webapps\manager]
21-Oct-2018 20:01:14.700 INFO [main] org.apache.catalina.startup.HostConfig.deployDirectory Deployment of web application directory [F:\apache-tomcat-9.0.11\webapps\manager] has finished in [73] ms
21-Oct-2018 20:01:14.701 INFO [main] org.apache.catalina.startup.HostConfig.deployDirectory Deploying web application directory [F:\apache-tomcat-9.0.11\webapps\ROOT]
21-Oct-2018 20:01:14.767 INFO [main] org.apache.catalina.startup.HostConfig.deployDirectory Deployment of web application directory [F:\apache-tomcat-9.0.11\webapps\ROOT] has finished in [66] ms
21-Oct-2018 20:01:14.775 INFO [main] org.apache.catalina.startup.Catalina.start Server startup in 26201 ms
21-Oct-2018 20:01:14.837 SEVERE [main] org.apache.catalina.core.StandardServer.await StandardServer.await: create[localhost:8005]: 
 java.net.BindException: Address already in use: JVM_Bind
	at java.net.DualStackPlainSocketImpl.bind0(Native Method)
	at java.net.DualStackPlainSocketImpl.socketBind(DualStackPlainSocketImpl.java:106)
	at java.net.AbstractPlainSocketImpl.bind(AbstractPlainSocketImpl.java:387)
	at java.net.PlainSocketImpl.bind(PlainSocketImpl.java:190)
	at java.net.ServerSocket.bind(ServerSocket.java:375)
	at java.net.ServerSocket.<init>(ServerSocket.java:237)
	at org.apache.catalina.core.StandardServer.await(StandardServer.java:422)
	at org.apache.catalina.startup.Catalina.await(Catalina.java:770)
	at org.apache.catalina.startup.Catalina.start(Catalina.java:716)
	at sun.reflect.NativeMethodAccessorImpl.invoke0(Native Method)
	at sun.reflect.NativeMethodAccessorImpl.invoke(NativeMethodAccessorImpl.java:62)
	at sun.reflect.DelegatingMethodAccessorImpl.invoke(DelegatingMethodAccessorImpl.java:43)
	at java.lang.reflect.Method.invoke(Method.java:498)
	at org.apache.catalina.startup.Bootstrap.start(Bootstrap.java:350)
	at org.apache.catalina.startup.Bootstrap.main(Bootstrap.java:492)

21-Oct-2018 20:01:14.842 INFO [main] org.apache.coyote.AbstractProtocol.pause Pausing ProtocolHandler ["http-nio-8080"]
21-Oct-2018 20:01:14.851 INFO [main] org.apache.coyote.AbstractProtocol.pause Pausing ProtocolHandler ["ajp-nio-8009"]
21-Oct-2018 20:01:14.853 INFO [main] org.apache.catalina.core.StandardService.stopInternal Stopping service [Catalina]
21-Oct-2018 20:01:14.936 INFO [main] org.springframework.context.support.AbstractApplicationContext.doClose Closing WebApplicationContext for namespace 'dispatcher-servlet': startup date [Sun Oct 21 20:01:02 ICT 2018]; parent: Root WebApplicationContext
21-Oct-2018 20:01:14.943 INFO [main] org.springframework.context.support.AbstractApplicationContext.doClose Closing Root WebApplicationContext: startup date [Sun Oct 21 20:01:00 ICT 2018]; root of context hierarchy
21-Oct-2018 20:01:15.015 INFO [main] org.springframework.context.support.AbstractApplicationContext.doClose Closing WebApplicationContext for namespace 'dispatcher-servlet': startup date [Sun Oct 21 20:01:12 ICT 2018]; parent: Root WebApplicationContext
21-Oct-2018 20:01:15.022 INFO [main] org.springframework.context.support.AbstractApplicationContext.doClose Closing Root WebApplicationContext: startup date [Sun Oct 21 20:01:11 ICT 2018]; root of context hierarchy
21-Oct-2018 20:01:15.043 INFO [main] org.apache.coyote.AbstractProtocol.stop Stopping ProtocolHandler ["http-nio-8080"]
21-Oct-2018 20:01:15.045 INFO [main] org.apache.coyote.AbstractProtocol.destroy Destroying ProtocolHandler ["http-nio-8080"]
21-Oct-2018 20:01:15.049 INFO [main] org.apache.coyote.AbstractProtocol.stop Stopping ProtocolHandler ["ajp-nio-8009"]
21-Oct-2018 20:01:15.050 INFO [main] org.apache.coyote.AbstractProtocol.destroy Destroying ProtocolHandler ["ajp-nio-8009"]
21-Oct-2018 20:02:04.979 INFO [main] org.apache.catalina.startup.VersionLoggerListener.log Server version:        Apache Tomcat/9.0.11
21-Oct-2018 20:02:04.985 INFO [main] org.apache.catalina.startup.VersionLoggerListener.log Server built:          Aug 11 2018 19:47:23 UTC
21-Oct-2018 20:02:04.985 INFO [main] org.apache.catalina.startup.VersionLoggerListener.log Server number:         9.0.11.0
21-Oct-2018 20:02:04.986 INFO [main] org.apache.catalina.startup.VersionLoggerListener.log OS Name:               Windows 10
21-Oct-2018 20:02:04.987 INFO [main] org.apache.catalina.startup.VersionLoggerListener.log OS Version:            10.0
21-Oct-2018 20:02:04.987 INFO [main] org.apache.catalina.startup.VersionLoggerListener.log Architecture:          amd64
21-Oct-2018 20:02:04.989 INFO [main] org.apache.catalina.startup.VersionLoggerListener.log Java Home:             C:\Program Files\Java\jdk1.8.0_161\jre
21-Oct-2018 20:02:04.990 INFO [main] org.apache.catalina.startup.VersionLoggerListener.log JVM Version:           1.8.0_161-b12
21-Oct-2018 20:02:04.991 INFO [main] org.apache.catalina.startup.VersionLoggerListener.log JVM Vendor:            Oracle Corporation
21-Oct-2018 20:02:04.991 INFO [main] org.apache.catalina.startup.VersionLoggerListener.log CATALINA_BASE:         F:\apache-tomcat-9.0.11
21-Oct-2018 20:02:04.991 INFO [main] org.apache.catalina.startup.VersionLoggerListener.log CATALINA_HOME:         F:\apache-tomcat-9.0.11
21-Oct-2018 20:02:04.992 INFO [main] org.apache.catalina.startup.VersionLoggerListener.log Command line argument: -Djava.util.logging.config.file=F:\apache-tomcat-9.0.11\conf\logging.properties
21-Oct-2018 20:02:04.998 INFO [main] org.apache.catalina.startup.VersionLoggerListener.log Command line argument: -Djava.util.logging.manager=org.apache.juli.ClassLoaderLogManager
21-Oct-2018 20:02:04.999 INFO [main] org.apache.catalina.startup.VersionLoggerListener.log Command line argument: -Djdk.tls.ephemeralDHKeySize=2048
21-Oct-2018 20:02:05.000 INFO [main] org.apache.catalina.startup.VersionLoggerListener.log Command line argument: -Djava.protocol.handler.pkgs=org.apache.catalina.webresources
21-Oct-2018 20:02:05.000 INFO [main] org.apache.catalina.startup.VersionLoggerListener.log Command line argument: -Dignore.endorsed.dirs=
21-Oct-2018 20:02:05.001 INFO [main] org.apache.catalina.startup.VersionLoggerListener.log Command line argument: -Dcatalina.base=F:\apache-tomcat-9.0.11
21-Oct-2018 20:02:05.003 INFO [main] org.apache.catalina.startup.VersionLoggerListener.log Command line argument: -Dcatalina.home=F:\apache-tomcat-9.0.11
21-Oct-2018 20:02:05.004 INFO [main] org.apache.catalina.startup.VersionLoggerListener.log Command line argument: -Djava.io.tmpdir=F:\apache-tomcat-9.0.11\temp
21-Oct-2018 20:02:05.006 INFO [main] org.apache.catalina.core.AprLifecycleListener.lifecycleEvent The APR based Apache Tomcat Native library which allows optimal performance in production environments was not found on the java.library.path: [C:\Program Files\Java\jdk1.8.0_161\bin;C:\Windows\Sun\Java\bin;C:\Windows\system32;C:\Windows;C:\Program Files\Java\jdk1.8.0_161\bin;C:\ProgramData\Oracle\Java\javapath;C:\Windows\system32;C:\Windows;C:\Windows\System32\Wbem;C:\Windows\System32\WindowsPowerShell\v1.0\;C:\Windows\System32\OpenSSH\;C:\Program Files\Microsoft SQL Server\Client SDK\ODBC\130\Tools\Binn\;C:\Program Files (x86)\Microsoft SQL Server\140\Tools\Binn\;C:\Program Files\Microsoft SQL Server\140\Tools\Binn\;C:\Program Files\Microsoft SQL Server\140\DTS\Binn\;C:\Program Files (x86)\Microsoft SQL Server\Client SDK\ODBC\130\Tools\Binn\;C:\Program Files (x86)\Microsoft SQL Server\140\DTS\Binn\;C:\Program Files (x86)\Microsoft SQL Server\140\Tools\Binn\ManagementStudio\;C:\Users\Thuy Tran\AppData\Local\Microsoft\WindowsApps;;.]
21-Oct-2018 20:02:05.312 INFO [main] org.apache.coyote.AbstractProtocol.init Initializing ProtocolHandler ["http-nio-8080"]
21-Oct-2018 20:02:05.329 SEVERE [main] org.apache.catalina.util.LifecycleBase.handleSubClassException Failed to initialize component [Connector[HTTP/1.1-8080]]
 org.apache.catalina.LifecycleException: Protocol handler initialization failed
	at org.apache.catalina.connector.Connector.initInternal(Connector.java:935)
	at org.apache.catalina.util.LifecycleBase.init(LifecycleBase.java:136)
	at org.apache.catalina.core.StandardService.initInternal(StandardService.java:533)
	at org.apache.catalina.util.LifecycleBase.init(LifecycleBase.java:136)
	at org.apache.catalina.core.StandardServer.initInternal(StandardServer.java:852)
	at org.apache.catalina.util.LifecycleBase.init(LifecycleBase.java:136)
	at org.apache.catalina.startup.Catalina.load(Catalina.java:633)
	at org.apache.catalina.startup.Catalina.load(Catalina.java:656)
	at sun.reflect.NativeMethodAccessorImpl.invoke0(Native Method)
	at sun.reflect.NativeMethodAccessorImpl.invoke(NativeMethodAccessorImpl.java:62)
	at sun.reflect.DelegatingMethodAccessorImpl.invoke(DelegatingMethodAccessorImpl.java:43)
	at java.lang.reflect.Method.invoke(Method.java:498)
	at org.apache.catalina.startup.Bootstrap.load(Bootstrap.java:306)
	at org.apache.catalina.startup.Bootstrap.main(Bootstrap.java:491)
Caused by: java.net.BindException: Address already in use: bind
	at sun.nio.ch.Net.bind0(Native Method)
	at sun.nio.ch.Net.bind(Net.java:433)
	at sun.nio.ch.Net.bind(Net.java:425)
	at sun.nio.ch.ServerSocketChannelImpl.bind(ServerSocketChannelImpl.java:223)
	at sun.nio.ch.ServerSocketAdaptor.bind(ServerSocketAdaptor.java:74)
	at org.apache.tomcat.util.net.NioEndpoint.initServerSocket(NioEndpoint.java:236)
	at org.apache.tomcat.util.net.NioEndpoint.bind(NioEndpoint.java:210)
	at org.apache.tomcat.util.net.AbstractEndpoint.init(AbstractEndpoint.java:1044)
	at org.apache.coyote.AbstractProtocol.init(AbstractProtocol.java:540)
	at org.apache.coyote.http11.AbstractHttp11Protocol.init(AbstractHttp11Protocol.java:74)
	at org.apache.catalina.connector.Connector.initInternal(Connector.java:932)
	... 13 more

21-Oct-2018 20:02:05.337 INFO [main] org.apache.coyote.AbstractProtocol.init Initializing ProtocolHandler ["ajp-nio-8009"]
21-Oct-2018 20:02:05.347 SEVERE [main] org.apache.catalina.util.LifecycleBase.handleSubClassException Failed to initialize component [Connector[AJP/1.3-8009]]
 org.apache.catalina.LifecycleException: Protocol handler initialization failed
	at org.apache.catalina.connector.Connector.initInternal(Connector.java:935)
	at org.apache.catalina.util.LifecycleBase.init(LifecycleBase.java:136)
	at org.apache.catalina.core.StandardService.initInternal(StandardService.java:533)
	at org.apache.catalina.util.LifecycleBase.init(LifecycleBase.java:136)
	at org.apache.catalina.core.StandardServer.initInternal(StandardServer.java:852)
	at org.apache.catalina.util.LifecycleBase.init(LifecycleBase.java:136)
	at org.apache.catalina.startup.Catalina.load(Catalina.java:633)
	at org.apache.catalina.startup.Catalina.load(Catalina.java:656)
	at sun.reflect.NativeMethodAccessorImpl.invoke0(Native Method)
	at sun.reflect.NativeMethodAccessorImpl.invoke(NativeMethodAccessorImpl.java:62)
	at sun.reflect.DelegatingMethodAccessorImpl.invoke(DelegatingMethodAccessorImpl.java:43)
	at java.lang.reflect.Method.invoke(Method.java:498)
	at org.apache.catalina.startup.Bootstrap.load(Bootstrap.java:306)
	at org.apache.catalina.startup.Bootstrap.main(Bootstrap.java:491)
Caused by: java.net.BindException: Address already in use: bind
	at sun.nio.ch.Net.bind0(Native Method)
	at sun.nio.ch.Net.bind(Net.java:433)
	at sun.nio.ch.Net.bind(Net.java:425)
	at sun.nio.ch.ServerSocketChannelImpl.bind(ServerSocketChannelImpl.java:223)
	at sun.nio.ch.ServerSocketAdaptor.bind(ServerSocketAdaptor.java:74)
	at org.apache.tomcat.util.net.NioEndpoint.initServerSocket(NioEndpoint.java:236)
	at org.apache.tomcat.util.net.NioEndpoint.bind(NioEndpoint.java:210)
	at org.apache.tomcat.util.net.AbstractEndpoint.init(AbstractEndpoint.java:1044)
	at org.apache.coyote.AbstractProtocol.init(AbstractProtocol.java:540)
	at org.apache.catalina.connector.Connector.initInternal(Connector.java:932)
	... 13 more

21-Oct-2018 20:02:05.351 INFO [main] org.apache.catalina.startup.Catalina.load Initialization processed in 1234 ms
21-Oct-2018 20:02:05.438 INFO [main] org.apache.catalina.core.StandardService.startInternal Starting service [Catalina]
21-Oct-2018 20:02:05.439 INFO [main] org.apache.catalina.core.StandardEngine.startInternal Starting Servlet Engine: Apache Tomcat/9.0.11
21-Oct-2018 20:02:05.453 INFO [main] org.apache.catalina.startup.HostConfig.deployDescriptor Deploying deployment descriptor [F:\apache-tomcat-9.0.11\conf\Catalina\localhost\demo1.xml]
21-Oct-2018 20:02:05.497 WARNING [main] org.apache.catalina.startup.HostConfig.deployDescriptor The path attribute with value [/demo1] in deployment descriptor [F:\apache-tomcat-9.0.11\conf\Catalina\localhost\demo1.xml] has been ignored
21-Oct-2018 20:02:08.937 INFO [main] org.apache.jasper.servlet.TldScanner.scanJars At least one JAR was scanned for TLDs yet contained no TLDs. Enable debug logging for this logger for a complete list of JARs that were scanned but no TLDs were found in them. Skipping unneeded JARs during scanning can improve startup time and JSP compilation time.
21-Oct-2018 20:02:09.377 INFO [main] org.springframework.web.context.ContextLoader.initWebApplicationContext Root WebApplicationContext: initialization started
21-Oct-2018 20:02:09.635 INFO [main] org.springframework.context.support.AbstractApplicationContext.prepareRefresh Refreshing Root WebApplicationContext: startup date [Sun Oct 21 20:02:09 ICT 2018]; root of context hierarchy
21-Oct-2018 20:02:09.773 INFO [main] org.springframework.beans.factory.xml.XmlBeanDefinitionReader.loadBeanDefinitions Loading XML bean definitions from ServletContext resource [/WEB-INF/applicationContext.xml]
21-Oct-2018 20:02:10.204 INFO [main] org.springframework.web.context.ContextLoader.initWebApplicationContext Root WebApplicationContext: initialization completed in 826 ms
21-Oct-2018 20:02:10.684 WARNING [main] org.apache.catalina.util.SessionIdGeneratorBase.createSecureRandom Creation of SecureRandom instance for session ID generation using [SHA1PRNG] took [475] milliseconds.
21-Oct-2018 20:02:10.738 INFO [main] org.springframework.web.servlet.FrameworkServlet.initServletBean FrameworkServlet 'dispatcher': initialization started
21-Oct-2018 20:02:10.759 INFO [main] org.springframework.context.support.AbstractApplicationContext.prepareRefresh Refreshing WebApplicationContext for namespace 'dispatcher-servlet': startup date [Sun Oct 21 20:02:10 ICT 2018]; parent: Root WebApplicationContext
21-Oct-2018 20:02:10.768 INFO [main] org.springframework.beans.factory.xml.XmlBeanDefinitionReader.loadBeanDefinitions Loading XML bean definitions from ServletContext resource [/WEB-INF/dispatcher-servlet.xml]
21-Oct-2018 20:02:11.118 INFO [main] org.springframework.web.servlet.handler.AbstractUrlHandlerMapping.registerHandler Mapped URL path [/index.htm] onto handler 'indexController'
21-Oct-2018 20:02:11.290 INFO [main] org.springframework.web.servlet.FrameworkServlet.initServletBean FrameworkServlet 'dispatcher': initialization completed in 550 ms
21-Oct-2018 20:02:11.322 INFO [main] org.apache.catalina.startup.HostConfig.deployDescriptor Deployment of deployment descriptor [F:\apache-tomcat-9.0.11\conf\Catalina\localhost\demo1.xml] has finished in [5,869] ms
21-Oct-2018 20:02:11.325 INFO [main] org.apache.catalina.startup.HostConfig.deployDescriptor Deploying deployment descriptor [F:\apache-tomcat-9.0.11\conf\Catalina\localhost\test.xml]
21-Oct-2018 20:02:11.338 WARNING [main] org.apache.catalina.startup.HostConfig.deployDescriptor The path attribute with value [/test] in deployment descriptor [F:\apache-tomcat-9.0.11\conf\Catalina\localhost\test.xml] has been ignored
21-Oct-2018 20:02:11.468 INFO [main] org.apache.catalina.startup.HostConfig.deployDescriptor Deployment of deployment descriptor [F:\apache-tomcat-9.0.11\conf\Catalina\localhost\test.xml] has finished in [142] ms
21-Oct-2018 20:02:11.470 INFO [main] org.apache.catalina.startup.HostConfig.deployDescriptor Deploying deployment descriptor [F:\apache-tomcat-9.0.11\conf\Catalina\localhost\WebApplication1.xml]
21-Oct-2018 20:02:11.474 WARNING [main] org.apache.catalina.startup.HostConfig.deployDescriptor The path attribute with value [/WebApplication1] in deployment descriptor [F:\apache-tomcat-9.0.11\conf\Catalina\localhost\WebApplication1.xml] has been ignored
21-Oct-2018 20:02:14.492 INFO [main] org.apache.jasper.servlet.TldScanner.scanJars At least one JAR was scanned for TLDs yet contained no TLDs. Enable debug logging for this logger for a complete list of JARs that were scanned but no TLDs were found in them. Skipping unneeded JARs during scanning can improve startup time and JSP compilation time.
21-Oct-2018 20:02:14.568 INFO [main] org.springframework.web.context.ContextLoader.initWebApplicationContext Root WebApplicationContext: initialization started
21-Oct-2018 20:02:14.884 INFO [main] org.springframework.context.support.AbstractApplicationContext.prepareRefresh Refreshing Root WebApplicationContext: startup date [Sun Oct 21 20:02:14 ICT 2018]; root of context hierarchy
21-Oct-2018 20:02:15.046 INFO [main] org.springframework.beans.factory.xml.XmlBeanDefinitionReader.loadBeanDefinitions Loading XML bean definitions from ServletContext resource [/WEB-INF/applicationContext.xml]
21-Oct-2018 20:02:15.277 INFO [main] org.springframework.web.context.ContextLoader.initWebApplicationContext Root WebApplicationContext: initialization completed in 707 ms
21-Oct-2018 20:02:15.434 INFO [main] org.springframework.web.servlet.FrameworkServlet.initServletBean FrameworkServlet 'dispatcher': initialization started
21-Oct-2018 20:02:15.550 INFO [main] org.springframework.context.support.AbstractApplicationContext.prepareRefresh Refreshing WebApplicationContext for namespace 'dispatcher-servlet': startup date [Sun Oct 21 20:02:15 ICT 2018]; parent: Root WebApplicationContext
21-Oct-2018 20:02:15.604 INFO [main] org.springframework.beans.factory.xml.XmlBeanDefinitionReader.loadBeanDefinitions Loading XML bean definitions from ServletContext resource [/WEB-INF/dispatcher-servlet.xml]
21-Oct-2018 20:02:16.090 INFO [main] org.springframework.web.servlet.handler.AbstractUrlHandlerMapping.registerHandler Mapped URL path [/index.htm] onto handler 'indexController'
21-Oct-2018 20:02:16.228 INFO [main] org.springframework.web.servlet.FrameworkServlet.initServletBean FrameworkServlet 'dispatcher': initialization completed in 735 ms
21-Oct-2018 20:02:16.233 INFO [main] org.apache.catalina.startup.HostConfig.deployDescriptor Deployment of deployment descriptor [F:\apache-tomcat-9.0.11\conf\Catalina\localhost\WebApplication1.xml] has finished in [4,764] ms
21-Oct-2018 20:02:16.235 INFO [main] org.apache.catalina.startup.HostConfig.deployDirectory Deploying web application directory [F:\apache-tomcat-9.0.11\webapps\docs]
21-Oct-2018 20:02:16.292 INFO [main] org.apache.catalina.startup.HostConfig.deployDirectory Deployment of web application directory [F:\apache-tomcat-9.0.11\webapps\docs] has finished in [57] ms
21-Oct-2018 20:02:16.293 INFO [main] org.apache.catalina.startup.HostConfig.deployDirectory Deploying web application directory [F:\apache-tomcat-9.0.11\webapps\examples]
21-Oct-2018 20:02:21.408 INFO [main] org.apache.catalina.startup.HostConfig.deployDirectory Deployment of web application directory [F:\apache-tomcat-9.0.11\webapps\examples] has finished in [5,115] ms
21-Oct-2018 20:02:21.409 INFO [main] org.apache.catalina.startup.HostConfig.deployDirectory Deploying web application directory [F:\apache-tomcat-9.0.11\webapps\host-manager]
21-Oct-2018 20:02:21.585 INFO [main] org.apache.catalina.startup.HostConfig.deployDirectory Deployment of web application directory [F:\apache-tomcat-9.0.11\webapps\host-manager] has finished in [176] ms
21-Oct-2018 20:02:21.587 INFO [main] org.apache.catalina.startup.HostConfig.deployDirectory Deploying web application directory [F:\apache-tomcat-9.0.11\webapps\manager]
21-Oct-2018 20:02:21.710 INFO [main] org.apache.catalina.startup.HostConfig.deployDirectory Deployment of web application directory [F:\apache-tomcat-9.0.11\webapps\manager] has finished in [123] ms
21-Oct-2018 20:02:21.712 INFO [main] org.apache.catalina.startup.HostConfig.deployDirectory Deploying web application directory [F:\apache-tomcat-9.0.11\webapps\ROOT]
21-Oct-2018 20:02:21.813 INFO [main] org.apache.catalina.startup.HostConfig.deployDirectory Deployment of web application directory [F:\apache-tomcat-9.0.11\webapps\ROOT] has finished in [101] ms
21-Oct-2018 20:02:21.824 INFO [main] org.apache.catalina.startup.Catalina.start Server startup in 16471 ms
21-Oct-2018 20:02:21.861 SEVERE [main] org.apache.catalina.core.StandardServer.await StandardServer.await: create[localhost:8005]: 
 java.net.BindException: Address already in use: JVM_Bind
	at java.net.DualStackPlainSocketImpl.bind0(Native Method)
	at java.net.DualStackPlainSocketImpl.socketBind(DualStackPlainSocketImpl.java:106)
	at java.net.AbstractPlainSocketImpl.bind(AbstractPlainSocketImpl.java:387)
	at java.net.PlainSocketImpl.bind(PlainSocketImpl.java:190)
	at java.net.ServerSocket.bind(ServerSocket.java:375)
	at java.net.ServerSocket.<init>(ServerSocket.java:237)
	at org.apache.catalina.core.StandardServer.await(StandardServer.java:422)
	at org.apache.catalina.startup.Catalina.await(Catalina.java:770)
	at org.apache.catalina.startup.Catalina.start(Catalina.java:716)
	at sun.reflect.NativeMethodAccessorImpl.invoke0(Native Method)
	at sun.reflect.NativeMethodAccessorImpl.invoke(NativeMethodAccessorImpl.java:62)
	at sun.reflect.DelegatingMethodAccessorImpl.invoke(DelegatingMethodAccessorImpl.java:43)
	at java.lang.reflect.Method.invoke(Method.java:498)
	at org.apache.catalina.startup.Bootstrap.start(Bootstrap.java:350)
	at org.apache.catalina.startup.Bootstrap.main(Bootstrap.java:492)

21-Oct-2018 20:02:21.873 INFO [main] org.apache.coyote.AbstractProtocol.pause Pausing ProtocolHandler ["http-nio-8080"]
21-Oct-2018 20:02:21.875 INFO [main] org.apache.coyote.AbstractProtocol.pause Pausing ProtocolHandler ["ajp-nio-8009"]
21-Oct-2018 20:02:21.877 INFO [main] org.apache.catalina.core.StandardService.stopInternal Stopping service [Catalina]
21-Oct-2018 20:02:21.919 INFO [main] org.springframework.context.support.AbstractApplicationContext.doClose Closing WebApplicationContext for namespace 'dispatcher-servlet': startup date [Sun Oct 21 20:02:10 ICT 2018]; parent: Root WebApplicationContext
21-Oct-2018 20:02:21.934 INFO [main] org.springframework.context.support.AbstractApplicationContext.doClose Closing Root WebApplicationContext: startup date [Sun Oct 21 20:02:09 ICT 2018]; root of context hierarchy
21-Oct-2018 20:02:21.971 INFO [main] org.springframework.context.support.AbstractApplicationContext.doClose Closing WebApplicationContext for namespace 'dispatcher-servlet': startup date [Sun Oct 21 20:02:15 ICT 2018]; parent: Root WebApplicationContext
21-Oct-2018 20:02:21.984 INFO [main] org.springframework.context.support.AbstractApplicationContext.doClose Closing Root WebApplicationContext: startup date [Sun Oct 21 20:02:14 ICT 2018]; root of context hierarchy
21-Oct-2018 20:02:22.015 INFO [main] org.apache.coyote.AbstractProtocol.stop Stopping ProtocolHandler ["http-nio-8080"]
21-Oct-2018 20:02:22.020 INFO [main] org.apache.coyote.AbstractProtocol.destroy Destroying ProtocolHandler ["http-nio-8080"]
21-Oct-2018 20:02:22.022 INFO [main] org.apache.coyote.AbstractProtocol.stop Stopping ProtocolHandler ["ajp-nio-8009"]
21-Oct-2018 20:02:22.023 INFO [main] org.apache.coyote.AbstractProtocol.destroy Destroying ProtocolHandler ["ajp-nio-8009"]
21-Oct-2018 20:02:48.551 INFO [main] org.apache.catalina.startup.VersionLoggerListener.log Server version:        Apache Tomcat/9.0.11
21-Oct-2018 20:02:48.556 INFO [main] org.apache.catalina.startup.VersionLoggerListener.log Server built:          Aug 11 2018 19:47:23 UTC
21-Oct-2018 20:02:48.557 INFO [main] org.apache.catalina.startup.VersionLoggerListener.log Server number:         9.0.11.0
21-Oct-2018 20:02:48.557 INFO [main] org.apache.catalina.startup.VersionLoggerListener.log OS Name:               Windows 10
21-Oct-2018 20:02:48.558 INFO [main] org.apache.catalina.startup.VersionLoggerListener.log OS Version:            10.0
21-Oct-2018 20:02:48.559 INFO [main] org.apache.catalina.startup.VersionLoggerListener.log Architecture:          amd64
21-Oct-2018 20:02:48.559 INFO [main] org.apache.catalina.startup.VersionLoggerListener.log Java Home:             C:\Program Files\Java\jdk1.8.0_161\jre
21-Oct-2018 20:02:48.560 INFO [main] org.apache.catalina.startup.VersionLoggerListener.log JVM Version:           1.8.0_161-b12
21-Oct-2018 20:02:48.560 INFO [main] org.apache.catalina.startup.VersionLoggerListener.log JVM Vendor:            Oracle Corporation
21-Oct-2018 20:02:48.560 INFO [main] org.apache.catalina.startup.VersionLoggerListener.log CATALINA_BASE:         F:\apache-tomcat-9.0.11
21-Oct-2018 20:02:48.561 INFO [main] org.apache.catalina.startup.VersionLoggerListener.log CATALINA_HOME:         F:\apache-tomcat-9.0.11
21-Oct-2018 20:02:48.561 INFO [main] org.apache.catalina.startup.VersionLoggerListener.log Command line argument: -Djava.util.logging.config.file=F:\apache-tomcat-9.0.11\conf\logging.properties
21-Oct-2018 20:02:48.562 INFO [main] org.apache.catalina.startup.VersionLoggerListener.log Command line argument: -Djava.util.logging.manager=org.apache.juli.ClassLoaderLogManager
21-Oct-2018 20:02:48.563 INFO [main] org.apache.catalina.startup.VersionLoggerListener.log Command line argument: -Djdk.tls.ephemeralDHKeySize=2048
21-Oct-2018 20:02:48.564 INFO [main] org.apache.catalina.startup.VersionLoggerListener.log Command line argument: -Djava.protocol.handler.pkgs=org.apache.catalina.webresources
21-Oct-2018 20:02:48.564 INFO [main] org.apache.catalina.startup.VersionLoggerListener.log Command line argument: -Dignore.endorsed.dirs=
21-Oct-2018 20:02:48.565 INFO [main] org.apache.catalina.startup.VersionLoggerListener.log Command line argument: -Dcatalina.base=F:\apache-tomcat-9.0.11
21-Oct-2018 20:02:48.567 INFO [main] org.apache.catalina.startup.VersionLoggerListener.log Command line argument: -Dcatalina.home=F:\apache-tomcat-9.0.11
21-Oct-2018 20:02:48.574 INFO [main] org.apache.catalina.startup.VersionLoggerListener.log Command line argument: -Djava.io.tmpdir=F:\apache-tomcat-9.0.11\temp
21-Oct-2018 20:02:48.576 INFO [main] org.apache.catalina.core.AprLifecycleListener.lifecycleEvent The APR based Apache Tomcat Native library which allows optimal performance in production environments was not found on the java.library.path: [C:\Program Files\Java\jdk1.8.0_161\bin;C:\Windows\Sun\Java\bin;C:\Windows\system32;C:\Windows;C:\Program Files\Java\jdk1.8.0_161\bin;C:\ProgramData\Oracle\Java\javapath;C:\Windows\system32;C:\Windows;C:\Windows\System32\Wbem;C:\Windows\System32\WindowsPowerShell\v1.0\;C:\Windows\System32\OpenSSH\;C:\Program Files\Microsoft SQL Server\Client SDK\ODBC\130\Tools\Binn\;C:\Program Files (x86)\Microsoft SQL Server\140\Tools\Binn\;C:\Program Files\Microsoft SQL Server\140\Tools\Binn\;C:\Program Files\Microsoft SQL Server\140\DTS\Binn\;C:\Program Files (x86)\Microsoft SQL Server\Client SDK\ODBC\130\Tools\Binn\;C:\Program Files (x86)\Microsoft SQL Server\140\DTS\Binn\;C:\Program Files (x86)\Microsoft SQL Server\140\Tools\Binn\ManagementStudio\;C:\Users\Thuy Tran\AppData\Local\Microsoft\WindowsApps;;.]
21-Oct-2018 20:02:49.368 INFO [main] org.apache.coyote.AbstractProtocol.init Initializing ProtocolHandler ["http-nio-8080"]
21-Oct-2018 20:02:49.400 SEVERE [main] org.apache.catalina.util.LifecycleBase.handleSubClassException Failed to initialize component [Connector[HTTP/1.1-8080]]
 org.apache.catalina.LifecycleException: Protocol handler initialization failed
	at org.apache.catalina.connector.Connector.initInternal(Connector.java:935)
	at org.apache.catalina.util.LifecycleBase.init(LifecycleBase.java:136)
	at org.apache.catalina.core.StandardService.initInternal(StandardService.java:533)
	at org.apache.catalina.util.LifecycleBase.init(LifecycleBase.java:136)
	at org.apache.catalina.core.StandardServer.initInternal(StandardServer.java:852)
	at org.apache.catalina.util.LifecycleBase.init(LifecycleBase.java:136)
	at org.apache.catalina.startup.Catalina.load(Catalina.java:633)
	at org.apache.catalina.startup.Catalina.load(Catalina.java:656)
	at sun.reflect.NativeMethodAccessorImpl.invoke0(Native Method)
	at sun.reflect.NativeMethodAccessorImpl.invoke(NativeMethodAccessorImpl.java:62)
	at sun.reflect.DelegatingMethodAccessorImpl.invoke(DelegatingMethodAccessorImpl.java:43)
	at java.lang.reflect.Method.invoke(Method.java:498)
	at org.apache.catalina.startup.Bootstrap.load(Bootstrap.java:306)
	at org.apache.catalina.startup.Bootstrap.main(Bootstrap.java:491)
Caused by: java.net.BindException: Address already in use: bind
	at sun.nio.ch.Net.bind0(Native Method)
	at sun.nio.ch.Net.bind(Net.java:433)
	at sun.nio.ch.Net.bind(Net.java:425)
	at sun.nio.ch.ServerSocketChannelImpl.bind(ServerSocketChannelImpl.java:223)
	at sun.nio.ch.ServerSocketAdaptor.bind(ServerSocketAdaptor.java:74)
	at org.apache.tomcat.util.net.NioEndpoint.initServerSocket(NioEndpoint.java:236)
	at org.apache.tomcat.util.net.NioEndpoint.bind(NioEndpoint.java:210)
	at org.apache.tomcat.util.net.AbstractEndpoint.init(AbstractEndpoint.java:1044)
	at org.apache.coyote.AbstractProtocol.init(AbstractProtocol.java:540)
	at org.apache.coyote.http11.AbstractHttp11Protocol.init(AbstractHttp11Protocol.java:74)
	at org.apache.catalina.connector.Connector.initInternal(Connector.java:932)
	... 13 more

21-Oct-2018 20:02:49.407 INFO [main] org.apache.coyote.AbstractProtocol.init Initializing ProtocolHandler ["ajp-nio-8009"]
21-Oct-2018 20:02:49.422 SEVERE [main] org.apache.catalina.util.LifecycleBase.handleSubClassException Failed to initialize component [Connector[AJP/1.3-8009]]
 org.apache.catalina.LifecycleException: Protocol handler initialization failed
	at org.apache.catalina.connector.Connector.initInternal(Connector.java:935)
	at org.apache.catalina.util.LifecycleBase.init(LifecycleBase.java:136)
	at org.apache.catalina.core.StandardService.initInternal(StandardService.java:533)
	at org.apache.catalina.util.LifecycleBase.init(LifecycleBase.java:136)
	at org.apache.catalina.core.StandardServer.initInternal(StandardServer.java:852)
	at org.apache.catalina.util.LifecycleBase.init(LifecycleBase.java:136)
	at org.apache.catalina.startup.Catalina.load(Catalina.java:633)
	at org.apache.catalina.startup.Catalina.load(Catalina.java:656)
	at sun.reflect.NativeMethodAccessorImpl.invoke0(Native Method)
	at sun.reflect.NativeMethodAccessorImpl.invoke(NativeMethodAccessorImpl.java:62)
	at sun.reflect.DelegatingMethodAccessorImpl.invoke(DelegatingMethodAccessorImpl.java:43)
	at java.lang.reflect.Method.invoke(Method.java:498)
	at org.apache.catalina.startup.Bootstrap.load(Bootstrap.java:306)
	at org.apache.catalina.startup.Bootstrap.main(Bootstrap.java:491)
Caused by: java.net.BindException: Address already in use: bind
	at sun.nio.ch.Net.bind0(Native Method)
	at sun.nio.ch.Net.bind(Net.java:433)
	at sun.nio.ch.Net.bind(Net.java:425)
	at sun.nio.ch.ServerSocketChannelImpl.bind(ServerSocketChannelImpl.java:223)
	at sun.nio.ch.ServerSocketAdaptor.bind(ServerSocketAdaptor.java:74)
	at org.apache.tomcat.util.net.NioEndpoint.initServerSocket(NioEndpoint.java:236)
	at org.apache.tomcat.util.net.NioEndpoint.bind(NioEndpoint.java:210)
	at org.apache.tomcat.util.net.AbstractEndpoint.init(AbstractEndpoint.java:1044)
	at org.apache.coyote.AbstractProtocol.init(AbstractProtocol.java:540)
	at org.apache.catalina.connector.Connector.initInternal(Connector.java:932)
	... 13 more

21-Oct-2018 20:02:49.426 INFO [main] org.apache.catalina.startup.Catalina.load Initialization processed in 1679 ms
21-Oct-2018 20:02:49.531 INFO [main] org.apache.catalina.core.StandardService.startInternal Starting service [Catalina]
21-Oct-2018 20:02:49.532 INFO [main] org.apache.catalina.core.StandardEngine.startInternal Starting Servlet Engine: Apache Tomcat/9.0.11
21-Oct-2018 20:02:49.552 INFO [main] org.apache.catalina.startup.HostConfig.deployDescriptor Deploying deployment descriptor [F:\apache-tomcat-9.0.11\conf\Catalina\localhost\demo1.xml]
21-Oct-2018 20:02:49.597 WARNING [main] org.apache.catalina.startup.HostConfig.deployDescriptor The path attribute with value [/demo1] in deployment descriptor [F:\apache-tomcat-9.0.11\conf\Catalina\localhost\demo1.xml] has been ignored
21-Oct-2018 20:02:52.932 INFO [main] org.apache.jasper.servlet.TldScanner.scanJars At least one JAR was scanned for TLDs yet contained no TLDs. Enable debug logging for this logger for a complete list of JARs that were scanned but no TLDs were found in them. Skipping unneeded JARs during scanning can improve startup time and JSP compilation time.
21-Oct-2018 20:02:53.113 INFO [main] org.springframework.web.context.ContextLoader.initWebApplicationContext Root WebApplicationContext: initialization started
21-Oct-2018 20:02:53.465 INFO [main] org.springframework.context.support.AbstractApplicationContext.prepareRefresh Refreshing Root WebApplicationContext: startup date [Sun Oct 21 20:02:53 ICT 2018]; root of context hierarchy
21-Oct-2018 20:02:53.646 INFO [main] org.springframework.beans.factory.xml.XmlBeanDefinitionReader.loadBeanDefinitions Loading XML bean definitions from ServletContext resource [/WEB-INF/applicationContext.xml]
21-Oct-2018 20:02:54.105 INFO [main] org.springframework.web.context.ContextLoader.initWebApplicationContext Root WebApplicationContext: initialization completed in 991 ms
21-Oct-2018 20:02:54.633 WARNING [main] org.apache.catalina.util.SessionIdGeneratorBase.createSecureRandom Creation of SecureRandom instance for session ID generation using [SHA1PRNG] took [519] milliseconds.
21-Oct-2018 20:02:54.706 INFO [main] org.springframework.web.servlet.FrameworkServlet.initServletBean FrameworkServlet 'dispatcher': initialization started
21-Oct-2018 20:02:54.728 INFO [main] org.springframework.context.support.AbstractApplicationContext.prepareRefresh Refreshing WebApplicationContext for namespace 'dispatcher-servlet': startup date [Sun Oct 21 20:02:54 ICT 2018]; parent: Root WebApplicationContext
21-Oct-2018 20:02:54.759 INFO [main] org.springframework.beans.factory.xml.XmlBeanDefinitionReader.loadBeanDefinitions Loading XML bean definitions from ServletContext resource [/WEB-INF/dispatcher-servlet.xml]
21-Oct-2018 20:02:55.116 INFO [main] org.springframework.web.servlet.handler.AbstractUrlHandlerMapping.registerHandler Mapped URL path [/index.htm] onto handler 'indexController'
21-Oct-2018 20:02:55.310 INFO [main] org.springframework.web.servlet.FrameworkServlet.initServletBean FrameworkServlet 'dispatcher': initialization completed in 598 ms
21-Oct-2018 20:02:55.344 INFO [main] org.apache.catalina.startup.HostConfig.deployDescriptor Deployment of deployment descriptor [F:\apache-tomcat-9.0.11\conf\Catalina\localhost\demo1.xml] has finished in [5,792] ms
21-Oct-2018 20:02:55.345 INFO [main] org.apache.catalina.startup.HostConfig.deployDescriptor Deploying deployment descriptor [F:\apache-tomcat-9.0.11\conf\Catalina\localhost\test.xml]
21-Oct-2018 20:02:55.352 WARNING [main] org.apache.catalina.startup.HostConfig.deployDescriptor The path attribute with value [/test] in deployment descriptor [F:\apache-tomcat-9.0.11\conf\Catalina\localhost\test.xml] has been ignored
21-Oct-2018 20:02:55.456 INFO [main] org.apache.catalina.startup.HostConfig.deployDescriptor Deployment of deployment descriptor [F:\apache-tomcat-9.0.11\conf\Catalina\localhost\test.xml] has finished in [110] ms
21-Oct-2018 20:02:55.457 INFO [main] org.apache.catalina.startup.HostConfig.deployDescriptor Deploying deployment descriptor [F:\apache-tomcat-9.0.11\conf\Catalina\localhost\WebApplication1.xml]
21-Oct-2018 20:02:55.464 WARNING [main] org.apache.catalina.startup.HostConfig.deployDescriptor The path attribute with value [/WebApplication1] in deployment descriptor [F:\apache-tomcat-9.0.11\conf\Catalina\localhost\WebApplication1.xml] has been ignored
21-Oct-2018 20:02:58.472 INFO [main] org.apache.jasper.servlet.TldScanner.scanJars At least one JAR was scanned for TLDs yet contained no TLDs. Enable debug logging for this logger for a complete list of JARs that were scanned but no TLDs were found in them. Skipping unneeded JARs during scanning can improve startup time and JSP compilation time.
21-Oct-2018 20:02:58.579 INFO [main] org.springframework.web.context.ContextLoader.initWebApplicationContext Root WebApplicationContext: initialization started
21-Oct-2018 20:02:58.869 INFO [main] org.springframework.context.support.AbstractApplicationContext.prepareRefresh Refreshing Root WebApplicationContext: startup date [Sun Oct 21 20:02:58 ICT 2018]; root of context hierarchy
21-Oct-2018 20:02:59.019 INFO [main] org.springframework.beans.factory.xml.XmlBeanDefinitionReader.loadBeanDefinitions Loading XML bean definitions from ServletContext resource [/WEB-INF/applicationContext.xml]
21-Oct-2018 20:02:59.234 INFO [main] org.springframework.web.context.ContextLoader.initWebApplicationContext Root WebApplicationContext: initialization completed in 651 ms
21-Oct-2018 20:02:59.300 INFO [main] org.springframework.web.servlet.FrameworkServlet.initServletBean FrameworkServlet 'dispatcher': initialization started
21-Oct-2018 20:02:59.315 INFO [main] org.springframework.context.support.AbstractApplicationContext.prepareRefresh Refreshing WebApplicationContext for namespace 'dispatcher-servlet': startup date [Sun Oct 21 20:02:59 ICT 2018]; parent: Root WebApplicationContext
21-Oct-2018 20:02:59.322 INFO [main] org.springframework.beans.factory.xml.XmlBeanDefinitionReader.loadBeanDefinitions Loading XML bean definitions from ServletContext resource [/WEB-INF/dispatcher-servlet.xml]
21-Oct-2018 20:02:59.617 INFO [main] org.springframework.web.servlet.handler.AbstractUrlHandlerMapping.registerHandler Mapped URL path [/index.htm] onto handler 'indexController'
21-Oct-2018 20:02:59.785 INFO [main] org.springframework.web.servlet.FrameworkServlet.initServletBean FrameworkServlet 'dispatcher': initialization completed in 481 ms
21-Oct-2018 20:02:59.793 INFO [main] org.apache.catalina.startup.HostConfig.deployDescriptor Deployment of deployment descriptor [F:\apache-tomcat-9.0.11\conf\Catalina\localhost\WebApplication1.xml] has finished in [4,337] ms
21-Oct-2018 20:02:59.796 INFO [main] org.apache.catalina.startup.HostConfig.deployDirectory Deploying web application directory [F:\apache-tomcat-9.0.11\webapps\docs]
21-Oct-2018 20:02:59.863 INFO [main] org.apache.catalina.startup.HostConfig.deployDirectory Deployment of web application directory [F:\apache-tomcat-9.0.11\webapps\docs] has finished in [68] ms
21-Oct-2018 20:02:59.864 INFO [main] org.apache.catalina.startup.HostConfig.deployDirectory Deploying web application directory [F:\apache-tomcat-9.0.11\webapps\examples]
21-Oct-2018 20:03:01.339 INFO [main] org.apache.catalina.startup.HostConfig.deployDirectory Deployment of web application directory [F:\apache-tomcat-9.0.11\webapps\examples] has finished in [1,475] ms
21-Oct-2018 20:03:01.340 INFO [main] org.apache.catalina.startup.HostConfig.deployDirectory Deploying web application directory [F:\apache-tomcat-9.0.11\webapps\host-manager]
21-Oct-2018 20:03:02.228 INFO [main] org.apache.catalina.startup.HostConfig.deployDirectory Deployment of web application directory [F:\apache-tomcat-9.0.11\webapps\host-manager] has finished in [887] ms
21-Oct-2018 20:03:02.236 INFO [main] org.apache.catalina.startup.HostConfig.deployDirectory Deploying web application directory [F:\apache-tomcat-9.0.11\webapps\manager]
21-Oct-2018 20:03:02.442 INFO [main] org.apache.catalina.startup.HostConfig.deployDirectory Deployment of web application directory [F:\apache-tomcat-9.0.11\webapps\manager] has finished in [206] ms
21-Oct-2018 20:03:02.443 INFO [main] org.apache.catalina.startup.HostConfig.deployDirectory Deploying web application directory [F:\apache-tomcat-9.0.11\webapps\ROOT]
21-Oct-2018 20:03:02.551 INFO [main] org.apache.catalina.startup.HostConfig.deployDirectory Deployment of web application directory [F:\apache-tomcat-9.0.11\webapps\ROOT] has finished in [108] ms
21-Oct-2018 20:03:02.561 INFO [main] org.apache.catalina.startup.Catalina.start Server startup in 13123 ms
21-Oct-2018 20:03:02.573 SEVERE [main] org.apache.catalina.core.StandardServer.await StandardServer.await: create[localhost:8005]: 
 java.net.BindException: Address already in use: JVM_Bind
	at java.net.DualStackPlainSocketImpl.bind0(Native Method)
	at java.net.DualStackPlainSocketImpl.socketBind(DualStackPlainSocketImpl.java:106)
	at java.net.AbstractPlainSocketImpl.bind(AbstractPlainSocketImpl.java:387)
	at java.net.PlainSocketImpl.bind(PlainSocketImpl.java:190)
	at java.net.ServerSocket.bind(ServerSocket.java:375)
	at java.net.ServerSocket.<init>(ServerSocket.java:237)
	at org.apache.catalina.core.StandardServer.await(StandardServer.java:422)
	at org.apache.catalina.startup.Catalina.await(Catalina.java:770)
	at org.apache.catalina.startup.Catalina.start(Catalina.java:716)
	at sun.reflect.NativeMethodAccessorImpl.invoke0(Native Method)
	at sun.reflect.NativeMethodAccessorImpl.invoke(NativeMethodAccessorImpl.java:62)
	at sun.reflect.DelegatingMethodAccessorImpl.invoke(DelegatingMethodAccessorImpl.java:43)
	at java.lang.reflect.Method.invoke(Method.java:498)
	at org.apache.catalina.startup.Bootstrap.start(Bootstrap.java:350)
	at org.apache.catalina.startup.Bootstrap.main(Bootstrap.java:492)

21-Oct-2018 20:03:02.580 INFO [main] org.apache.coyote.AbstractProtocol.pause Pausing ProtocolHandler ["http-nio-8080"]
21-Oct-2018 20:03:02.588 INFO [main] org.apache.coyote.AbstractProtocol.pause Pausing ProtocolHandler ["ajp-nio-8009"]
21-Oct-2018 20:03:02.588 INFO [main] org.apache.catalina.core.StandardService.stopInternal Stopping service [Catalina]
21-Oct-2018 20:03:02.631 INFO [main] org.springframework.context.support.AbstractApplicationContext.doClose Closing WebApplicationContext for namespace 'dispatcher-servlet': startup date [Sun Oct 21 20:02:54 ICT 2018]; parent: Root WebApplicationContext
21-Oct-2018 20:03:02.634 INFO [main] org.springframework.context.support.AbstractApplicationContext.doClose Closing Root WebApplicationContext: startup date [Sun Oct 21 20:02:53 ICT 2018]; root of context hierarchy
21-Oct-2018 20:03:02.673 INFO [main] org.springframework.context.support.AbstractApplicationContext.doClose Closing WebApplicationContext for namespace 'dispatcher-servlet': startup date [Sun Oct 21 20:02:59 ICT 2018]; parent: Root WebApplicationContext
21-Oct-2018 20:03:02.681 INFO [main] org.springframework.context.support.AbstractApplicationContext.doClose Closing Root WebApplicationContext: startup date [Sun Oct 21 20:02:58 ICT 2018]; root of context hierarchy
21-Oct-2018 20:03:02.718 INFO [main] org.apache.coyote.AbstractProtocol.stop Stopping ProtocolHandler ["http-nio-8080"]
21-Oct-2018 20:03:02.722 INFO [main] org.apache.coyote.AbstractProtocol.destroy Destroying ProtocolHandler ["http-nio-8080"]
21-Oct-2018 20:03:02.724 INFO [main] org.apache.coyote.AbstractProtocol.stop Stopping ProtocolHandler ["ajp-nio-8009"]
21-Oct-2018 20:03:02.725 INFO [main] org.apache.coyote.AbstractProtocol.destroy Destroying ProtocolHandler ["ajp-nio-8009"]
