22-Dec-2018 00:24:34.123 SEVERE [http-nio-8080-exec-18] org.apache.catalina.core.StandardWrapperValve.invoke Servlet.service() for servlet [ThongKeServlet] in context with path [/SHOESWEB] threw exception
 java.lang.IllegalArgumentException: Path [] does not start with a "/" character
	at org.apache.catalina.core.ApplicationContext.getRequestDispatcher(ApplicationContext.java:403)
	at org.apache.catalina.core.ApplicationContextFacade.getRequestDispatcher(ApplicationContextFacade.java:222)
	at controller.ThongKeServlet.doPost(ThongKeServlet.java:89)
	at javax.servlet.http.HttpServlet.service(HttpServlet.java:660)
	at javax.servlet.http.HttpServlet.service(HttpServlet.java:741)
	at org.apache.catalina.core.ApplicationFilterChain.internalDoFilter(ApplicationFilterChain.java:231)
	at org.apache.catalina.core.ApplicationFilterChain.doFilter(ApplicationFilterChain.java:166)
	at org.apache.tomcat.websocket.server.WsFilter.doFilter(WsFilter.java:53)
	at org.apache.catalina.core.ApplicationFilterChain.internalDoFilter(ApplicationFilterChain.java:193)
	at org.apache.catalina.core.ApplicationFilterChain.doFilter(ApplicationFilterChain.java:166)
	at org.apache.catalina.core.StandardWrapperValve.invoke(StandardWrapperValve.java:199)
	at org.apache.catalina.core.StandardContextValve.invoke(StandardContextValve.java:96)
	at org.apache.catalina.authenticator.AuthenticatorBase.invoke(AuthenticatorBase.java:490)
	at org.apache.catalina.core.StandardHostValve.invoke(StandardHostValve.java:139)
	at org.apache.catalina.valves.ErrorReportValve.invoke(ErrorReportValve.java:92)
	at org.apache.catalina.valves.AbstractAccessLogValve.invoke(AbstractAccessLogValve.java:668)
	at org.apache.catalina.core.StandardEngineValve.invoke(StandardEngineValve.java:74)
	at org.apache.catalina.connector.CoyoteAdapter.service(CoyoteAdapter.java:343)
	at org.apache.coyote.http11.Http11Processor.service(Http11Processor.java:408)
	at org.apache.coyote.AbstractProcessorLight.process(AbstractProcessorLight.java:66)
	at org.apache.coyote.AbstractProtocol$ConnectionHandler.process(AbstractProtocol.java:770)
	at org.apache.tomcat.util.net.NioEndpoint$SocketProcessor.doRun(NioEndpoint.java:1415)
	at org.apache.tomcat.util.net.SocketProcessorBase.run(SocketProcessorBase.java:49)
	at java.util.concurrent.ThreadPoolExecutor.runWorker(ThreadPoolExecutor.java:1149)
	at java.util.concurrent.ThreadPoolExecutor$Worker.run(ThreadPoolExecutor.java:624)
	at org.apache.tomcat.util.threads.TaskThread$WrappingRunnable.run(TaskThread.java:61)
	at java.lang.Thread.run(Thread.java:748)

22-Dec-2018 00:25:45.392 INFO [main] org.apache.catalina.core.ApplicationContext.log SessionListener: contextDestroyed()
22-Dec-2018 00:25:45.393 INFO [main] org.apache.catalina.core.ApplicationContext.log ContextListener: contextDestroyed()
22-Dec-2018 00:25:48.624 INFO [main] org.apache.catalina.core.ApplicationContext.log Destroying Spring FrameworkServlet 'dispatcher'
22-Dec-2018 00:25:50.058 INFO [main] org.apache.catalina.core.ApplicationContext.log Closing Spring root WebApplicationContext
22-Dec-2018 00:26:11.931 INFO [main] org.apache.catalina.core.ApplicationContext.log Destroying Spring FrameworkServlet 'dispatcher'
22-Dec-2018 00:26:12.806 INFO [main] org.apache.catalina.core.ApplicationContext.log Closing Spring root WebApplicationContext
22-Dec-2018 00:26:35.523 INFO [main] org.apache.catalina.core.ApplicationContext.log No Spring WebApplicationInitializer types detected on classpath
22-Dec-2018 00:26:35.729 INFO [main] org.apache.catalina.core.ApplicationContext.log Initializing Spring root WebApplicationContext
22-Dec-2018 00:26:38.933 INFO [main] org.apache.catalina.core.ApplicationContext.log Initializing Spring FrameworkServlet 'dispatcher'
22-Dec-2018 00:26:49.140 INFO [main] org.apache.catalina.core.ApplicationContext.log No Spring WebApplicationInitializer types detected on classpath
22-Dec-2018 00:26:49.240 INFO [main] org.apache.catalina.core.ApplicationContext.log Initializing Spring root WebApplicationContext
22-Dec-2018 00:26:50.031 INFO [main] org.apache.catalina.core.ApplicationContext.log Initializing Spring FrameworkServlet 'dispatcher'
22-Dec-2018 00:26:52.388 INFO [main] org.apache.catalina.core.ApplicationContext.log ContextListener: contextInitialized()
22-Dec-2018 00:26:52.388 INFO [main] org.apache.catalina.core.ApplicationContext.log SessionListener: contextInitialized()
22-Dec-2018 00:26:52.394 INFO [main] org.apache.catalina.core.ApplicationContext.log ContextListener: attributeAdded('StockTicker', 'async.Stockticker@eccaf1b')
22-Dec-2018 00:34:01.994 INFO [main] org.apache.catalina.core.ApplicationContext.log SessionListener: contextDestroyed()
22-Dec-2018 00:34:01.994 INFO [main] org.apache.catalina.core.ApplicationContext.log ContextListener: contextDestroyed()
22-Dec-2018 00:34:02.006 INFO [main] org.apache.catalina.core.ApplicationContext.log Destroying Spring FrameworkServlet 'dispatcher'
22-Dec-2018 00:34:02.007 INFO [main] org.apache.catalina.core.ApplicationContext.log Closing Spring root WebApplicationContext
22-Dec-2018 00:34:02.082 INFO [main] org.apache.catalina.core.ApplicationContext.log Destroying Spring FrameworkServlet 'dispatcher'
22-Dec-2018 00:34:02.084 INFO [main] org.apache.catalina.core.ApplicationContext.log Closing Spring root WebApplicationContext
22-Dec-2018 00:34:22.214 INFO [main] org.apache.catalina.core.ApplicationContext.log No Spring WebApplicationInitializer types detected on classpath
22-Dec-2018 00:34:22.332 INFO [main] org.apache.catalina.core.ApplicationContext.log Initializing Spring root WebApplicationContext
22-Dec-2018 00:34:23.916 INFO [main] org.apache.catalina.core.ApplicationContext.log Initializing Spring FrameworkServlet 'dispatcher'
22-Dec-2018 00:34:35.409 INFO [main] org.apache.catalina.core.ApplicationContext.log No Spring WebApplicationInitializer types detected on classpath
22-Dec-2018 00:34:35.519 INFO [main] org.apache.catalina.core.ApplicationContext.log Initializing Spring root WebApplicationContext
22-Dec-2018 00:34:36.787 INFO [main] org.apache.catalina.core.ApplicationContext.log Initializing Spring FrameworkServlet 'dispatcher'
22-Dec-2018 00:34:41.540 INFO [main] org.apache.catalina.core.ApplicationContext.log ContextListener: contextInitialized()
22-Dec-2018 00:34:41.541 INFO [main] org.apache.catalina.core.ApplicationContext.log SessionListener: contextInitialized()
22-Dec-2018 00:34:41.547 INFO [main] org.apache.catalina.core.ApplicationContext.log ContextListener: attributeAdded('StockTicker', 'async.Stockticker@eccaf1b')
22-Dec-2018 01:50:15.276 INFO [main] org.apache.catalina.core.ApplicationContext.log SessionListener: contextDestroyed()
22-Dec-2018 01:50:15.277 INFO [main] org.apache.catalina.core.ApplicationContext.log ContextListener: contextDestroyed()
22-Dec-2018 01:50:15.945 INFO [main] org.apache.catalina.core.ApplicationContext.log Destroying Spring FrameworkServlet 'dispatcher'
22-Dec-2018 01:50:17.126 INFO [main] org.apache.catalina.core.ApplicationContext.log Closing Spring root WebApplicationContext
22-Dec-2018 01:50:22.009 INFO [main] org.apache.catalina.core.ApplicationContext.log Destroying Spring FrameworkServlet 'dispatcher'
22-Dec-2018 01:50:22.179 INFO [main] org.apache.catalina.core.ApplicationContext.log Closing Spring root WebApplicationContext
22-Dec-2018 01:51:54.343 INFO [main] org.apache.catalina.core.ApplicationContext.log No Spring WebApplicationInitializer types detected on classpath
22-Dec-2018 01:51:54.684 INFO [main] org.apache.catalina.core.ApplicationContext.log Initializing Spring root WebApplicationContext
22-Dec-2018 01:51:57.188 INFO [main] org.apache.catalina.core.ApplicationContext.log Initializing Spring FrameworkServlet 'dispatcher'
22-Dec-2018 01:52:17.812 INFO [main] org.apache.catalina.core.ApplicationContext.log No Spring WebApplicationInitializer types detected on classpath
22-Dec-2018 01:52:17.877 INFO [main] org.apache.catalina.core.ApplicationContext.log Initializing Spring root WebApplicationContext
22-Dec-2018 01:52:19.077 INFO [main] org.apache.catalina.core.ApplicationContext.log Initializing Spring FrameworkServlet 'dispatcher'
22-Dec-2018 01:52:23.029 INFO [main] org.apache.catalina.core.ApplicationContext.log ContextListener: contextInitialized()
22-Dec-2018 01:52:23.030 INFO [main] org.apache.catalina.core.ApplicationContext.log SessionListener: contextInitialized()
22-Dec-2018 01:52:23.035 INFO [main] org.apache.catalina.core.ApplicationContext.log ContextListener: attributeAdded('StockTicker', 'async.Stockticker@3021e31')
22-Dec-2018 02:27:47.432 INFO [main] org.apache.catalina.core.ApplicationContext.log SessionListener: contextDestroyed()
22-Dec-2018 02:27:47.432 INFO [main] org.apache.catalina.core.ApplicationContext.log ContextListener: contextDestroyed()
22-Dec-2018 02:27:47.724 INFO [main] org.apache.catalina.core.ApplicationContext.log Destroying Spring FrameworkServlet 'dispatcher'
22-Dec-2018 02:27:47.866 INFO [main] org.apache.catalina.core.ApplicationContext.log Closing Spring root WebApplicationContext
22-Dec-2018 02:27:50.366 INFO [main] org.apache.catalina.core.ApplicationContext.log Destroying Spring FrameworkServlet 'dispatcher'
22-Dec-2018 02:27:50.418 INFO [main] org.apache.catalina.core.ApplicationContext.log Closing Spring root WebApplicationContext
22-Dec-2018 02:28:18.744 INFO [main] org.apache.catalina.core.ApplicationContext.log No Spring WebApplicationInitializer types detected on classpath
22-Dec-2018 02:28:18.876 INFO [main] org.apache.catalina.core.ApplicationContext.log Initializing Spring root WebApplicationContext
22-Dec-2018 02:28:20.578 INFO [main] org.apache.catalina.core.ApplicationContext.log Initializing Spring FrameworkServlet 'dispatcher'
22-Dec-2018 02:28:34.384 INFO [main] org.apache.catalina.core.ApplicationContext.log No Spring WebApplicationInitializer types detected on classpath
22-Dec-2018 02:28:34.456 INFO [main] org.apache.catalina.core.ApplicationContext.log Initializing Spring root WebApplicationContext
22-Dec-2018 02:28:35.204 INFO [main] org.apache.catalina.core.ApplicationContext.log Initializing Spring FrameworkServlet 'dispatcher'
22-Dec-2018 02:28:37.122 INFO [main] org.apache.catalina.core.ApplicationContext.log ContextListener: contextInitialized()
22-Dec-2018 02:28:37.122 INFO [main] org.apache.catalina.core.ApplicationContext.log SessionListener: contextInitialized()
22-Dec-2018 02:28:37.124 INFO [main] org.apache.catalina.core.ApplicationContext.log ContextListener: attributeAdded('StockTicker', 'async.Stockticker@eccaf1b')
22-Dec-2018 02:45:57.581 INFO [main] org.apache.catalina.core.ApplicationContext.log SessionListener: contextDestroyed()
22-Dec-2018 02:45:57.582 INFO [main] org.apache.catalina.core.ApplicationContext.log ContextListener: contextDestroyed()
22-Dec-2018 02:45:57.594 INFO [main] org.apache.catalina.core.ApplicationContext.log Destroying Spring FrameworkServlet 'dispatcher'
22-Dec-2018 02:45:57.596 INFO [main] org.apache.catalina.core.ApplicationContext.log Closing Spring root WebApplicationContext
22-Dec-2018 02:45:57.645 INFO [main] org.apache.catalina.core.ApplicationContext.log Destroying Spring FrameworkServlet 'dispatcher'
22-Dec-2018 02:45:57.648 INFO [main] org.apache.catalina.core.ApplicationContext.log Closing Spring root WebApplicationContext
22-Dec-2018 02:47:23.609 INFO [main] org.apache.catalina.core.ApplicationContext.log No Spring WebApplicationInitializer types detected on classpath
22-Dec-2018 02:47:23.736 INFO [main] org.apache.catalina.core.ApplicationContext.log Initializing Spring root WebApplicationContext
22-Dec-2018 02:47:25.233 INFO [main] org.apache.catalina.core.ApplicationContext.log Initializing Spring FrameworkServlet 'dispatcher'
22-Dec-2018 02:47:38.404 INFO [main] org.apache.catalina.core.ApplicationContext.log No Spring WebApplicationInitializer types detected on classpath
22-Dec-2018 02:47:38.491 INFO [main] org.apache.catalina.core.ApplicationContext.log Initializing Spring root WebApplicationContext
22-Dec-2018 02:47:39.724 INFO [main] org.apache.catalina.core.ApplicationContext.log Initializing Spring FrameworkServlet 'dispatcher'
22-Dec-2018 02:47:44.965 INFO [main] org.apache.catalina.core.ApplicationContext.log ContextListener: contextInitialized()
22-Dec-2018 02:47:44.965 INFO [main] org.apache.catalina.core.ApplicationContext.log SessionListener: contextInitialized()
22-Dec-2018 02:47:44.970 INFO [main] org.apache.catalina.core.ApplicationContext.log ContextListener: attributeAdded('StockTicker', 'async.Stockticker@eccaf1b')
22-Dec-2018 03:09:27.078 INFO [main] org.apache.catalina.core.ApplicationContext.log SessionListener: contextDestroyed()
22-Dec-2018 03:09:27.078 INFO [main] org.apache.catalina.core.ApplicationContext.log ContextListener: contextDestroyed()
22-Dec-2018 03:09:27.947 INFO [main] org.apache.catalina.core.ApplicationContext.log Destroying Spring FrameworkServlet 'dispatcher'
22-Dec-2018 03:09:27.947 INFO [main] org.apache.catalina.core.ApplicationContext.log Closing Spring root WebApplicationContext
22-Dec-2018 03:09:31.400 INFO [main] org.apache.catalina.core.ApplicationContext.log Destroying Spring FrameworkServlet 'dispatcher'
22-Dec-2018 03:09:31.400 INFO [main] org.apache.catalina.core.ApplicationContext.log Closing Spring root WebApplicationContext
22-Dec-2018 13:27:07.329 INFO [main] org.apache.catalina.core.ApplicationContext.log No Spring WebApplicationInitializer types detected on classpath
22-Dec-2018 13:27:07.565 INFO [main] org.apache.catalina.core.ApplicationContext.log Initializing Spring root WebApplicationContext
22-Dec-2018 13:27:10.251 INFO [main] org.apache.catalina.core.ApplicationContext.log Initializing Spring FrameworkServlet 'dispatcher'
22-Dec-2018 13:27:38.592 INFO [main] org.apache.catalina.core.ApplicationContext.log No Spring WebApplicationInitializer types detected on classpath
22-Dec-2018 13:27:38.741 INFO [main] org.apache.catalina.core.ApplicationContext.log Initializing Spring root WebApplicationContext
22-Dec-2018 13:27:39.532 INFO [main] org.apache.catalina.core.ApplicationContext.log Initializing Spring FrameworkServlet 'dispatcher'
22-Dec-2018 13:27:43.029 INFO [main] org.apache.catalina.core.ApplicationContext.log ContextListener: contextInitialized()
22-Dec-2018 13:27:43.029 INFO [main] org.apache.catalina.core.ApplicationContext.log SessionListener: contextInitialized()
22-Dec-2018 13:27:43.033 INFO [main] org.apache.catalina.core.ApplicationContext.log ContextListener: attributeAdded('StockTicker', 'async.Stockticker@eccaf1b')
22-Dec-2018 14:46:52.660 INFO [main] org.apache.catalina.core.ApplicationContext.log SessionListener: contextDestroyed()
22-Dec-2018 14:46:52.660 INFO [main] org.apache.catalina.core.ApplicationContext.log ContextListener: contextDestroyed()
22-Dec-2018 14:46:53.129 INFO [main] org.apache.catalina.core.ApplicationContext.log Destroying Spring FrameworkServlet 'dispatcher'
22-Dec-2018 14:46:54.326 INFO [main] org.apache.catalina.core.ApplicationContext.log Closing Spring root WebApplicationContext
22-Dec-2018 14:46:57.181 INFO [main] org.apache.catalina.core.ApplicationContext.log Destroying Spring FrameworkServlet 'dispatcher'
22-Dec-2018 14:46:57.378 INFO [main] org.apache.catalina.core.ApplicationContext.log Closing Spring root WebApplicationContext
22-Dec-2018 14:47:40.315 INFO [main] org.apache.catalina.core.ApplicationContext.log No Spring WebApplicationInitializer types detected on classpath
22-Dec-2018 14:47:40.947 INFO [main] org.apache.catalina.core.ApplicationContext.log Initializing Spring root WebApplicationContext
22-Dec-2018 14:47:44.177 INFO [main] org.apache.catalina.core.ApplicationContext.log Initializing Spring FrameworkServlet 'dispatcher'
22-Dec-2018 14:48:11.556 INFO [main] org.apache.catalina.core.ApplicationContext.log No Spring WebApplicationInitializer types detected on classpath
22-Dec-2018 14:48:11.673 INFO [main] org.apache.catalina.core.ApplicationContext.log Initializing Spring root WebApplicationContext
22-Dec-2018 14:48:13.230 INFO [main] org.apache.catalina.core.ApplicationContext.log Initializing Spring FrameworkServlet 'dispatcher'
22-Dec-2018 14:48:19.256 INFO [main] org.apache.catalina.core.ApplicationContext.log ContextListener: contextInitialized()
22-Dec-2018 14:48:19.256 INFO [main] org.apache.catalina.core.ApplicationContext.log SessionListener: contextInitialized()
22-Dec-2018 14:48:19.260 INFO [main] org.apache.catalina.core.ApplicationContext.log ContextListener: attributeAdded('StockTicker', 'async.Stockticker@2a8081f5')
22-Dec-2018 15:20:03.421 INFO [main] org.apache.catalina.core.ApplicationContext.log SessionListener: contextDestroyed()
22-Dec-2018 15:20:03.421 INFO [main] org.apache.catalina.core.ApplicationContext.log ContextListener: contextDestroyed()
22-Dec-2018 15:20:03.454 INFO [main] org.apache.catalina.core.ApplicationContext.log Destroying Spring FrameworkServlet 'dispatcher'
22-Dec-2018 15:20:03.486 INFO [main] org.apache.catalina.core.ApplicationContext.log Closing Spring root WebApplicationContext
22-Dec-2018 15:20:05.154 INFO [main] org.apache.catalina.core.ApplicationContext.log Destroying Spring FrameworkServlet 'dispatcher'
22-Dec-2018 15:20:05.168 INFO [main] org.apache.catalina.core.ApplicationContext.log Closing Spring root WebApplicationContext
22-Dec-2018 15:54:02.287 INFO [main] org.apache.catalina.core.ApplicationContext.log No Spring WebApplicationInitializer types detected on classpath
22-Dec-2018 15:54:02.487 INFO [main] org.apache.catalina.core.ApplicationContext.log Initializing Spring root WebApplicationContext
22-Dec-2018 15:54:05.615 INFO [main] org.apache.catalina.core.ApplicationContext.log Initializing Spring FrameworkServlet 'dispatcher'
22-Dec-2018 15:54:22.142 INFO [main] org.apache.catalina.core.ApplicationContext.log No Spring WebApplicationInitializer types detected on classpath
22-Dec-2018 15:54:22.261 INFO [main] org.apache.catalina.core.ApplicationContext.log Initializing Spring root WebApplicationContext
22-Dec-2018 15:54:23.311 INFO [main] org.apache.catalina.core.ApplicationContext.log Initializing Spring FrameworkServlet 'dispatcher'
22-Dec-2018 15:54:26.724 INFO [main] org.apache.catalina.core.ApplicationContext.log ContextListener: contextInitialized()
22-Dec-2018 15:54:26.724 INFO [main] org.apache.catalina.core.ApplicationContext.log SessionListener: contextInitialized()
22-Dec-2018 15:54:26.731 INFO [main] org.apache.catalina.core.ApplicationContext.log ContextListener: attributeAdded('StockTicker', 'async.Stockticker@5b132063')
22-Dec-2018 15:54:59.094 INFO [main] org.apache.catalina.core.ApplicationContext.log SessionListener: contextDestroyed()
22-Dec-2018 15:54:59.094 INFO [main] org.apache.catalina.core.ApplicationContext.log ContextListener: contextDestroyed()
22-Dec-2018 15:54:59.122 INFO [main] org.apache.catalina.core.ApplicationContext.log Destroying Spring FrameworkServlet 'dispatcher'
22-Dec-2018 15:54:59.123 INFO [main] org.apache.catalina.core.ApplicationContext.log Closing Spring root WebApplicationContext
22-Dec-2018 15:54:59.249 INFO [main] org.apache.catalina.core.ApplicationContext.log Destroying Spring FrameworkServlet 'dispatcher'
22-Dec-2018 15:54:59.251 INFO [main] org.apache.catalina.core.ApplicationContext.log Closing Spring root WebApplicationContext
22-Dec-2018 15:56:11.708 INFO [main] org.apache.catalina.core.ApplicationContext.log No Spring WebApplicationInitializer types detected on classpath
22-Dec-2018 15:56:11.953 INFO [main] org.apache.catalina.core.ApplicationContext.log Initializing Spring root WebApplicationContext
22-Dec-2018 15:56:14.486 INFO [main] org.apache.catalina.core.ApplicationContext.log Initializing Spring FrameworkServlet 'dispatcher'
22-Dec-2018 15:56:32.237 INFO [main] org.apache.catalina.core.ApplicationContext.log No Spring WebApplicationInitializer types detected on classpath
22-Dec-2018 15:56:32.328 INFO [main] org.apache.catalina.core.ApplicationContext.log Initializing Spring root WebApplicationContext
22-Dec-2018 15:56:33.225 INFO [main] org.apache.catalina.core.ApplicationContext.log Initializing Spring FrameworkServlet 'dispatcher'
22-Dec-2018 15:56:36.374 INFO [main] org.apache.catalina.core.ApplicationContext.log ContextListener: contextInitialized()
22-Dec-2018 15:56:36.374 INFO [main] org.apache.catalina.core.ApplicationContext.log SessionListener: contextInitialized()
22-Dec-2018 15:56:36.380 INFO [main] org.apache.catalina.core.ApplicationContext.log ContextListener: attributeAdded('StockTicker', 'async.Stockticker@64c1a76e')
22-Dec-2018 16:06:42.724 INFO [main] org.apache.catalina.core.ApplicationContext.log SessionListener: contextDestroyed()
22-Dec-2018 16:06:42.724 INFO [main] org.apache.catalina.core.ApplicationContext.log ContextListener: contextDestroyed()
22-Dec-2018 16:06:43.488 INFO [main] org.apache.catalina.core.ApplicationContext.log Destroying Spring FrameworkServlet 'dispatcher'
22-Dec-2018 16:06:43.490 INFO [main] org.apache.catalina.core.ApplicationContext.log Closing Spring root WebApplicationContext
22-Dec-2018 16:06:46.579 INFO [main] org.apache.catalina.core.ApplicationContext.log Destroying Spring FrameworkServlet 'dispatcher'
22-Dec-2018 16:06:46.581 INFO [main] org.apache.catalina.core.ApplicationContext.log Closing Spring root WebApplicationContext
22-Dec-2018 16:07:56.422 INFO [main] org.apache.catalina.core.ApplicationContext.log No Spring WebApplicationInitializer types detected on classpath
22-Dec-2018 16:07:56.532 INFO [main] org.apache.catalina.core.ApplicationContext.log Initializing Spring root WebApplicationContext
22-Dec-2018 16:07:58.092 INFO [main] org.apache.catalina.core.ApplicationContext.log Initializing Spring FrameworkServlet 'dispatcher'
22-Dec-2018 16:08:14.976 INFO [main] org.apache.catalina.core.ApplicationContext.log No Spring WebApplicationInitializer types detected on classpath
22-Dec-2018 16:08:15.107 INFO [main] org.apache.catalina.core.ApplicationContext.log Initializing Spring root WebApplicationContext
22-Dec-2018 16:08:16.041 INFO [main] org.apache.catalina.core.ApplicationContext.log Initializing Spring FrameworkServlet 'dispatcher'
22-Dec-2018 16:08:18.168 INFO [main] org.apache.catalina.core.ApplicationContext.log ContextListener: contextInitialized()
22-Dec-2018 16:08:18.168 INFO [main] org.apache.catalina.core.ApplicationContext.log SessionListener: contextInitialized()
22-Dec-2018 16:08:18.171 INFO [main] org.apache.catalina.core.ApplicationContext.log ContextListener: attributeAdded('StockTicker', 'async.Stockticker@31d09031')
22-Dec-2018 16:17:37.328 INFO [main] org.apache.catalina.core.ApplicationContext.log SessionListener: contextDestroyed()
22-Dec-2018 16:17:37.328 INFO [main] org.apache.catalina.core.ApplicationContext.log ContextListener: contextDestroyed()
22-Dec-2018 16:17:37.339 INFO [main] org.apache.catalina.core.ApplicationContext.log Destroying Spring FrameworkServlet 'dispatcher'
22-Dec-2018 16:17:37.341 INFO [main] org.apache.catalina.core.ApplicationContext.log Closing Spring root WebApplicationContext
22-Dec-2018 16:17:37.385 INFO [main] org.apache.catalina.core.ApplicationContext.log Destroying Spring FrameworkServlet 'dispatcher'
22-Dec-2018 16:17:37.386 INFO [main] org.apache.catalina.core.ApplicationContext.log Closing Spring root WebApplicationContext
22-Dec-2018 16:17:53.597 INFO [main] org.apache.catalina.core.ApplicationContext.log No Spring WebApplicationInitializer types detected on classpath
22-Dec-2018 16:17:53.682 INFO [main] org.apache.catalina.core.ApplicationContext.log Initializing Spring root WebApplicationContext
22-Dec-2018 16:17:54.695 INFO [main] org.apache.catalina.core.ApplicationContext.log Initializing Spring FrameworkServlet 'dispatcher'
22-Dec-2018 16:18:01.810 INFO [main] org.apache.catalina.core.ApplicationContext.log No Spring WebApplicationInitializer types detected on classpath
22-Dec-2018 16:18:01.875 INFO [main] org.apache.catalina.core.ApplicationContext.log Initializing Spring root WebApplicationContext
22-Dec-2018 16:18:02.632 INFO [main] org.apache.catalina.core.ApplicationContext.log Initializing Spring FrameworkServlet 'dispatcher'
22-Dec-2018 16:18:07.616 INFO [main] org.apache.catalina.core.ApplicationContext.log ContextListener: contextInitialized()
22-Dec-2018 16:18:07.616 INFO [main] org.apache.catalina.core.ApplicationContext.log SessionListener: contextInitialized()
22-Dec-2018 16:18:07.619 INFO [main] org.apache.catalina.core.ApplicationContext.log ContextListener: attributeAdded('StockTicker', 'async.Stockticker@5b132063')
22-Dec-2018 16:22:48.971 INFO [main] org.apache.catalina.core.ApplicationContext.log SessionListener: contextDestroyed()
22-Dec-2018 16:22:48.971 INFO [main] org.apache.catalina.core.ApplicationContext.log ContextListener: contextDestroyed()
22-Dec-2018 16:22:48.971 INFO [main] org.apache.catalina.core.ApplicationContext.log Destroying Spring FrameworkServlet 'dispatcher'
22-Dec-2018 16:22:48.971 INFO [main] org.apache.catalina.core.ApplicationContext.log Closing Spring root WebApplicationContext
22-Dec-2018 16:22:49.034 INFO [main] org.apache.catalina.core.ApplicationContext.log Destroying Spring FrameworkServlet 'dispatcher'
22-Dec-2018 16:22:49.034 INFO [main] org.apache.catalina.core.ApplicationContext.log Closing Spring root WebApplicationContext
22-Dec-2018 16:23:12.623 INFO [main] org.apache.catalina.core.ApplicationContext.log No Spring WebApplicationInitializer types detected on classpath
22-Dec-2018 16:23:12.754 INFO [main] org.apache.catalina.core.ApplicationContext.log Initializing Spring root WebApplicationContext
22-Dec-2018 16:23:14.321 INFO [main] org.apache.catalina.core.ApplicationContext.log Initializing Spring FrameworkServlet 'dispatcher'
22-Dec-2018 16:23:24.571 INFO [main] org.apache.catalina.core.ApplicationContext.log No Spring WebApplicationInitializer types detected on classpath
22-Dec-2018 16:23:24.770 INFO [main] org.apache.catalina.core.ApplicationContext.log Initializing Spring root WebApplicationContext
22-Dec-2018 16:23:25.838 INFO [main] org.apache.catalina.core.ApplicationContext.log Initializing Spring FrameworkServlet 'dispatcher'
22-Dec-2018 16:23:28.529 INFO [main] org.apache.catalina.core.ApplicationContext.log ContextListener: contextInitialized()
22-Dec-2018 16:23:28.529 INFO [main] org.apache.catalina.core.ApplicationContext.log SessionListener: contextInitialized()
22-Dec-2018 16:23:28.532 INFO [main] org.apache.catalina.core.ApplicationContext.log ContextListener: attributeAdded('StockTicker', 'async.Stockticker@5b132063')
22-Dec-2018 16:27:13.037 INFO [main] org.apache.catalina.core.ApplicationContext.log SessionListener: contextDestroyed()
22-Dec-2018 16:27:13.037 INFO [main] org.apache.catalina.core.ApplicationContext.log ContextListener: contextDestroyed()
22-Dec-2018 16:27:13.051 INFO [main] org.apache.catalina.core.ApplicationContext.log Destroying Spring FrameworkServlet 'dispatcher'
22-Dec-2018 16:27:13.053 INFO [main] org.apache.catalina.core.ApplicationContext.log Closing Spring root WebApplicationContext
22-Dec-2018 16:27:13.106 INFO [main] org.apache.catalina.core.ApplicationContext.log Destroying Spring FrameworkServlet 'dispatcher'
22-Dec-2018 16:27:13.108 INFO [main] org.apache.catalina.core.ApplicationContext.log Closing Spring root WebApplicationContext
22-Dec-2018 16:27:30.372 INFO [main] org.apache.catalina.core.ApplicationContext.log No Spring WebApplicationInitializer types detected on classpath
22-Dec-2018 16:27:30.514 INFO [main] org.apache.catalina.core.ApplicationContext.log Initializing Spring root WebApplicationContext
22-Dec-2018 16:27:32.331 INFO [main] org.apache.catalina.core.ApplicationContext.log Initializing Spring FrameworkServlet 'dispatcher'
22-Dec-2018 16:27:44.197 INFO [main] org.apache.catalina.core.ApplicationContext.log No Spring WebApplicationInitializer types detected on classpath
22-Dec-2018 16:27:44.445 INFO [main] org.apache.catalina.core.ApplicationContext.log Initializing Spring root WebApplicationContext
22-Dec-2018 16:27:45.988 INFO [main] org.apache.catalina.core.ApplicationContext.log Initializing Spring FrameworkServlet 'dispatcher'
22-Dec-2018 16:27:48.563 INFO [main] org.apache.catalina.core.ApplicationContext.log ContextListener: contextInitialized()
22-Dec-2018 16:27:48.563 INFO [main] org.apache.catalina.core.ApplicationContext.log SessionListener: contextInitialized()
22-Dec-2018 16:27:48.583 INFO [main] org.apache.catalina.core.ApplicationContext.log ContextListener: attributeAdded('StockTicker', 'async.Stockticker@31d09031')
22-Dec-2018 16:31:29.082 INFO [main] org.apache.catalina.core.ApplicationContext.log SessionListener: contextDestroyed()
22-Dec-2018 16:31:29.082 INFO [main] org.apache.catalina.core.ApplicationContext.log ContextListener: contextDestroyed()
22-Dec-2018 16:31:29.098 INFO [main] org.apache.catalina.core.ApplicationContext.log Destroying Spring FrameworkServlet 'dispatcher'
22-Dec-2018 16:31:29.098 INFO [main] org.apache.catalina.core.ApplicationContext.log Closing Spring root WebApplicationContext
22-Dec-2018 16:31:29.207 INFO [main] org.apache.catalina.core.ApplicationContext.log Destroying Spring FrameworkServlet 'dispatcher'
22-Dec-2018 16:31:29.223 INFO [main] org.apache.catalina.core.ApplicationContext.log Closing Spring root WebApplicationContext
22-Dec-2018 16:31:42.638 INFO [main] org.apache.catalina.core.ApplicationContext.log No Spring WebApplicationInitializer types detected on classpath
22-Dec-2018 16:31:42.720 INFO [main] org.apache.catalina.core.ApplicationContext.log Initializing Spring root WebApplicationContext
22-Dec-2018 16:31:43.853 INFO [main] org.apache.catalina.core.ApplicationContext.log Initializing Spring FrameworkServlet 'dispatcher'
22-Dec-2018 16:31:50.974 INFO [main] org.apache.catalina.core.ApplicationContext.log No Spring WebApplicationInitializer types detected on classpath
22-Dec-2018 16:31:51.065 INFO [main] org.apache.catalina.core.ApplicationContext.log Initializing Spring root WebApplicationContext
22-Dec-2018 16:31:51.801 INFO [main] org.apache.catalina.core.ApplicationContext.log Initializing Spring FrameworkServlet 'dispatcher'
22-Dec-2018 16:31:54.783 INFO [main] org.apache.catalina.core.ApplicationContext.log ContextListener: contextInitialized()
22-Dec-2018 16:31:54.784 INFO [main] org.apache.catalina.core.ApplicationContext.log SessionListener: contextInitialized()
22-Dec-2018 16:31:54.788 INFO [main] org.apache.catalina.core.ApplicationContext.log ContextListener: attributeAdded('StockTicker', 'async.Stockticker@5b132063')
22-Dec-2018 16:34:55.313 INFO [main] org.apache.catalina.core.ApplicationContext.log SessionListener: contextDestroyed()
22-Dec-2018 16:34:55.313 INFO [main] org.apache.catalina.core.ApplicationContext.log ContextListener: contextDestroyed()
22-Dec-2018 16:34:55.329 INFO [main] org.apache.catalina.core.ApplicationContext.log Destroying Spring FrameworkServlet 'dispatcher'
22-Dec-2018 16:34:55.329 INFO [main] org.apache.catalina.core.ApplicationContext.log Closing Spring root WebApplicationContext
22-Dec-2018 16:34:55.454 INFO [main] org.apache.catalina.core.ApplicationContext.log Destroying Spring FrameworkServlet 'dispatcher'
22-Dec-2018 16:34:55.454 INFO [main] org.apache.catalina.core.ApplicationContext.log Closing Spring root WebApplicationContext
22-Dec-2018 18:18:35.186 INFO [main] org.apache.catalina.core.ApplicationContext.log No Spring WebApplicationInitializer types detected on classpath
22-Dec-2018 18:18:35.589 INFO [main] org.apache.catalina.core.ApplicationContext.log Initializing Spring root WebApplicationContext
22-Dec-2018 18:18:38.545 INFO [main] org.apache.catalina.core.ApplicationContext.log Initializing Spring FrameworkServlet 'dispatcher'
22-Dec-2018 18:18:56.368 INFO [main] org.apache.catalina.core.ApplicationContext.log No Spring WebApplicationInitializer types detected on classpath
22-Dec-2018 18:18:56.516 INFO [main] org.apache.catalina.core.ApplicationContext.log Initializing Spring root WebApplicationContext
22-Dec-2018 18:18:57.544 INFO [main] org.apache.catalina.core.ApplicationContext.log Initializing Spring FrameworkServlet 'dispatcher'
22-Dec-2018 18:19:00.783 INFO [main] org.apache.catalina.core.ApplicationContext.log ContextListener: contextInitialized()
22-Dec-2018 18:19:00.783 INFO [main] org.apache.catalina.core.ApplicationContext.log SessionListener: contextInitialized()
22-Dec-2018 18:19:00.815 INFO [main] org.apache.catalina.core.ApplicationContext.log ContextListener: attributeAdded('StockTicker', 'async.Stockticker@5b132063')
