21-Nov-2018 16:25:51.250 INFO [main] org.apache.catalina.core.ApplicationContext.log No Spring WebApplicationInitializer types detected on classpath
21-Nov-2018 16:25:51.730 INFO [main] org.apache.catalina.core.ApplicationContext.log Initializing Spring root WebApplicationContext
21-Nov-2018 16:25:54.031 INFO [main] org.apache.catalina.core.ApplicationContext.log Initializing Spring FrameworkServlet 'dispatcher'
21-Nov-2018 16:26:02.150 INFO [main] org.apache.catalina.core.ApplicationContext.log No Spring WebApplicationInitializer types detected on classpath
21-Nov-2018 16:26:02.233 INFO [main] org.apache.catalina.core.ApplicationContext.log Initializing Spring root WebApplicationContext
21-Nov-2018 16:26:03.114 INFO [main] org.apache.catalina.core.ApplicationContext.log Initializing Spring FrameworkServlet 'dispatcher'
21-Nov-2018 16:26:05.805 INFO [main] org.apache.catalina.core.ApplicationContext.log ContextListener: contextInitialized()
21-Nov-2018 16:26:05.805 INFO [main] org.apache.catalina.core.ApplicationContext.log SessionListener: contextInitialized()
21-Nov-2018 16:26:05.812 INFO [main] org.apache.catalina.core.ApplicationContext.log ContextListener: attributeAdded('StockTicker', 'async.Stockticker@4645a575')
21-Nov-2018 16:28:25.340 SEVERE [http-nio-8080-exec-8] org.apache.catalina.core.StandardWrapperValve.invoke Servlet.service() for servlet [ManagerCategoryServlet] in context with path [/SHOESWEB] threw exception
 java.lang.IllegalArgumentException: Path [] does not start with a "/" character
	at org.apache.catalina.core.ApplicationContext.getRequestDispatcher(ApplicationContext.java:403)
	at org.apache.catalina.core.ApplicationContextFacade.getRequestDispatcher(ApplicationContextFacade.java:222)
	at controller.ManagerCategoryServlet.doPost(ManagerCategoryServlet.java:91)
	at javax.servlet.http.HttpServlet.service(HttpServlet.java:660)
	at javax.servlet.http.HttpServlet.service(HttpServlet.java:741)
	at org.apache.catalina.core.ApplicationFilterChain.internalDoFilter(ApplicationFilterChain.java:231)
	at org.apache.catalina.core.ApplicationFilterChain.doFilter(ApplicationFilterChain.java:166)
	at org.apache.tomcat.websocket.server.WsFilter.doFilter(WsFilter.java:53)
	at org.apache.catalina.core.ApplicationFilterChain.internalDoFilter(ApplicationFilterChain.java:193)
	at org.apache.catalina.core.ApplicationFilterChain.doFilter(ApplicationFilterChain.java:166)
	at org.apache.catalina.core.StandardWrapperValve.invoke(StandardWrapperValve.java:199)
	at org.apache.catalina.core.StandardContextValve.invoke(StandardContextValve.java:96)
	at org.apache.catalina.authenticator.AuthenticatorBase.invoke(AuthenticatorBase.java:490)
	at org.apache.catalina.core.StandardHostValve.invoke(StandardHostValve.java:139)
	at org.apache.catalina.valves.ErrorReportValve.invoke(ErrorReportValve.java:92)
	at org.apache.catalina.valves.AbstractAccessLogValve.invoke(AbstractAccessLogValve.java:668)
	at org.apache.catalina.core.StandardEngineValve.invoke(StandardEngineValve.java:74)
	at org.apache.catalina.connector.CoyoteAdapter.service(CoyoteAdapter.java:343)
	at org.apache.coyote.http11.Http11Processor.service(Http11Processor.java:408)
	at org.apache.coyote.AbstractProcessorLight.process(AbstractProcessorLight.java:66)
	at org.apache.coyote.AbstractProtocol$ConnectionHandler.process(AbstractProtocol.java:770)
	at org.apache.tomcat.util.net.NioEndpoint$SocketProcessor.doRun(NioEndpoint.java:1415)
	at org.apache.tomcat.util.net.SocketProcessorBase.run(SocketProcessorBase.java:49)
	at java.util.concurrent.ThreadPoolExecutor.runWorker(ThreadPoolExecutor.java:1149)
	at java.util.concurrent.ThreadPoolExecutor$Worker.run(ThreadPoolExecutor.java:624)
	at org.apache.tomcat.util.threads.TaskThread$WrappingRunnable.run(TaskThread.java:61)
	at java.lang.Thread.run(Thread.java:748)

21-Nov-2018 16:28:49.077 SEVERE [http-nio-8080-exec-6] org.apache.catalina.core.StandardWrapperValve.invoke Servlet.service() for servlet [ManagerCategoryServlet] in context with path [/SHOESWEB] threw exception
 java.lang.IllegalArgumentException: Path [] does not start with a "/" character
	at org.apache.catalina.core.ApplicationContext.getRequestDispatcher(ApplicationContext.java:403)
	at org.apache.catalina.core.ApplicationContextFacade.getRequestDispatcher(ApplicationContextFacade.java:222)
	at controller.ManagerCategoryServlet.doPost(ManagerCategoryServlet.java:91)
	at javax.servlet.http.HttpServlet.service(HttpServlet.java:660)
	at javax.servlet.http.HttpServlet.service(HttpServlet.java:741)
	at org.apache.catalina.core.ApplicationFilterChain.internalDoFilter(ApplicationFilterChain.java:231)
	at org.apache.catalina.core.ApplicationFilterChain.doFilter(ApplicationFilterChain.java:166)
	at org.apache.tomcat.websocket.server.WsFilter.doFilter(WsFilter.java:53)
	at org.apache.catalina.core.ApplicationFilterChain.internalDoFilter(ApplicationFilterChain.java:193)
	at org.apache.catalina.core.ApplicationFilterChain.doFilter(ApplicationFilterChain.java:166)
	at org.apache.catalina.core.StandardWrapperValve.invoke(StandardWrapperValve.java:199)
	at org.apache.catalina.core.StandardContextValve.invoke(StandardContextValve.java:96)
	at org.apache.catalina.authenticator.AuthenticatorBase.invoke(AuthenticatorBase.java:490)
	at org.apache.catalina.core.StandardHostValve.invoke(StandardHostValve.java:139)
	at org.apache.catalina.valves.ErrorReportValve.invoke(ErrorReportValve.java:92)
	at org.apache.catalina.valves.AbstractAccessLogValve.invoke(AbstractAccessLogValve.java:668)
	at org.apache.catalina.core.StandardEngineValve.invoke(StandardEngineValve.java:74)
	at org.apache.catalina.connector.CoyoteAdapter.service(CoyoteAdapter.java:343)
	at org.apache.coyote.http11.Http11Processor.service(Http11Processor.java:408)
	at org.apache.coyote.AbstractProcessorLight.process(AbstractProcessorLight.java:66)
	at org.apache.coyote.AbstractProtocol$ConnectionHandler.process(AbstractProtocol.java:770)
	at org.apache.tomcat.util.net.NioEndpoint$SocketProcessor.doRun(NioEndpoint.java:1415)
	at org.apache.tomcat.util.net.SocketProcessorBase.run(SocketProcessorBase.java:49)
	at java.util.concurrent.ThreadPoolExecutor.runWorker(ThreadPoolExecutor.java:1149)
	at java.util.concurrent.ThreadPoolExecutor$Worker.run(ThreadPoolExecutor.java:624)
	at org.apache.tomcat.util.threads.TaskThread$WrappingRunnable.run(TaskThread.java:61)
	at java.lang.Thread.run(Thread.java:748)

21-Nov-2018 16:29:25.565 SEVERE [22] org.apache.catalina.core.StandardWrapperValve.invoke Servlet.service() for servlet [jsp] in context with path [/SHOESWEB] threw exception [An exception occurred processing [admin/qldanhmuc.jsp] at line [37]

34: 
35:         <%
36:             DanhMucDAO categoryDAO = new DanhMucDAO();
37:             ArrayList<danhmuc> listCategory = categoryDAO.getListCategory();
38:         %>
39: 
40:         <div id="wrapper">


Stacktrace:] with root cause
 java.lang.NullPointerException
	at DAO.DanhMucDAO.getListCategory(DanhMucDAO.java:31)
	at org.apache.jsp.admin.qldanhmuc_jsp._jspService(qldanhmuc_jsp.java:155)
	at org.apache.jasper.runtime.HttpJspBase.service(HttpJspBase.java:70)
	at javax.servlet.http.HttpServlet.service(HttpServlet.java:741)
	at org.apache.jasper.servlet.JspServletWrapper.service(JspServletWrapper.java:458)
	at org.apache.jasper.servlet.JspServlet.serviceJspFile(JspServlet.java:386)
	at org.apache.jasper.servlet.JspServlet.service(JspServlet.java:330)
	at javax.servlet.http.HttpServlet.service(HttpServlet.java:741)
	at org.apache.catalina.core.ApplicationFilterChain.internalDoFilter(ApplicationFilterChain.java:231)
	at org.apache.catalina.core.ApplicationFilterChain.doFilter(ApplicationFilterChain.java:166)
	at org.apache.tomcat.websocket.server.WsFilter.doFilter(WsFilter.java:53)
	at org.apache.catalina.core.ApplicationFilterChain.internalDoFilter(ApplicationFilterChain.java:193)
	at org.apache.catalina.core.ApplicationFilterChain.doFilter(ApplicationFilterChain.java:166)
	at org.apache.catalina.core.StandardWrapperValve.invoke(StandardWrapperValve.java:199)
	at org.apache.catalina.core.StandardContextValve.invoke(StandardContextValve.java:96)
	at org.apache.catalina.authenticator.AuthenticatorBase.invoke(AuthenticatorBase.java:490)
	at org.apache.catalina.core.StandardHostValve.invoke(StandardHostValve.java:139)
	at org.apache.catalina.valves.ErrorReportValve.invoke(ErrorReportValve.java:92)
	at org.apache.catalina.valves.AbstractAccessLogValve.invoke(AbstractAccessLogValve.java:668)
	at org.apache.catalina.core.StandardEngineValve.invoke(StandardEngineValve.java:74)
	at org.apache.catalina.connector.CoyoteAdapter.service(CoyoteAdapter.java:343)
	at org.apache.coyote.http11.Http11Processor.service(Http11Processor.java:408)
	at org.apache.coyote.AbstractProcessorLight.process(AbstractProcessorLight.java:66)
	at org.apache.coyote.AbstractProtocol$ConnectionHandler.process(AbstractProtocol.java:770)
	at org.apache.tomcat.util.net.NioEndpoint$SocketProcessor.doRun(NioEndpoint.java:1415)
	at org.apache.tomcat.util.net.SocketProcessorBase.run(SocketProcessorBase.java:49)
	at java.util.concurrent.ThreadPoolExecutor.runWorker(ThreadPoolExecutor.java:1149)
	at java.util.concurrent.ThreadPoolExecutor$Worker.run(ThreadPoolExecutor.java:624)
	at org.apache.tomcat.util.threads.TaskThread$WrappingRunnable.run(TaskThread.java:61)
	at java.lang.Thread.run(Thread.java:748)

21-Nov-2018 16:30:29.496 INFO [main] org.apache.catalina.core.ApplicationContext.log SessionListener: contextDestroyed()
21-Nov-2018 16:30:29.496 INFO [main] org.apache.catalina.core.ApplicationContext.log ContextListener: contextDestroyed()
21-Nov-2018 16:30:29.517 INFO [main] org.apache.catalina.core.ApplicationContext.log Destroying Spring FrameworkServlet 'dispatcher'
21-Nov-2018 16:30:29.523 INFO [main] org.apache.catalina.core.ApplicationContext.log Closing Spring root WebApplicationContext
21-Nov-2018 16:30:29.567 INFO [main] org.apache.catalina.core.ApplicationContext.log Destroying Spring FrameworkServlet 'dispatcher'
21-Nov-2018 16:30:29.569 INFO [main] org.apache.catalina.core.ApplicationContext.log Closing Spring root WebApplicationContext
21-Nov-2018 16:30:42.800 INFO [main] org.apache.catalina.core.ApplicationContext.log No Spring WebApplicationInitializer types detected on classpath
21-Nov-2018 16:30:42.965 INFO [main] org.apache.catalina.core.ApplicationContext.log Initializing Spring root WebApplicationContext
21-Nov-2018 16:30:44.430 INFO [main] org.apache.catalina.core.ApplicationContext.log Initializing Spring FrameworkServlet 'dispatcher'
21-Nov-2018 16:30:53.345 INFO [main] org.apache.catalina.core.ApplicationContext.log No Spring WebApplicationInitializer types detected on classpath
21-Nov-2018 16:30:53.524 INFO [main] org.apache.catalina.core.ApplicationContext.log Initializing Spring root WebApplicationContext
21-Nov-2018 16:30:54.598 INFO [main] org.apache.catalina.core.ApplicationContext.log Initializing Spring FrameworkServlet 'dispatcher'
21-Nov-2018 16:30:57.739 INFO [main] org.apache.catalina.core.ApplicationContext.log ContextListener: contextInitialized()
21-Nov-2018 16:30:57.739 INFO [main] org.apache.catalina.core.ApplicationContext.log SessionListener: contextInitialized()
21-Nov-2018 16:30:57.742 INFO [main] org.apache.catalina.core.ApplicationContext.log ContextListener: attributeAdded('StockTicker', 'async.Stockticker@3652dd19')
21-Nov-2018 16:48:08.029 INFO [main] org.apache.catalina.core.ApplicationContext.log SessionListener: contextDestroyed()
21-Nov-2018 16:48:08.029 INFO [main] org.apache.catalina.core.ApplicationContext.log ContextListener: contextDestroyed()
21-Nov-2018 16:48:08.061 INFO [main] org.apache.catalina.core.ApplicationContext.log Destroying Spring FrameworkServlet 'dispatcher'
21-Nov-2018 16:48:08.063 INFO [main] org.apache.catalina.core.ApplicationContext.log Closing Spring root WebApplicationContext
21-Nov-2018 16:48:08.330 SEVERE [http-nio-8080-exec-18] org.apache.catalina.core.StandardWrapperValve.invoke Servlet.service() for servlet [jsp] in context with path [/SHOESWEB] threw exception [An exception occurred processing [/admin/qldanhmuc.jsp] at line [37]

34: 
35:         <%
36:             DanhMucDAO categoryDAO = new DanhMucDAO();
37:             ArrayList<danhmuc> listCategory = categoryDAO.getListCategory();
38:         %>
39: 
40:         <div id="wrapper">


Stacktrace:] with root cause
 java.lang.NullPointerException
	at DAO.DanhMucDAO.getListCategory(DanhMucDAO.java:31)
	at org.apache.jsp.admin.qldanhmuc_jsp._jspService(qldanhmuc_jsp.java:157)
	at org.apache.jasper.runtime.HttpJspBase.service(HttpJspBase.java:70)
	at javax.servlet.http.HttpServlet.service(HttpServlet.java:741)
	at org.apache.jasper.servlet.JspServletWrapper.service(JspServletWrapper.java:458)
	at org.apache.jasper.servlet.JspServlet.serviceJspFile(JspServlet.java:386)
	at org.apache.jasper.servlet.JspServlet.service(JspServlet.java:330)
	at javax.servlet.http.HttpServlet.service(HttpServlet.java:741)
	at org.apache.catalina.core.ApplicationFilterChain.internalDoFilter(ApplicationFilterChain.java:231)
	at org.apache.catalina.core.ApplicationFilterChain.doFilter(ApplicationFilterChain.java:166)
	at org.apache.tomcat.websocket.server.WsFilter.doFilter(WsFilter.java:53)
	at org.apache.catalina.core.ApplicationFilterChain.internalDoFilter(ApplicationFilterChain.java:193)
	at org.apache.catalina.core.ApplicationFilterChain.doFilter(ApplicationFilterChain.java:166)
	at org.apache.catalina.core.StandardWrapperValve.invoke(StandardWrapperValve.java:199)
	at org.apache.catalina.core.StandardContextValve.invoke(StandardContextValve.java:96)
	at org.apache.catalina.authenticator.AuthenticatorBase.invoke(AuthenticatorBase.java:490)
	at org.apache.catalina.core.StandardHostValve.invoke(StandardHostValve.java:139)
	at org.apache.catalina.valves.ErrorReportValve.invoke(ErrorReportValve.java:92)
	at org.apache.catalina.valves.AbstractAccessLogValve.invoke(AbstractAccessLogValve.java:668)
	at org.apache.catalina.core.StandardEngineValve.invoke(StandardEngineValve.java:74)
	at org.apache.catalina.connector.CoyoteAdapter.service(CoyoteAdapter.java:343)
	at org.apache.coyote.http11.Http11Processor.service(Http11Processor.java:408)
	at org.apache.coyote.AbstractProcessorLight.process(AbstractProcessorLight.java:66)
	at org.apache.coyote.AbstractProtocol$ConnectionHandler.process(AbstractProtocol.java:770)
	at org.apache.tomcat.util.net.NioEndpoint$SocketProcessor.doRun(NioEndpoint.java:1415)
	at org.apache.tomcat.util.net.SocketProcessorBase.run(SocketProcessorBase.java:49)
	at java.util.concurrent.ThreadPoolExecutor.runWorker(ThreadPoolExecutor.java:1149)
	at java.util.concurrent.ThreadPoolExecutor$Worker.run(ThreadPoolExecutor.java:624)
	at org.apache.tomcat.util.threads.TaskThread$WrappingRunnable.run(TaskThread.java:61)
	at java.lang.Thread.run(Thread.java:748)

21-Nov-2018 16:48:08.541 INFO [main] org.apache.catalina.core.ApplicationContext.log Destroying Spring FrameworkServlet 'dispatcher'
21-Nov-2018 16:48:08.547 INFO [main] org.apache.catalina.core.ApplicationContext.log Closing Spring root WebApplicationContext
21-Nov-2018 16:48:25.036 INFO [main] org.apache.catalina.core.ApplicationContext.log No Spring WebApplicationInitializer types detected on classpath
21-Nov-2018 16:48:25.291 INFO [main] org.apache.catalina.core.ApplicationContext.log Initializing Spring root WebApplicationContext
21-Nov-2018 16:48:27.547 INFO [main] org.apache.catalina.core.ApplicationContext.log Initializing Spring FrameworkServlet 'dispatcher'
21-Nov-2018 16:48:34.572 INFO [main] org.apache.catalina.core.ApplicationContext.log No Spring WebApplicationInitializer types detected on classpath
21-Nov-2018 16:48:34.635 INFO [main] org.apache.catalina.core.ApplicationContext.log Initializing Spring root WebApplicationContext
21-Nov-2018 16:48:35.204 INFO [main] org.apache.catalina.core.ApplicationContext.log Initializing Spring FrameworkServlet 'dispatcher'
21-Nov-2018 16:48:36.947 INFO [main] org.apache.catalina.core.ApplicationContext.log ContextListener: contextInitialized()
21-Nov-2018 16:48:36.947 INFO [main] org.apache.catalina.core.ApplicationContext.log SessionListener: contextInitialized()
21-Nov-2018 16:48:36.950 INFO [main] org.apache.catalina.core.ApplicationContext.log ContextListener: attributeAdded('StockTicker', 'async.Stockticker@68ee7b3b')
21-Nov-2018 16:52:52.450 INFO [main] org.apache.catalina.core.ApplicationContext.log SessionListener: contextDestroyed()
21-Nov-2018 16:52:52.450 INFO [main] org.apache.catalina.core.ApplicationContext.log ContextListener: contextDestroyed()
21-Nov-2018 16:52:52.467 INFO [main] org.apache.catalina.core.ApplicationContext.log Destroying Spring FrameworkServlet 'dispatcher'
21-Nov-2018 16:52:52.468 INFO [main] org.apache.catalina.core.ApplicationContext.log Closing Spring root WebApplicationContext
21-Nov-2018 16:52:52.529 INFO [main] org.apache.catalina.core.ApplicationContext.log Destroying Spring FrameworkServlet 'dispatcher'
21-Nov-2018 16:52:52.530 INFO [main] org.apache.catalina.core.ApplicationContext.log Closing Spring root WebApplicationContext
21-Nov-2018 16:53:13.735 INFO [main] org.apache.catalina.core.ApplicationContext.log No Spring WebApplicationInitializer types detected on classpath
21-Nov-2018 16:53:13.925 INFO [main] org.apache.catalina.core.ApplicationContext.log Initializing Spring root WebApplicationContext
21-Nov-2018 16:53:15.982 INFO [main] org.apache.catalina.core.ApplicationContext.log Initializing Spring FrameworkServlet 'dispatcher'
21-Nov-2018 16:53:25.361 INFO [main] org.apache.catalina.core.ApplicationContext.log No Spring WebApplicationInitializer types detected on classpath
21-Nov-2018 16:53:25.430 INFO [main] org.apache.catalina.core.ApplicationContext.log Initializing Spring root WebApplicationContext
21-Nov-2018 16:53:26.106 INFO [main] org.apache.catalina.core.ApplicationContext.log Initializing Spring FrameworkServlet 'dispatcher'
21-Nov-2018 16:53:27.700 INFO [main] org.apache.catalina.core.ApplicationContext.log ContextListener: contextInitialized()
21-Nov-2018 16:53:27.700 INFO [main] org.apache.catalina.core.ApplicationContext.log SessionListener: contextInitialized()
21-Nov-2018 16:53:27.703 INFO [main] org.apache.catalina.core.ApplicationContext.log ContextListener: attributeAdded('StockTicker', 'async.Stockticker@68ee7b3b')
21-Nov-2018 17:00:58.566 INFO [main] org.apache.catalina.core.ApplicationContext.log SessionListener: contextDestroyed()
21-Nov-2018 17:00:58.566 INFO [main] org.apache.catalina.core.ApplicationContext.log ContextListener: contextDestroyed()
21-Nov-2018 17:00:58.579 INFO [main] org.apache.catalina.core.ApplicationContext.log Destroying Spring FrameworkServlet 'dispatcher'
21-Nov-2018 17:00:58.581 INFO [main] org.apache.catalina.core.ApplicationContext.log Closing Spring root WebApplicationContext
21-Nov-2018 17:00:58.637 INFO [main] org.apache.catalina.core.ApplicationContext.log Destroying Spring FrameworkServlet 'dispatcher'
21-Nov-2018 17:00:58.640 INFO [main] org.apache.catalina.core.ApplicationContext.log Closing Spring root WebApplicationContext
21-Nov-2018 17:01:40.238 INFO [main] org.apache.catalina.core.ApplicationContext.log No Spring WebApplicationInitializer types detected on classpath
21-Nov-2018 17:01:40.427 INFO [main] org.apache.catalina.core.ApplicationContext.log Initializing Spring root WebApplicationContext
21-Nov-2018 17:01:42.152 INFO [main] org.apache.catalina.core.ApplicationContext.log Initializing Spring FrameworkServlet 'dispatcher'
21-Nov-2018 17:01:51.228 INFO [main] org.apache.catalina.core.ApplicationContext.log No Spring WebApplicationInitializer types detected on classpath
21-Nov-2018 17:01:51.396 INFO [main] org.apache.catalina.core.ApplicationContext.log Initializing Spring root WebApplicationContext
21-Nov-2018 17:01:52.305 INFO [main] org.apache.catalina.core.ApplicationContext.log Initializing Spring FrameworkServlet 'dispatcher'
21-Nov-2018 17:02:05.785 INFO [main] org.apache.catalina.core.ApplicationContext.log ContextListener: contextInitialized()
21-Nov-2018 17:02:05.786 INFO [main] org.apache.catalina.core.ApplicationContext.log SessionListener: contextInitialized()
21-Nov-2018 17:02:05.793 INFO [main] org.apache.catalina.core.ApplicationContext.log ContextListener: attributeAdded('StockTicker', 'async.Stockticker@4ceb368b')
21-Nov-2018 21:53:12.246 INFO [main] org.apache.catalina.core.ApplicationContext.log SessionListener: contextDestroyed()
21-Nov-2018 21:53:12.246 INFO [main] org.apache.catalina.core.ApplicationContext.log ContextListener: contextDestroyed()
21-Nov-2018 21:53:12.435 INFO [main] org.apache.catalina.core.ApplicationContext.log Destroying Spring FrameworkServlet 'dispatcher'
21-Nov-2018 21:53:13.142 INFO [main] org.apache.catalina.core.ApplicationContext.log Closing Spring root WebApplicationContext
21-Nov-2018 21:53:23.600 INFO [main] org.apache.catalina.core.ApplicationContext.log Destroying Spring FrameworkServlet 'dispatcher'
21-Nov-2018 21:53:24.096 INFO [main] org.apache.catalina.core.ApplicationContext.log Closing Spring root WebApplicationContext
21-Nov-2018 21:54:25.097 INFO [main] org.apache.catalina.core.ApplicationContext.log No Spring WebApplicationInitializer types detected on classpath
21-Nov-2018 21:54:25.298 INFO [main] org.apache.catalina.core.ApplicationContext.log Initializing Spring root WebApplicationContext
21-Nov-2018 21:54:27.867 INFO [main] org.apache.catalina.core.ApplicationContext.log Initializing Spring FrameworkServlet 'dispatcher'
21-Nov-2018 21:54:47.498 INFO [main] org.apache.catalina.core.ApplicationContext.log No Spring WebApplicationInitializer types detected on classpath
21-Nov-2018 21:54:47.669 INFO [main] org.apache.catalina.core.ApplicationContext.log Initializing Spring root WebApplicationContext
21-Nov-2018 21:54:48.538 INFO [main] org.apache.catalina.core.ApplicationContext.log Initializing Spring FrameworkServlet 'dispatcher'
21-Nov-2018 21:55:01.953 INFO [main] org.apache.catalina.core.ApplicationContext.log ContextListener: contextInitialized()
21-Nov-2018 21:55:01.955 INFO [main] org.apache.catalina.core.ApplicationContext.log SessionListener: contextInitialized()
21-Nov-2018 21:55:01.969 INFO [main] org.apache.catalina.core.ApplicationContext.log ContextListener: attributeAdded('StockTicker', 'async.Stockticker@15e881c0')
21-Nov-2018 22:25:59.772 INFO [main] org.apache.catalina.core.ApplicationContext.log SessionListener: contextDestroyed()
21-Nov-2018 22:25:59.773 INFO [main] org.apache.catalina.core.ApplicationContext.log ContextListener: contextDestroyed()
21-Nov-2018 22:26:00.456 INFO [main] org.apache.catalina.core.ApplicationContext.log Destroying Spring FrameworkServlet 'dispatcher'
21-Nov-2018 22:26:00.459 INFO [main] org.apache.catalina.core.ApplicationContext.log Closing Spring root WebApplicationContext
21-Nov-2018 22:26:01.638 INFO [main] org.apache.catalina.core.ApplicationContext.log Destroying Spring FrameworkServlet 'dispatcher'
21-Nov-2018 22:26:01.641 INFO [main] org.apache.catalina.core.ApplicationContext.log Closing Spring root WebApplicationContext
21-Nov-2018 22:27:21.348 INFO [main] org.apache.catalina.core.ApplicationContext.log No Spring WebApplicationInitializer types detected on classpath
21-Nov-2018 22:27:21.479 INFO [main] org.apache.catalina.core.ApplicationContext.log Initializing Spring root WebApplicationContext
21-Nov-2018 22:27:23.206 INFO [main] org.apache.catalina.core.ApplicationContext.log Initializing Spring FrameworkServlet 'dispatcher'
21-Nov-2018 22:27:31.844 INFO [main] org.apache.catalina.core.ApplicationContext.log No Spring WebApplicationInitializer types detected on classpath
21-Nov-2018 22:27:31.926 INFO [main] org.apache.catalina.core.ApplicationContext.log Initializing Spring root WebApplicationContext
21-Nov-2018 22:27:32.740 INFO [main] org.apache.catalina.core.ApplicationContext.log Initializing Spring FrameworkServlet 'dispatcher'
21-Nov-2018 22:27:34.867 INFO [main] org.apache.catalina.core.ApplicationContext.log ContextListener: contextInitialized()
21-Nov-2018 22:27:34.868 INFO [main] org.apache.catalina.core.ApplicationContext.log SessionListener: contextInitialized()
21-Nov-2018 22:27:34.872 INFO [main] org.apache.catalina.core.ApplicationContext.log ContextListener: attributeAdded('StockTicker', 'async.Stockticker@68ee7b3b')
21-Nov-2018 22:34:03.368 INFO [main] org.apache.catalina.core.ApplicationContext.log SessionListener: contextDestroyed()
21-Nov-2018 22:34:03.369 INFO [main] org.apache.catalina.core.ApplicationContext.log ContextListener: contextDestroyed()
21-Nov-2018 22:34:03.396 INFO [main] org.apache.catalina.core.ApplicationContext.log Destroying Spring FrameworkServlet 'dispatcher'
21-Nov-2018 22:34:03.400 INFO [main] org.apache.catalina.core.ApplicationContext.log Closing Spring root WebApplicationContext
21-Nov-2018 22:34:03.475 INFO [main] org.apache.catalina.core.ApplicationContext.log Destroying Spring FrameworkServlet 'dispatcher'
21-Nov-2018 22:34:03.483 INFO [main] org.apache.catalina.core.ApplicationContext.log Closing Spring root WebApplicationContext
21-Nov-2018 22:34:19.467 INFO [main] org.apache.catalina.core.ApplicationContext.log No Spring WebApplicationInitializer types detected on classpath
21-Nov-2018 22:34:19.586 INFO [main] org.apache.catalina.core.ApplicationContext.log Initializing Spring root WebApplicationContext
21-Nov-2018 22:34:21.264 INFO [main] org.apache.catalina.core.ApplicationContext.log Initializing Spring FrameworkServlet 'dispatcher'
21-Nov-2018 22:34:31.143 INFO [main] org.apache.catalina.core.ApplicationContext.log No Spring WebApplicationInitializer types detected on classpath
21-Nov-2018 22:34:31.313 INFO [main] org.apache.catalina.core.ApplicationContext.log Initializing Spring root WebApplicationContext
21-Nov-2018 22:34:32.635 INFO [main] org.apache.catalina.core.ApplicationContext.log Initializing Spring FrameworkServlet 'dispatcher'
21-Nov-2018 22:34:35.050 INFO [main] org.apache.catalina.core.ApplicationContext.log ContextListener: contextInitialized()
21-Nov-2018 22:34:35.050 INFO [main] org.apache.catalina.core.ApplicationContext.log SessionListener: contextInitialized()
21-Nov-2018 22:34:35.053 INFO [main] org.apache.catalina.core.ApplicationContext.log ContextListener: attributeAdded('StockTicker', 'async.Stockticker@68ee7b3b')
21-Nov-2018 22:39:39.611 INFO [main] org.apache.catalina.core.ApplicationContext.log SessionListener: contextDestroyed()
21-Nov-2018 22:39:39.611 INFO [main] org.apache.catalina.core.ApplicationContext.log ContextListener: contextDestroyed()
21-Nov-2018 22:39:39.634 INFO [main] org.apache.catalina.core.ApplicationContext.log Destroying Spring FrameworkServlet 'dispatcher'
21-Nov-2018 22:39:39.639 INFO [main] org.apache.catalina.core.ApplicationContext.log Closing Spring root WebApplicationContext
21-Nov-2018 22:39:39.726 INFO [main] org.apache.catalina.core.ApplicationContext.log Destroying Spring FrameworkServlet 'dispatcher'
21-Nov-2018 22:39:39.728 INFO [main] org.apache.catalina.core.ApplicationContext.log Closing Spring root WebApplicationContext
21-Nov-2018 22:39:50.567 INFO [main] org.apache.catalina.core.ApplicationContext.log No Spring WebApplicationInitializer types detected on classpath
21-Nov-2018 22:39:50.702 INFO [main] org.apache.catalina.core.ApplicationContext.log Initializing Spring root WebApplicationContext
21-Nov-2018 22:39:51.855 INFO [main] org.apache.catalina.core.ApplicationContext.log Initializing Spring FrameworkServlet 'dispatcher'
21-Nov-2018 22:40:00.427 INFO [main] org.apache.catalina.core.ApplicationContext.log No Spring WebApplicationInitializer types detected on classpath
21-Nov-2018 22:40:00.521 INFO [main] org.apache.catalina.core.ApplicationContext.log Initializing Spring root WebApplicationContext
21-Nov-2018 22:40:01.339 INFO [main] org.apache.catalina.core.ApplicationContext.log Initializing Spring FrameworkServlet 'dispatcher'
21-Nov-2018 22:40:03.260 INFO [main] org.apache.catalina.core.ApplicationContext.log ContextListener: contextInitialized()
21-Nov-2018 22:40:03.261 INFO [main] org.apache.catalina.core.ApplicationContext.log SessionListener: contextInitialized()
21-Nov-2018 22:40:03.271 INFO [main] org.apache.catalina.core.ApplicationContext.log ContextListener: attributeAdded('StockTicker', 'async.Stockticker@68ee7b3b')
21-Nov-2018 22:43:10.765 INFO [main] org.apache.catalina.core.ApplicationContext.log SessionListener: contextDestroyed()
21-Nov-2018 22:43:10.765 INFO [main] org.apache.catalina.core.ApplicationContext.log ContextListener: contextDestroyed()
21-Nov-2018 22:43:10.781 INFO [main] org.apache.catalina.core.ApplicationContext.log Destroying Spring FrameworkServlet 'dispatcher'
21-Nov-2018 22:43:10.783 INFO [main] org.apache.catalina.core.ApplicationContext.log Closing Spring root WebApplicationContext
21-Nov-2018 22:43:10.896 INFO [main] org.apache.catalina.core.ApplicationContext.log Destroying Spring FrameworkServlet 'dispatcher'
21-Nov-2018 22:43:10.910 INFO [main] org.apache.catalina.core.ApplicationContext.log Closing Spring root WebApplicationContext
21-Nov-2018 22:43:21.990 INFO [main] org.apache.catalina.core.ApplicationContext.log No Spring WebApplicationInitializer types detected on classpath
21-Nov-2018 22:43:22.059 INFO [main] org.apache.catalina.core.ApplicationContext.log Initializing Spring root WebApplicationContext
21-Nov-2018 22:43:22.895 INFO [main] org.apache.catalina.core.ApplicationContext.log Initializing Spring FrameworkServlet 'dispatcher'
21-Nov-2018 22:43:29.052 INFO [main] org.apache.catalina.core.ApplicationContext.log No Spring WebApplicationInitializer types detected on classpath
21-Nov-2018 22:43:29.117 INFO [main] org.apache.catalina.core.ApplicationContext.log Initializing Spring root WebApplicationContext
21-Nov-2018 22:43:29.767 INFO [main] org.apache.catalina.core.ApplicationContext.log Initializing Spring FrameworkServlet 'dispatcher'
21-Nov-2018 22:43:31.308 INFO [main] org.apache.catalina.core.ApplicationContext.log ContextListener: contextInitialized()
21-Nov-2018 22:43:31.308 INFO [main] org.apache.catalina.core.ApplicationContext.log SessionListener: contextInitialized()
21-Nov-2018 22:43:31.310 INFO [main] org.apache.catalina.core.ApplicationContext.log ContextListener: attributeAdded('StockTicker', 'async.Stockticker@68ee7b3b')
21-Nov-2018 23:03:00.019 SEVERE [http-nio-8080-exec-16] org.apache.catalina.core.StandardWrapperValve.invoke Servlet.service() for servlet [jsp] in context with path [/SHOESWEB] threw exception [An exception occurred processing [admin/qldanhmuc.jsp] at line [40]

37: 
38:         <%
39:             DanhMucDAO categoryDAO = new DanhMucDAO();
40:             ArrayList<danhmuc> listCategory = categoryDAO.getListCategory();
41:         %>
42: 
43:         <div id="wrapper">


Stacktrace:] with root cause
 java.lang.NullPointerException
	at DAO.DanhMucDAO.getListCategory(DanhMucDAO.java:31)
	at org.apache.jsp.admin.qldanhmuc_jsp._jspService(qldanhmuc_jsp.java:158)
	at org.apache.jasper.runtime.HttpJspBase.service(HttpJspBase.java:70)
	at javax.servlet.http.HttpServlet.service(HttpServlet.java:741)
	at org.apache.jasper.servlet.JspServletWrapper.service(JspServletWrapper.java:458)
	at org.apache.jasper.servlet.JspServlet.serviceJspFile(JspServlet.java:386)
	at org.apache.jasper.servlet.JspServlet.service(JspServlet.java:330)
	at javax.servlet.http.HttpServlet.service(HttpServlet.java:741)
	at org.apache.catalina.core.ApplicationFilterChain.internalDoFilter(ApplicationFilterChain.java:231)
	at org.apache.catalina.core.ApplicationFilterChain.doFilter(ApplicationFilterChain.java:166)
	at org.apache.tomcat.websocket.server.WsFilter.doFilter(WsFilter.java:53)
	at org.apache.catalina.core.ApplicationFilterChain.internalDoFilter(ApplicationFilterChain.java:193)
	at org.apache.catalina.core.ApplicationFilterChain.doFilter(ApplicationFilterChain.java:166)
	at org.apache.catalina.core.StandardWrapperValve.invoke(StandardWrapperValve.java:199)
	at org.apache.catalina.core.StandardContextValve.invoke(StandardContextValve.java:96)
	at org.apache.catalina.authenticator.AuthenticatorBase.invoke(AuthenticatorBase.java:490)
	at org.apache.catalina.core.StandardHostValve.invoke(StandardHostValve.java:139)
	at org.apache.catalina.valves.ErrorReportValve.invoke(ErrorReportValve.java:92)
	at org.apache.catalina.valves.AbstractAccessLogValve.invoke(AbstractAccessLogValve.java:668)
	at org.apache.catalina.core.StandardEngineValve.invoke(StandardEngineValve.java:74)
	at org.apache.catalina.connector.CoyoteAdapter.service(CoyoteAdapter.java:343)
	at org.apache.coyote.http11.Http11Processor.service(Http11Processor.java:408)
	at org.apache.coyote.AbstractProcessorLight.process(AbstractProcessorLight.java:66)
	at org.apache.coyote.AbstractProtocol$ConnectionHandler.process(AbstractProtocol.java:770)
	at org.apache.tomcat.util.net.NioEndpoint$SocketProcessor.doRun(NioEndpoint.java:1415)
	at org.apache.tomcat.util.net.SocketProcessorBase.run(SocketProcessorBase.java:49)
	at java.util.concurrent.ThreadPoolExecutor.runWorker(ThreadPoolExecutor.java:1149)
	at java.util.concurrent.ThreadPoolExecutor$Worker.run(ThreadPoolExecutor.java:624)
	at org.apache.tomcat.util.threads.TaskThread$WrappingRunnable.run(TaskThread.java:61)
	at java.lang.Thread.run(Thread.java:748)

21-Nov-2018 23:10:03.904 INFO [main] org.apache.catalina.core.ApplicationContext.log SessionListener: contextDestroyed()
21-Nov-2018 23:10:03.904 INFO [main] org.apache.catalina.core.ApplicationContext.log ContextListener: contextDestroyed()
21-Nov-2018 23:10:06.905 INFO [main] org.apache.catalina.core.ApplicationContext.log Destroying Spring FrameworkServlet 'dispatcher'
21-Nov-2018 23:10:08.866 INFO [main] org.apache.catalina.core.ApplicationContext.log Closing Spring root WebApplicationContext
21-Nov-2018 23:10:14.129 INFO [main] org.apache.catalina.core.ApplicationContext.log Destroying Spring FrameworkServlet 'dispatcher'
21-Nov-2018 23:10:14.649 INFO [main] org.apache.catalina.core.ApplicationContext.log Closing Spring root WebApplicationContext
21-Nov-2018 23:10:41.243 INFO [main] org.apache.catalina.core.ApplicationContext.log No Spring WebApplicationInitializer types detected on classpath
21-Nov-2018 23:10:41.330 INFO [main] org.apache.catalina.core.ApplicationContext.log Initializing Spring root WebApplicationContext
21-Nov-2018 23:10:43.449 INFO [main] org.apache.catalina.core.ApplicationContext.log Initializing Spring FrameworkServlet 'dispatcher'
21-Nov-2018 23:10:51.810 INFO [main] org.apache.catalina.core.ApplicationContext.log No Spring WebApplicationInitializer types detected on classpath
21-Nov-2018 23:10:51.874 INFO [main] org.apache.catalina.core.ApplicationContext.log Initializing Spring root WebApplicationContext
21-Nov-2018 23:10:52.817 INFO [main] org.apache.catalina.core.ApplicationContext.log Initializing Spring FrameworkServlet 'dispatcher'
21-Nov-2018 23:10:56.499 INFO [main] org.apache.catalina.core.ApplicationContext.log ContextListener: contextInitialized()
21-Nov-2018 23:10:56.499 INFO [main] org.apache.catalina.core.ApplicationContext.log SessionListener: contextInitialized()
21-Nov-2018 23:10:56.503 INFO [main] org.apache.catalina.core.ApplicationContext.log ContextListener: attributeAdded('StockTicker', 'async.Stockticker@68ee7b3b')
21-Nov-2018 23:13:28.939 INFO [main] org.apache.catalina.core.ApplicationContext.log SessionListener: contextDestroyed()
21-Nov-2018 23:13:28.939 INFO [main] org.apache.catalina.core.ApplicationContext.log ContextListener: contextDestroyed()
21-Nov-2018 23:13:28.955 INFO [main] org.apache.catalina.core.ApplicationContext.log Destroying Spring FrameworkServlet 'dispatcher'
21-Nov-2018 23:13:28.959 INFO [main] org.apache.catalina.core.ApplicationContext.log Closing Spring root WebApplicationContext
21-Nov-2018 23:13:29.022 INFO [main] org.apache.catalina.core.ApplicationContext.log Destroying Spring FrameworkServlet 'dispatcher'
21-Nov-2018 23:13:29.024 INFO [main] org.apache.catalina.core.ApplicationContext.log Closing Spring root WebApplicationContext
21-Nov-2018 23:14:07.557 INFO [main] org.apache.catalina.core.ApplicationContext.log No Spring WebApplicationInitializer types detected on classpath
21-Nov-2018 23:14:07.640 INFO [main] org.apache.catalina.core.ApplicationContext.log Initializing Spring root WebApplicationContext
21-Nov-2018 23:14:08.727 INFO [main] org.apache.catalina.core.ApplicationContext.log Initializing Spring FrameworkServlet 'dispatcher'
21-Nov-2018 23:14:15.570 INFO [main] org.apache.catalina.core.ApplicationContext.log No Spring WebApplicationInitializer types detected on classpath
21-Nov-2018 23:14:15.670 INFO [main] org.apache.catalina.core.ApplicationContext.log Initializing Spring root WebApplicationContext
21-Nov-2018 23:14:16.649 INFO [main] org.apache.catalina.core.ApplicationContext.log Initializing Spring FrameworkServlet 'dispatcher'
21-Nov-2018 23:14:19.545 INFO [main] org.apache.catalina.core.ApplicationContext.log ContextListener: contextInitialized()
21-Nov-2018 23:14:19.545 INFO [main] org.apache.catalina.core.ApplicationContext.log SessionListener: contextInitialized()
21-Nov-2018 23:14:19.548 INFO [main] org.apache.catalina.core.ApplicationContext.log ContextListener: attributeAdded('StockTicker', 'async.Stockticker@68ee7b3b')
