09-Dec-2018 00:16:19.617 INFO [main] org.apache.catalina.core.ApplicationContext.log SessionListener: contextDestroyed()
09-Dec-2018 00:16:19.617 INFO [main] org.apache.catalina.core.ApplicationContext.log ContextListener: contextDestroyed()
09-Dec-2018 00:16:19.629 INFO [main] org.apache.catalina.core.ApplicationContext.log Destroying Spring FrameworkServlet 'dispatcher'
09-Dec-2018 00:16:19.629 INFO [main] org.apache.catalina.core.ApplicationContext.log Closing Spring root WebApplicationContext
09-Dec-2018 00:16:20.635 INFO [main] org.apache.catalina.core.ApplicationContext.log Destroying Spring FrameworkServlet 'dispatcher'
09-Dec-2018 00:16:20.639 INFO [main] org.apache.catalina.core.ApplicationContext.log Closing Spring root WebApplicationContext
09-Dec-2018 00:16:39.686 INFO [main] org.apache.catalina.core.ApplicationContext.log No Spring WebApplicationInitializer types detected on classpath
09-Dec-2018 00:16:39.842 INFO [main] org.apache.catalina.core.ApplicationContext.log Initializing Spring root WebApplicationContext
09-Dec-2018 00:16:42.113 INFO [main] org.apache.catalina.core.ApplicationContext.log Initializing Spring FrameworkServlet 'dispatcher'
09-Dec-2018 00:16:48.672 INFO [main] org.apache.catalina.core.ApplicationContext.log No Spring WebApplicationInitializer types detected on classpath
09-Dec-2018 00:16:48.760 INFO [main] org.apache.catalina.core.ApplicationContext.log Initializing Spring root WebApplicationContext
09-Dec-2018 00:16:49.635 INFO [main] org.apache.catalina.core.ApplicationContext.log Initializing Spring FrameworkServlet 'dispatcher'
09-Dec-2018 00:16:51.816 INFO [main] org.apache.catalina.core.ApplicationContext.log ContextListener: contextInitialized()
09-Dec-2018 00:16:51.816 INFO [main] org.apache.catalina.core.ApplicationContext.log SessionListener: contextInitialized()
09-Dec-2018 00:16:51.816 INFO [main] org.apache.catalina.core.ApplicationContext.log ContextListener: attributeAdded('StockTicker', 'async.Stockticker@68ee7b3b')
09-Dec-2018 00:22:50.916 INFO [main] org.apache.catalina.core.ApplicationContext.log SessionListener: contextDestroyed()
09-Dec-2018 00:22:50.916 INFO [main] org.apache.catalina.core.ApplicationContext.log ContextListener: contextDestroyed()
09-Dec-2018 00:22:50.924 INFO [main] org.apache.catalina.core.ApplicationContext.log Destroying Spring FrameworkServlet 'dispatcher'
09-Dec-2018 00:22:50.928 INFO [main] org.apache.catalina.core.ApplicationContext.log Closing Spring root WebApplicationContext
09-Dec-2018 00:22:50.956 INFO [main] org.apache.catalina.core.ApplicationContext.log Destroying Spring FrameworkServlet 'dispatcher'
09-Dec-2018 00:22:50.956 INFO [main] org.apache.catalina.core.ApplicationContext.log Closing Spring root WebApplicationContext
09-Dec-2018 00:23:03.800 INFO [main] org.apache.catalina.core.ApplicationContext.log No Spring WebApplicationInitializer types detected on classpath
09-Dec-2018 00:23:03.876 INFO [main] org.apache.catalina.core.ApplicationContext.log Initializing Spring root WebApplicationContext
09-Dec-2018 00:23:04.900 INFO [main] org.apache.catalina.core.ApplicationContext.log Initializing Spring FrameworkServlet 'dispatcher'
09-Dec-2018 00:23:13.244 INFO [main] org.apache.catalina.core.ApplicationContext.log No Spring WebApplicationInitializer types detected on classpath
09-Dec-2018 00:23:13.316 INFO [main] org.apache.catalina.core.ApplicationContext.log Initializing Spring root WebApplicationContext
09-Dec-2018 00:23:14.124 INFO [main] org.apache.catalina.core.ApplicationContext.log Initializing Spring FrameworkServlet 'dispatcher'
09-Dec-2018 00:23:15.975 INFO [main] org.apache.catalina.core.ApplicationContext.log ContextListener: contextInitialized()
09-Dec-2018 00:23:15.975 INFO [main] org.apache.catalina.core.ApplicationContext.log SessionListener: contextInitialized()
09-Dec-2018 00:23:15.979 INFO [main] org.apache.catalina.core.ApplicationContext.log ContextListener: attributeAdded('StockTicker', 'async.Stockticker@68ee7b3b')
09-Dec-2018 00:27:37.213 INFO [main] org.apache.catalina.core.ApplicationContext.log SessionListener: contextDestroyed()
09-Dec-2018 00:27:37.213 INFO [main] org.apache.catalina.core.ApplicationContext.log ContextListener: contextDestroyed()
09-Dec-2018 00:27:37.221 INFO [main] org.apache.catalina.core.ApplicationContext.log Destroying Spring FrameworkServlet 'dispatcher'
09-Dec-2018 00:27:37.225 INFO [main] org.apache.catalina.core.ApplicationContext.log Closing Spring root WebApplicationContext
09-Dec-2018 00:27:37.265 INFO [main] org.apache.catalina.core.ApplicationContext.log Destroying Spring FrameworkServlet 'dispatcher'
09-Dec-2018 00:27:37.265 INFO [main] org.apache.catalina.core.ApplicationContext.log Closing Spring root WebApplicationContext
09-Dec-2018 00:27:51.340 INFO [main] org.apache.catalina.core.ApplicationContext.log No Spring WebApplicationInitializer types detected on classpath
09-Dec-2018 00:27:51.544 INFO [main] org.apache.catalina.core.ApplicationContext.log Initializing Spring root WebApplicationContext
09-Dec-2018 00:27:52.744 INFO [main] org.apache.catalina.core.ApplicationContext.log Initializing Spring FrameworkServlet 'dispatcher'
09-Dec-2018 00:28:00.706 INFO [main] org.apache.catalina.core.ApplicationContext.log No Spring WebApplicationInitializer types detected on classpath
09-Dec-2018 00:28:00.850 INFO [main] org.apache.catalina.core.ApplicationContext.log Initializing Spring root WebApplicationContext
09-Dec-2018 00:28:01.814 INFO [main] org.apache.catalina.core.ApplicationContext.log Initializing Spring FrameworkServlet 'dispatcher'
09-Dec-2018 00:28:04.307 INFO [main] org.apache.catalina.core.ApplicationContext.log ContextListener: contextInitialized()
09-Dec-2018 00:28:04.307 INFO [main] org.apache.catalina.core.ApplicationContext.log SessionListener: contextInitialized()
09-Dec-2018 00:28:04.311 INFO [main] org.apache.catalina.core.ApplicationContext.log ContextListener: attributeAdded('StockTicker', 'async.Stockticker@68ee7b3b')
09-Dec-2018 00:31:00.445 INFO [main] org.apache.catalina.core.ApplicationContext.log SessionListener: contextDestroyed()
09-Dec-2018 00:31:00.445 INFO [main] org.apache.catalina.core.ApplicationContext.log ContextListener: contextDestroyed()
09-Dec-2018 00:31:00.461 INFO [main] org.apache.catalina.core.ApplicationContext.log Destroying Spring FrameworkServlet 'dispatcher'
09-Dec-2018 00:31:00.461 INFO [main] org.apache.catalina.core.ApplicationContext.log Closing Spring root WebApplicationContext
09-Dec-2018 00:31:00.633 INFO [main] org.apache.catalina.core.ApplicationContext.log Destroying Spring FrameworkServlet 'dispatcher'
09-Dec-2018 00:31:00.649 INFO [main] org.apache.catalina.core.ApplicationContext.log Closing Spring root WebApplicationContext
