24-Dec-2018 17:03:59.874 INFO [main] org.apache.catalina.core.ApplicationContext.log No Spring WebApplicationInitializer types detected on classpath
24-Dec-2018 17:04:00.167 INFO [main] org.apache.catalina.core.ApplicationContext.log Initializing Spring root WebApplicationContext
24-Dec-2018 17:04:02.632 INFO [main] org.apache.catalina.core.ApplicationContext.log Initializing Spring FrameworkServlet 'dispatcher'
24-Dec-2018 17:04:25.953 INFO [main] org.apache.catalina.core.ApplicationContext.log No Spring WebApplicationInitializer types detected on classpath
24-Dec-2018 17:04:26.034 INFO [main] org.apache.catalina.core.ApplicationContext.log Initializing Spring root WebApplicationContext
24-Dec-2018 17:04:26.761 INFO [main] org.apache.catalina.core.ApplicationContext.log Initializing Spring FrameworkServlet 'dispatcher'
24-Dec-2018 17:04:30.876 INFO [main] org.apache.catalina.core.ApplicationContext.log ContextListener: contextInitialized()
24-Dec-2018 17:04:30.877 INFO [main] org.apache.catalina.core.ApplicationContext.log SessionListener: contextInitialized()
24-Dec-2018 17:04:30.882 INFO [main] org.apache.catalina.core.ApplicationContext.log ContextListener: attributeAdded('StockTicker', 'async.Stockticker@5b132063')
24-Dec-2018 17:54:21.984 INFO [main] org.apache.catalina.core.ApplicationContext.log SessionListener: contextDestroyed()
24-Dec-2018 17:54:21.984 INFO [main] org.apache.catalina.core.ApplicationContext.log ContextListener: contextDestroyed()
24-Dec-2018 17:54:25.070 INFO [main] org.apache.catalina.core.ApplicationContext.log Destroying Spring FrameworkServlet 'dispatcher'
24-Dec-2018 17:54:25.314 INFO [main] org.apache.catalina.core.ApplicationContext.log Closing Spring root WebApplicationContext
24-Dec-2018 17:54:30.757 INFO [main] org.apache.catalina.core.ApplicationContext.log Destroying Spring FrameworkServlet 'dispatcher'
24-Dec-2018 17:54:30.961 INFO [main] org.apache.catalina.core.ApplicationContext.log Closing Spring root WebApplicationContext
24-Dec-2018 17:55:02.037 INFO [main] org.apache.catalina.core.ApplicationContext.log No Spring WebApplicationInitializer types detected on classpath
24-Dec-2018 17:55:02.194 INFO [main] org.apache.catalina.core.ApplicationContext.log Initializing Spring root WebApplicationContext
24-Dec-2018 17:55:03.427 INFO [main] org.apache.catalina.core.ApplicationContext.log Initializing Spring FrameworkServlet 'dispatcher'
24-Dec-2018 17:55:21.375 INFO [main] org.apache.catalina.core.ApplicationContext.log No Spring WebApplicationInitializer types detected on classpath
24-Dec-2018 17:55:21.438 INFO [main] org.apache.catalina.core.ApplicationContext.log Initializing Spring root WebApplicationContext
24-Dec-2018 17:55:22.109 INFO [main] org.apache.catalina.core.ApplicationContext.log Initializing Spring FrameworkServlet 'dispatcher'
24-Dec-2018 17:55:24.108 INFO [main] org.apache.catalina.core.ApplicationContext.log ContextListener: contextInitialized()
24-Dec-2018 17:55:24.108 INFO [main] org.apache.catalina.core.ApplicationContext.log SessionListener: contextInitialized()
24-Dec-2018 17:55:24.108 INFO [main] org.apache.catalina.core.ApplicationContext.log ContextListener: attributeAdded('StockTicker', 'async.Stockticker@64c1a76e')
24-Dec-2018 18:39:21.236 INFO [main] org.apache.catalina.core.ApplicationContext.log SessionListener: contextDestroyed()
24-Dec-2018 18:39:21.236 INFO [main] org.apache.catalina.core.ApplicationContext.log ContextListener: contextDestroyed()
24-Dec-2018 18:39:29.330 INFO [main] org.apache.catalina.core.ApplicationContext.log Destroying Spring FrameworkServlet 'dispatcher'
24-Dec-2018 18:39:32.370 INFO [main] org.apache.catalina.core.ApplicationContext.log Closing Spring root WebApplicationContext
24-Dec-2018 18:39:42.510 INFO [main] org.apache.catalina.core.ApplicationContext.log Destroying Spring FrameworkServlet 'dispatcher'
24-Dec-2018 18:39:43.213 INFO [main] org.apache.catalina.core.ApplicationContext.log Closing Spring root WebApplicationContext
24-Dec-2018 20:53:59.658 INFO [main] org.apache.catalina.core.ApplicationContext.log No Spring WebApplicationInitializer types detected on classpath
24-Dec-2018 20:54:00.080 INFO [main] org.apache.catalina.core.ApplicationContext.log Initializing Spring root WebApplicationContext
24-Dec-2018 20:54:01.548 INFO [main] org.apache.catalina.core.ApplicationContext.log Initializing Spring FrameworkServlet 'dispatcher'
24-Dec-2018 20:54:17.541 INFO [main] org.apache.catalina.core.ApplicationContext.log No Spring WebApplicationInitializer types detected on classpath
24-Dec-2018 20:54:17.635 INFO [main] org.apache.catalina.core.ApplicationContext.log Initializing Spring root WebApplicationContext
24-Dec-2018 20:54:18.338 INFO [main] org.apache.catalina.core.ApplicationContext.log Initializing Spring FrameworkServlet 'dispatcher'
24-Dec-2018 20:54:20.416 INFO [main] org.apache.catalina.core.ApplicationContext.log ContextListener: contextInitialized()
24-Dec-2018 20:54:20.416 INFO [main] org.apache.catalina.core.ApplicationContext.log SessionListener: contextInitialized()
24-Dec-2018 20:54:20.416 INFO [main] org.apache.catalina.core.ApplicationContext.log ContextListener: attributeAdded('StockTicker', 'async.Stockticker@5b132063')
