17-Dec-2018 23:35:02.402 INFO [main] org.apache.catalina.core.ApplicationContext.log No Spring WebApplicationInitializer types detected on classpath
17-Dec-2018 23:35:02.621 INFO [main] org.apache.catalina.core.ApplicationContext.log Initializing Spring root WebApplicationContext
17-Dec-2018 23:35:04.462 INFO [main] org.apache.catalina.core.ApplicationContext.log Initializing Spring FrameworkServlet 'dispatcher'
17-Dec-2018 23:35:25.296 INFO [main] org.apache.catalina.core.ApplicationContext.log No Spring WebApplicationInitializer types detected on classpath
17-Dec-2018 23:35:25.395 INFO [main] org.apache.catalina.core.ApplicationContext.log Initializing Spring root WebApplicationContext
17-Dec-2018 23:35:26.035 INFO [main] org.apache.catalina.core.ApplicationContext.log Initializing Spring FrameworkServlet 'dispatcher'
17-Dec-2018 23:35:28.473 INFO [main] org.apache.catalina.core.ApplicationContext.log ContextListener: contextInitialized()
17-Dec-2018 23:35:28.477 INFO [main] org.apache.catalina.core.ApplicationContext.log SessionListener: contextInitialized()
17-Dec-2018 23:35:28.480 INFO [main] org.apache.catalina.core.ApplicationContext.log ContextListener: attributeAdded('StockTicker', 'async.Stockticker@68ee7b3b')
17-Dec-2018 23:49:03.786 INFO [main] org.apache.catalina.core.ApplicationContext.log SessionListener: contextDestroyed()
17-Dec-2018 23:49:03.787 INFO [main] org.apache.catalina.core.ApplicationContext.log ContextListener: contextDestroyed()
17-Dec-2018 23:49:03.803 INFO [main] org.apache.catalina.core.ApplicationContext.log Destroying Spring FrameworkServlet 'dispatcher'
17-Dec-2018 23:49:03.805 INFO [main] org.apache.catalina.core.ApplicationContext.log Closing Spring root WebApplicationContext
17-Dec-2018 23:49:03.954 INFO [main] org.apache.catalina.core.ApplicationContext.log Destroying Spring FrameworkServlet 'dispatcher'
17-Dec-2018 23:49:03.956 INFO [main] org.apache.catalina.core.ApplicationContext.log Closing Spring root WebApplicationContext
17-Dec-2018 23:49:33.436 INFO [main] org.apache.catalina.core.ApplicationContext.log No Spring WebApplicationInitializer types detected on classpath
17-Dec-2018 23:49:33.633 INFO [main] org.apache.catalina.core.ApplicationContext.log Initializing Spring root WebApplicationContext
17-Dec-2018 23:49:35.181 INFO [main] org.apache.catalina.core.ApplicationContext.log Initializing Spring FrameworkServlet 'dispatcher'
17-Dec-2018 23:49:50.488 INFO [main] org.apache.catalina.core.ApplicationContext.log No Spring WebApplicationInitializer types detected on classpath
17-Dec-2018 23:49:50.686 INFO [main] org.apache.catalina.core.ApplicationContext.log Initializing Spring root WebApplicationContext
17-Dec-2018 23:49:52.095 INFO [main] org.apache.catalina.core.ApplicationContext.log Initializing Spring FrameworkServlet 'dispatcher'
17-Dec-2018 23:49:54.651 INFO [main] org.apache.catalina.core.ApplicationContext.log ContextListener: contextInitialized()
17-Dec-2018 23:49:54.652 INFO [main] org.apache.catalina.core.ApplicationContext.log SessionListener: contextInitialized()
17-Dec-2018 23:49:54.668 INFO [main] org.apache.catalina.core.ApplicationContext.log ContextListener: attributeAdded('StockTicker', 'async.Stockticker@68ee7b3b')
