16-Sep-2018 10:34:15.005 INFO [main] org.apache.catalina.core.ApplicationContext.log ContextListener: contextInitialized()
16-Sep-2018 10:34:15.005 INFO [main] org.apache.catalina.core.ApplicationContext.log SessionListener: contextInitialized()
16-Sep-2018 10:34:15.009 INFO [main] org.apache.catalina.core.ApplicationContext.log ContextListener: attributeAdded('StockTicker', 'async.Stockticker@489115ef')
16-Sep-2018 10:34:36.530 INFO [http-nio-8080-exec-3] org.apache.catalina.core.ApplicationContext.log No Spring WebApplicationInitializer types detected on classpath
16-Sep-2018 10:34:36.756 INFO [http-nio-8080-exec-3] org.apache.catalina.core.ApplicationContext.log Initializing Spring root WebApplicationContext
16-Sep-2018 10:34:37.923 INFO [http-nio-8080-exec-3] org.apache.catalina.core.ApplicationContext.log Initializing Spring FrameworkServlet 'dispatcher'
16-Sep-2018 10:40:36.783 INFO [http-nio-8080-exec-10] org.apache.catalina.core.ApplicationContext.log Destroying Spring FrameworkServlet 'dispatcher'
16-Sep-2018 10:40:37.013 INFO [http-nio-8080-exec-10] org.apache.catalina.core.ApplicationContext.log Closing Spring root WebApplicationContext
16-Sep-2018 10:40:44.706 INFO [http-nio-8080-exec-10] org.apache.catalina.core.ApplicationContext.log No Spring WebApplicationInitializer types detected on classpath
16-Sep-2018 10:40:44.791 INFO [http-nio-8080-exec-10] org.apache.catalina.core.ApplicationContext.log Initializing Spring root WebApplicationContext
16-Sep-2018 10:40:45.517 INFO [http-nio-8080-exec-10] org.apache.catalina.core.ApplicationContext.log Initializing Spring FrameworkServlet 'dispatcher'
16-Sep-2018 10:44:19.349 INFO [http-nio-8080-exec-12] org.apache.catalina.core.ApplicationContext.log Destroying Spring FrameworkServlet 'dispatcher'
16-Sep-2018 10:44:19.373 INFO [http-nio-8080-exec-12] org.apache.catalina.core.ApplicationContext.log Closing Spring root WebApplicationContext
16-Sep-2018 10:44:22.301 INFO [http-nio-8080-exec-12] org.apache.catalina.core.ApplicationContext.log No Spring WebApplicationInitializer types detected on classpath
16-Sep-2018 10:44:22.377 INFO [http-nio-8080-exec-12] org.apache.catalina.core.ApplicationContext.log Initializing Spring root WebApplicationContext
16-Sep-2018 10:44:22.927 INFO [http-nio-8080-exec-12] org.apache.catalina.core.ApplicationContext.log Initializing Spring FrameworkServlet 'dispatcher'
16-Sep-2018 11:01:14.607 INFO [main] org.apache.catalina.core.ApplicationContext.log SessionListener: contextDestroyed()
16-Sep-2018 11:01:14.607 INFO [main] org.apache.catalina.core.ApplicationContext.log ContextListener: contextDestroyed()
16-Sep-2018 11:01:14.667 INFO [main] org.apache.catalina.core.ApplicationContext.log Destroying Spring FrameworkServlet 'dispatcher'
16-Sep-2018 11:01:14.703 INFO [main] org.apache.catalina.core.ApplicationContext.log Closing Spring root WebApplicationContext
